<?xml version="1.0" encoding="UTF-8"?>
<robot generator="Robot 6.0 (Python 3.10.7 on win32)" generated="20230906 12:31:05.797" rpa="false" schemaversion="3">
<suite id="s1" name="Registration" source="C:\Users\Johnbabu\Documents\00All_Automation_scripts\00TNREGDEMO\Tests\Registration.robot">
<test id="s1-t1" name="Access the Home page" line="14">
<kw name="Begin Test" library="Common">
<kw name="Open Browser" library="SeleniumLibrary">
<arg>about:blank</arg>
<arg>${BROWSER}</arg>
<arg>options=add_argument("--ignore-certificate-errors")</arg>
<doc>Opens a new browser instance to the optional ``url``.</doc>
<msg timestamp="20230906 12:31:06.373" level="INFO">Opening browser 'chrome' to base url 'about:blank'.</msg>
<status status="PASS" starttime="20230906 12:31:06.357" endtime="20230906 12:31:07.577"/>
</kw>
<kw name="Maximize Browser Window" library="SeleniumLibrary">
<doc>Maximizes current browser window.</doc>
<status status="PASS" starttime="20230906 12:31:07.577" endtime="20230906 12:31:07.707"/>
</kw>
<status status="PASS" starttime="20230906 12:31:06.357" endtime="20230906 12:31:07.707"/>
</kw>
<kw name="Goto landingpage" library="Registration_App">
<kw name="Goto page" library="LandingPage">
<kw name="Go To" library="SeleniumLibrary">
<arg>${URL}</arg>
<doc>Navigates the current browser window to the provided ``url``.</doc>
<msg timestamp="20230906 12:31:07.707" level="INFO">Opening url 'https://tnreginet.gov.in/portal/'</msg>
<status status="PASS" starttime="20230906 12:31:07.707" endtime="20230906 12:31:10.093"/>
</kw>
<kw name="Wait Until Element Is Visible" library="SeleniumLibrary">
<arg>//input[@name="username"]</arg>
<doc>Waits until the element ``locator`` is visible.</doc>
<status status="PASS" starttime="20230906 12:31:10.093" endtime="20230906 12:31:10.116"/>
</kw>
<kw name="Click Element" library="SeleniumLibrary">
<arg>//input[@name="username"]</arg>
<doc>Click the element identified by ``locator``.</doc>
<msg timestamp="20230906 12:31:10.116" level="INFO">Clicking element '//input[@name="username"]'.</msg>
<status status="PASS" starttime="20230906 12:31:10.116" endtime="20230906 12:31:10.201"/>
</kw>
<kw name="Input Text" library="SeleniumLibrary">
<arg>//input[@name="username"]</arg>
<arg>${username}</arg>
<doc>Types the given ``text`` into the text field identified by ``locator``.</doc>
<msg timestamp="20230906 12:31:10.201" level="INFO">Typing text 'dineshnethaji' into text field '//input[@name="username"]'.</msg>
<status status="PASS" starttime="20230906 12:31:10.201" endtime="20230906 12:31:10.317"/>
</kw>
<kw name="Wait Until Element Is Visible" library="SeleniumLibrary">
<arg>//input[@name="password"]</arg>
<doc>Waits until the element ``locator`` is visible.</doc>
<status status="PASS" starttime="20230906 12:31:10.317" endtime="20230906 12:31:10.342"/>
</kw>
<kw name="Click Element" library="SeleniumLibrary">
<arg>//input[@name="password"]</arg>
<doc>Click the element identified by ``locator``.</doc>
<msg timestamp="20230906 12:31:10.342" level="INFO">Clicking element '//input[@name="password"]'.</msg>
<status status="PASS" starttime="20230906 12:31:10.342" endtime="20230906 12:31:10.399"/>
</kw>
<kw name="Input Text" library="SeleniumLibrary">
<arg>//input[@name="password"]</arg>
<arg>${password}</arg>
<doc>Types the given ``text`` into the text field identified by ``locator``.</doc>
<msg timestamp="20230906 12:31:10.399" level="INFO">Typing text 'P{Nap)8~RSNs*iy' into text field '//input[@name="password"]'.</msg>
<status status="PASS" starttime="20230906 12:31:10.399" endtime="20230906 12:31:10.516"/>
</kw>
<kw name="Sleep" library="BuiltIn">
<arg>10s</arg>
<doc>Pauses the test executed for the given time.</doc>
<msg timestamp="20230906 12:31:20.524" level="INFO">Slept 10 seconds</msg>
<status status="PASS" starttime="20230906 12:31:10.517" endtime="20230906 12:31:20.525"/>
</kw>
<kw name="Wait Until Element Is Visible" library="SeleniumLibrary">
<arg>//input[@value="உள்நுழைவு"]</arg>
<doc>Waits until the element ``locator`` is visible.</doc>
<status status="PASS" starttime="20230906 12:31:20.525" endtime="20230906 12:31:20.574"/>
</kw>
<kw name="Click Element" library="SeleniumLibrary">
<arg>//input[@value="உள்நுழைவு"]</arg>
<doc>Click the element identified by ``locator``.</doc>
<msg timestamp="20230906 12:31:20.574" level="INFO">Clicking element '//input[@value="உள்நுழைவு"]'.</msg>
<status status="PASS" starttime="20230906 12:31:20.574" endtime="20230906 12:31:21.458"/>
</kw>
<kw name="Sleep" library="BuiltIn">
<arg>3s</arg>
<doc>Pauses the test executed for the given time.</doc>
<msg timestamp="20230906 12:31:24.472" level="INFO">Slept 3 seconds</msg>
<status status="PASS" starttime="20230906 12:31:21.458" endtime="20230906 12:31:24.472"/>
</kw>
<kw name="Wait Until Element Is Visible" library="SeleniumLibrary">
<arg>xpath=(//a[@id="fontSelection"])[1]</arg>
<doc>Waits until the element ``locator`` is visible.</doc>
<status status="PASS" starttime="20230906 12:31:24.472" endtime="20230906 12:31:24.520"/>
</kw>
<kw name="Click Link" library="SeleniumLibrary">
<arg>xpath=(//a[@id="fontSelection"])[1]</arg>
<doc>Clicks a link identified by ``locator``.</doc>
<msg timestamp="20230906 12:31:24.520" level="INFO">Clicking link 'xpath=(//a[@id="fontSelection"])[1]'.</msg>
<status status="PASS" starttime="20230906 12:31:24.520" endtime="20230906 12:31:24.721"/>
</kw>
<status status="PASS" starttime="20230906 12:31:07.707" endtime="20230906 12:31:24.721"/>
</kw>
<kw name="verify page loaded" library="LandingPage">
<kw name="Log To Console" library="BuiltIn">
<arg>Landing page verified successfully</arg>
<doc>Logs the given message to the console.</doc>
<status status="PASS" starttime="20230906 12:31:24.721" endtime="20230906 12:31:24.721"/>
</kw>
<status status="PASS" starttime="20230906 12:31:24.721" endtime="20230906 12:31:24.721"/>
</kw>
<status status="PASS" starttime="20230906 12:31:07.707" endtime="20230906 12:31:24.721"/>
</kw>
<doc>Test1</doc>
<tag>smoke</tag>
<status status="PASS" starttime="20230906 12:31:06.357" endtime="20230906 12:31:24.730"/>
</test>
<test id="s1-t2" name="Access E-services Page" line="20">
<kw name="Goto Eservices page" library="Registration_App">
<kw name="Select eservicespage" library="TopNav">
<kw name="Wait Until Element Is Visible" library="SeleniumLibrary">
<arg>xpath=//*[@id="8500009"]/a</arg>
<doc>Waits until the element ``locator`` is visible.</doc>
<status status="PASS" starttime="20230906 12:31:24.731" endtime="20230906 12:31:25.137"/>
</kw>
<kw name="Click Element" library="SeleniumLibrary">
<arg>xpath=//*[@id="8500009"]/a</arg>
<doc>Click the element identified by ``locator``.</doc>
<msg timestamp="20230906 12:31:25.141" level="INFO">Clicking element 'xpath=//*[@id="8500009"]/a'.</msg>
<status status="PASS" starttime="20230906 12:31:25.137" endtime="20230906 12:31:25.232"/>
</kw>
<kw name="Sleep" library="BuiltIn">
<arg>3s</arg>
<doc>Pauses the test executed for the given time.</doc>
<msg timestamp="20230906 12:31:28.237" level="INFO">Slept 3 seconds</msg>
<status status="PASS" starttime="20230906 12:31:25.232" endtime="20230906 12:31:28.237"/>
</kw>
<kw name="Wait Until Element Is Visible" library="SeleniumLibrary">
<arg>xpath=//*[@id="8400001"]/a</arg>
<doc>Waits until the element ``locator`` is visible.</doc>
<status status="PASS" starttime="20230906 12:31:28.237" endtime="20230906 12:31:28.277"/>
</kw>
<kw name="Click Element" library="SeleniumLibrary">
<arg>xpath=//*[@id="8400001"]/a</arg>
<doc>Click the element identified by ``locator``.</doc>
<msg timestamp="20230906 12:31:28.277" level="INFO">Clicking element 'xpath=//*[@id="8400001"]/a'.</msg>
<status status="PASS" starttime="20230906 12:31:28.277" endtime="20230906 12:31:28.336"/>
</kw>
<kw name="Sleep" library="BuiltIn">
<arg>3s</arg>
<doc>Pauses the test executed for the given time.</doc>
<msg timestamp="20230906 12:31:31.348" level="INFO">Slept 3 seconds</msg>
<status status="PASS" starttime="20230906 12:31:28.336" endtime="20230906 12:31:31.348"/>
</kw>
<kw name="Wait Until Element Is Visible" library="SeleniumLibrary">
<arg>xpath=//*[@id="8400010"]/a</arg>
<doc>Waits until the element ``locator`` is visible.</doc>
<status status="PASS" starttime="20230906 12:31:31.348" endtime="20230906 12:31:31.379"/>
</kw>
<kw name="Click Element" library="SeleniumLibrary">
<arg>xpath=//*[@id="8400010"]/a</arg>
<doc>Click the element identified by ``locator``.</doc>
<msg timestamp="20230906 12:31:31.379" level="INFO">Clicking element 'xpath=//*[@id="8400010"]/a'.</msg>
<status status="PASS" starttime="20230906 12:31:31.379" endtime="20230906 12:31:31.445"/>
</kw>
<kw name="Sleep" library="BuiltIn">
<arg>3s</arg>
<doc>Pauses the test executed for the given time.</doc>
<msg timestamp="20230906 12:31:34.453" level="INFO">Slept 3 seconds</msg>
<status status="PASS" starttime="20230906 12:31:31.445" endtime="20230906 12:31:34.454"/>
</kw>
<status status="PASS" starttime="20230906 12:31:24.731" endtime="20230906 12:31:34.454"/>
</kw>
<kw name="verify page loaded" library="EservicesPage">
<kw name="Sleep" library="BuiltIn">
<arg>3s</arg>
<doc>Pauses the test executed for the given time.</doc>
<msg timestamp="20230906 12:31:37.464" level="INFO">Slept 3 seconds</msg>
<status status="PASS" starttime="20230906 12:31:34.456" endtime="20230906 12:31:37.464"/>
</kw>
<kw name="Wait Until Page Contains Element" library="SeleniumLibrary">
<arg>${eservicesPage_verification}</arg>
<doc>Waits until the element ``locator`` appears on the current page.</doc>
<status status="PASS" starttime="20230906 12:31:37.464" endtime="20230906 12:31:37.485"/>
</kw>
<kw name="Sleep" library="BuiltIn">
<arg>3s</arg>
<doc>Pauses the test executed for the given time.</doc>
<msg timestamp="20230906 12:31:40.487" level="INFO">Slept 3 seconds</msg>
<status status="PASS" starttime="20230906 12:31:37.485" endtime="20230906 12:31:40.487"/>
</kw>
<status status="PASS" starttime="20230906 12:31:34.455" endtime="20230906 12:31:40.488"/>
</kw>
<kw name="validation" library="EservicesPage">
<kw name="Element Text Should Be" library="SeleniumLibrary">
<arg>${eservicesPage_verification}</arg>
<arg>Search Encumbrance Certificate</arg>
<doc>Verifies that element ``locator`` contains exact the text ``expected``.</doc>
<msg timestamp="20230906 12:31:40.488" level="INFO">Verifying element 'css=#EncumbranceCertificateForm &gt; div.container &gt; div &gt; h2' contains exact text 'Search Encumbrance Certificate'.</msg>
<status status="PASS" starttime="20230906 12:31:40.488" endtime="20230906 12:31:40.527"/>
</kw>
<kw name="Log To Console" library="BuiltIn">
<arg>Eservices page verified successfully</arg>
<doc>Logs the given message to the console.</doc>
<status status="PASS" starttime="20230906 12:31:40.527" endtime="20230906 12:31:40.528"/>
</kw>
<status status="PASS" starttime="20230906 12:31:40.488" endtime="20230906 12:31:40.528"/>
</kw>
<status status="PASS" starttime="20230906 12:31:24.731" endtime="20230906 12:31:40.528"/>
</kw>
<doc>Test2</doc>
<tag>smoke</tag>
<status status="PASS" starttime="20230906 12:31:24.731" endtime="20230906 12:31:40.530"/>
</test>
<test id="s1-t3" name="Autofill Eservices Page" line="26">
<kw name="Fill Eservices Page" library="Registration_App">
<kw name="Select Zone" library="EservicesPage">
<kw name="Select From List By Label" library="SeleniumLibrary">
<arg>id=cmb_Zone</arg>
<arg>Chennai</arg>
<doc>Selects options from selection list ``locator`` by ``labels``.</doc>
<msg timestamp="20230906 12:31:40.535" level="INFO">Selecting options from selection list 'id=cmb_Zone' by label Chennai.</msg>
<status status="PASS" starttime="20230906 12:31:40.531" endtime="20230906 12:31:40.752"/>
</kw>
<status status="PASS" starttime="20230906 12:31:40.531" endtime="20230906 12:31:40.752"/>
</kw>
<kw name="Select District" library="EservicesPage">
<kw name="Select From List By Label" library="SeleniumLibrary">
<arg>name=cmb_District</arg>
<arg>Thiruvalur</arg>
<doc>Selects options from selection list ``locator`` by ``labels``.</doc>
<msg timestamp="20230906 12:31:40.760" level="INFO">Selecting options from selection list 'name=cmb_District' by label Thiruvalur.</msg>
<status status="PASS" starttime="20230906 12:31:40.752" endtime="20230906 12:31:41.034"/>
</kw>
<status status="PASS" starttime="20230906 12:31:40.752" endtime="20230906 12:31:41.034"/>
</kw>
<kw name="Select SubRegistrarOffice" library="EservicesPage">
<kw name="Select From List By Label" library="SeleniumLibrary">
<arg>name=cmb_SroName</arg>
<arg>Tiruvallur Joint 1</arg>
<doc>Selects options from selection list ``locator`` by ``labels``.</doc>
<msg timestamp="20230906 12:31:41.034" level="INFO">Selecting options from selection list 'name=cmb_SroName' by label Tiruvallur Joint 1.</msg>
<status status="PASS" starttime="20230906 12:31:41.034" endtime="20230906 12:31:41.325"/>
</kw>
<status status="PASS" starttime="20230906 12:31:41.034" endtime="20230906 12:31:41.325"/>
</kw>
<kw name="Select EC Details" library="EservicesPage">
<kw name="Load Json From File" library="JSONLibrary">
<var>${json_obj}</var>
<arg>C:/Users/Johnbabu/Documents/00All_Automation_scripts/00TNREGDEMO/Resources/JSON/50.json</arg>
<doc>Load JSON from file.</doc>
<msg timestamp="20230906 12:31:41.325" level="INFO">${json_obj} = {'EC': {'startdate': '01Apr2021', 'enddate': '17May2021'}, 'Survey Details': [{'Village': 'Sirukalattur', 'Surveynumber': 1, 'Subdivisionnum': ''}, {'Village': 'Sirukalattur', 'Surveynumber': 2, 'Subd...</msg>
<status status="PASS" starttime="20230906 12:31:41.325" endtime="20230906 12:31:41.325"/>
</kw>
<kw name="Click Element" library="SeleniumLibrary">
<arg>xpath=//*[@id="txt_PeriodStartDt"]</arg>
<doc>Click the element identified by ``locator``.</doc>
<msg timestamp="20230906 12:31:41.325" level="INFO">Clicking element 'xpath=//*[@id="txt_PeriodStartDt"]'.</msg>
<status status="PASS" starttime="20230906 12:31:41.325" endtime="20230906 12:31:41.497"/>
</kw>
<kw name="Load Json From File" library="JSONLibrary">
<var>${json_obj}</var>
<arg>C:/Users/Johnbabu/Documents/00All_Automation_scripts/00TNREGDEMO/Resources/JSON/SurveyDetails.json</arg>
<doc>Load JSON from file.</doc>
<msg timestamp="20230906 12:31:41.497" level="INFO">${json_obj} = {'EC': {'startdate': '01Apr2023', 'enddate': '01May2023'}, 'Survey Details': [{'Village': 'Sirukalattur', 'Surveynumber': '125', 'Subdivisionnum': ''}, {'Village': 'Sirukalattur', 'Surveynumber': '128...</msg>
<status status="PASS" starttime="20230906 12:31:41.497" endtime="20230906 12:31:41.497"/>
</kw>
<kw name="Input Text" library="SeleniumLibrary">
<arg>id=txt_PeriodStartDt</arg>
<arg>05Aug2023</arg>
<doc>Types the given ``text`` into the text field identified by ``locator``.</doc>
<msg timestamp="20230906 12:31:41.497" level="INFO">Typing text '05Aug2023' into text field 'id=txt_PeriodStartDt'.</msg>
<status status="PASS" starttime="20230906 12:31:41.497" endtime="20230906 12:31:41.730"/>
</kw>
<kw name="Click Element" library="SeleniumLibrary">
<arg>xpath=//*[@id="txt_PeriodEndDt"]</arg>
<doc>Click the element identified by ``locator``.</doc>
<msg timestamp="20230906 12:31:41.730" level="INFO">Clicking element 'xpath=//*[@id="txt_PeriodEndDt"]'.</msg>
<status status="PASS" starttime="20230906 12:31:41.730" endtime="20230906 12:31:41.894"/>
</kw>
<kw name="Input Text" library="SeleniumLibrary">
<arg>id=txt_PeriodEndDt</arg>
<arg>05Sep2023</arg>
<doc>Types the given ``text`` into the text field identified by ``locator``.</doc>
<msg timestamp="20230906 12:31:41.894" level="INFO">Typing text '05Sep2023' into text field 'id=txt_PeriodEndDt'.</msg>
<status status="PASS" starttime="20230906 12:31:41.894" endtime="20230906 12:31:42.077"/>
</kw>
<status status="PASS" starttime="20230906 12:31:41.325" endtime="20230906 12:31:42.077"/>
</kw>
<kw name="Select Survey Details" library="EservicesPage">
<kw name="Load Json From File" library="JSONLibrary">
<var>&amp;{json_obj}</var>
<arg>C:/Users/Johnbabu/Documents/00All_Automation_scripts/00TNREGDEMO/Resources/JSON/dump.json</arg>
<doc>Load JSON from file.</doc>
<msg timestamp="20230906 12:31:42.088" level="INFO">&amp;{json_obj} = { EC={'startdate': '01Apr2023', 'enddate': '22May2023'} | Survey Details=[{'Village': 'Sirukalattur', 'Surveynumber': 1, 'Subdivisionnum': ''}, {'Village': 'Sirukalattur', 'Surveynumber': 2, 'Subdivis...</msg>
<status status="PASS" starttime="20230906 12:31:42.077" endtime="20230906 12:31:42.088"/>
</kw>
<for flavor="IN">
<var>${robot}</var>
<value>@{json_obj["Survey Details"]}</value>
<iter>
<var name="${robot}">{'Village': 'Sirukalattur', 'Surveynumber': 1, 'Subdivisionnum': ''}</var>
<kw name="Select From List By Label" library="SeleniumLibrary">
<arg>name=cmb_Village</arg>
<arg>${robot["Village"]}</arg>
<doc>Selects options from selection list ``locator`` by ``labels``.</doc>
<msg timestamp="20230906 12:31:42.089" level="INFO">Selecting options from selection list 'name=cmb_Village' by label Sirukalattur.</msg>
<status status="PASS" starttime="20230906 12:31:42.089" endtime="20230906 12:31:42.394"/>
</kw>
<kw name="Input Text" library="SeleniumLibrary">
<arg>id=txt_SurveyNo</arg>
<arg>${robot["Surveynumber"]}</arg>
<doc>Types the given ``text`` into the text field identified by ``locator``.</doc>
<msg timestamp="20230906 12:31:42.394" level="INFO">Typing text '1' into text field 'id=txt_SurveyNo'.</msg>
<status status="PASS" starttime="20230906 12:31:42.394" endtime="20230906 12:31:42.534"/>
</kw>
<kw name="Input Text" library="SeleniumLibrary">
<arg>id=txt_SubDivisionNo</arg>
<arg>${robot["Subdivisionnum"]}</arg>
<doc>Types the given ``text`` into the text field identified by ``locator``.</doc>
<msg timestamp="20230906 12:31:42.539" level="INFO">Typing text '' into text field 'id=txt_SubDivisionNo'.</msg>
<status status="PASS" starttime="20230906 12:31:42.534" endtime="20230906 12:31:42.681"/>
</kw>
<kw name="Click Element" library="SeleniumLibrary">
<arg>xpath=//*[@id="btn_AddSurvey"]</arg>
<doc>Click the element identified by ``locator``.</doc>
<msg timestamp="20230906 12:31:42.681" level="INFO">Clicking element 'xpath=//*[@id="btn_AddSurvey"]'.</msg>
<status status="PASS" starttime="20230906 12:31:42.681" endtime="20230906 12:31:42.784"/>
</kw>
<status status="PASS" starttime="20230906 12:31:42.089" endtime="20230906 12:31:42.784"/>
</iter>
<iter>
<var name="${robot}">{'Village': 'Sirukalattur', 'Surveynumber': 2, 'Subdivisionnum': ''}</var>
<kw name="Select From List By Label" library="SeleniumLibrary">
<arg>name=cmb_Village</arg>
<arg>${robot["Village"]}</arg>
<doc>Selects options from selection list ``locator`` by ``labels``.</doc>
<msg timestamp="20230906 12:31:42.789" level="INFO">Selecting options from selection list 'name=cmb_Village' by label Sirukalattur.</msg>
<status status="PASS" starttime="20230906 12:31:42.784" endtime="20230906 12:31:43.127"/>
</kw>
<kw name="Input Text" library="SeleniumLibrary">
<arg>id=txt_SurveyNo</arg>
<arg>${robot["Surveynumber"]}</arg>
<doc>Types the given ``text`` into the text field identified by ``locator``.</doc>
<msg timestamp="20230906 12:31:43.127" level="INFO">Typing text '2' into text field 'id=txt_SurveyNo'.</msg>
<status status="PASS" starttime="20230906 12:31:43.127" endtime="20230906 12:31:43.289"/>
</kw>
<kw name="Input Text" library="SeleniumLibrary">
<arg>id=txt_SubDivisionNo</arg>
<arg>${robot["Subdivisionnum"]}</arg>
<doc>Types the given ``text`` into the text field identified by ``locator``.</doc>
<msg timestamp="20230906 12:31:43.289" level="INFO">Typing text '' into text field 'id=txt_SubDivisionNo'.</msg>
<status status="PASS" starttime="20230906 12:31:43.289" endtime="20230906 12:31:43.447"/>
</kw>
<kw name="Click Element" library="SeleniumLibrary">
<arg>xpath=//*[@id="btn_AddSurvey"]</arg>
<doc>Click the element identified by ``locator``.</doc>
<msg timestamp="20230906 12:31:43.447" level="INFO">Clicking element 'xpath=//*[@id="btn_AddSurvey"]'.</msg>
<status status="PASS" starttime="20230906 12:31:43.447" endtime="20230906 12:31:43.518"/>
</kw>
<status status="PASS" starttime="20230906 12:31:42.784" endtime="20230906 12:31:43.518"/>
</iter>
<iter>
<var name="${robot}">{'Village': 'Sirukalattur', 'Surveynumber': 3, 'Subdivisionnum': ''}</var>
<kw name="Select From List By Label" library="SeleniumLibrary">
<arg>name=cmb_Village</arg>
<arg>${robot["Village"]}</arg>
<doc>Selects options from selection list ``locator`` by ``labels``.</doc>
<msg timestamp="20230906 12:31:43.521" level="INFO">Selecting options from selection list 'name=cmb_Village' by label Sirukalattur.</msg>
<status status="PASS" starttime="20230906 12:31:43.518" endtime="20230906 12:31:43.758"/>
</kw>
<kw name="Input Text" library="SeleniumLibrary">
<arg>id=txt_SurveyNo</arg>
<arg>${robot["Surveynumber"]}</arg>
<doc>Types the given ``text`` into the text field identified by ``locator``.</doc>
<msg timestamp="20230906 12:31:43.758" level="INFO">Typing text '3' into text field 'id=txt_SurveyNo'.</msg>
<status status="PASS" starttime="20230906 12:31:43.758" endtime="20230906 12:31:43.938"/>
</kw>
<kw name="Input Text" library="SeleniumLibrary">
<arg>id=txt_SubDivisionNo</arg>
<arg>${robot["Subdivisionnum"]}</arg>
<doc>Types the given ``text`` into the text field identified by ``locator``.</doc>
<msg timestamp="20230906 12:31:43.942" level="INFO">Typing text '' into text field 'id=txt_SubDivisionNo'.</msg>
<status status="PASS" starttime="20230906 12:31:43.938" endtime="20230906 12:31:44.074"/>
</kw>
<kw name="Click Element" library="SeleniumLibrary">
<arg>xpath=//*[@id="btn_AddSurvey"]</arg>
<doc>Click the element identified by ``locator``.</doc>
<msg timestamp="20230906 12:31:44.075" level="INFO">Clicking element 'xpath=//*[@id="btn_AddSurvey"]'.</msg>
<status status="PASS" starttime="20230906 12:31:44.075" endtime="20230906 12:31:44.154"/>
</kw>
<status status="PASS" starttime="20230906 12:31:43.518" endtime="20230906 12:31:44.154"/>
</iter>
<iter>
<var name="${robot}">{'Village': 'Sirukalattur', 'Surveynumber': 4, 'Subdivisionnum': ''}</var>
<kw name="Select From List By Label" library="SeleniumLibrary">
<arg>name=cmb_Village</arg>
<arg>${robot["Village"]}</arg>
<doc>Selects options from selection list ``locator`` by ``labels``.</doc>
<msg timestamp="20230906 12:31:44.154" level="INFO">Selecting options from selection list 'name=cmb_Village' by label Sirukalattur.</msg>
<status status="PASS" starttime="20230906 12:31:44.154" endtime="20230906 12:31:44.399"/>
</kw>
<kw name="Input Text" library="SeleniumLibrary">
<arg>id=txt_SurveyNo</arg>
<arg>${robot["Surveynumber"]}</arg>
<doc>Types the given ``text`` into the text field identified by ``locator``.</doc>
<msg timestamp="20230906 12:31:44.399" level="INFO">Typing text '4' into text field 'id=txt_SurveyNo'.</msg>
<status status="PASS" starttime="20230906 12:31:44.399" endtime="20230906 12:31:44.540"/>
</kw>
<kw name="Input Text" library="SeleniumLibrary">
<arg>id=txt_SubDivisionNo</arg>
<arg>${robot["Subdivisionnum"]}</arg>
<doc>Types the given ``text`` into the text field identified by ``locator``.</doc>
<msg timestamp="20230906 12:31:44.543" level="INFO">Typing text '' into text field 'id=txt_SubDivisionNo'.</msg>
<status status="PASS" starttime="20230906 12:31:44.540" endtime="20230906 12:31:44.658"/>
</kw>
<kw name="Click Element" library="SeleniumLibrary">
<arg>xpath=//*[@id="btn_AddSurvey"]</arg>
<doc>Click the element identified by ``locator``.</doc>
<msg timestamp="20230906 12:31:44.658" level="INFO">Clicking element 'xpath=//*[@id="btn_AddSurvey"]'.</msg>
<status status="PASS" starttime="20230906 12:31:44.658" endtime="20230906 12:31:44.729"/>
</kw>
<status status="PASS" starttime="20230906 12:31:44.154" endtime="20230906 12:31:44.729"/>
</iter>
<iter>
<var name="${robot}">{'Village': 'Sirukalattur', 'Surveynumber': 5, 'Subdivisionnum': ''}</var>
<kw name="Select From List By Label" library="SeleniumLibrary">
<arg>name=cmb_Village</arg>
<arg>${robot["Village"]}</arg>
<doc>Selects options from selection list ``locator`` by ``labels``.</doc>
<msg timestamp="20230906 12:31:44.729" level="INFO">Selecting options from selection list 'name=cmb_Village' by label Sirukalattur.</msg>
<status status="PASS" starttime="20230906 12:31:44.729" endtime="20230906 12:31:45.051"/>
</kw>
<kw name="Input Text" library="SeleniumLibrary">
<arg>id=txt_SurveyNo</arg>
<arg>${robot["Surveynumber"]}</arg>
<doc>Types the given ``text`` into the text field identified by ``locator``.</doc>
<msg timestamp="20230906 12:31:45.055" level="INFO">Typing text '5' into text field 'id=txt_SurveyNo'.</msg>
<status status="PASS" starttime="20230906 12:31:45.051" endtime="20230906 12:31:45.175"/>
</kw>
<kw name="Input Text" library="SeleniumLibrary">
<arg>id=txt_SubDivisionNo</arg>
<arg>${robot["Subdivisionnum"]}</arg>
<doc>Types the given ``text`` into the text field identified by ``locator``.</doc>
<msg timestamp="20230906 12:31:45.187" level="INFO">Typing text '' into text field 'id=txt_SubDivisionNo'.</msg>
<status status="PASS" starttime="20230906 12:31:45.175" endtime="20230906 12:31:45.350"/>
</kw>
<kw name="Click Element" library="SeleniumLibrary">
<arg>xpath=//*[@id="btn_AddSurvey"]</arg>
<doc>Click the element identified by ``locator``.</doc>
<msg timestamp="20230906 12:31:45.354" level="INFO">Clicking element 'xpath=//*[@id="btn_AddSurvey"]'.</msg>
<status status="PASS" starttime="20230906 12:31:45.350" endtime="20230906 12:31:45.427"/>
</kw>
<status status="PASS" starttime="20230906 12:31:44.729" endtime="20230906 12:31:45.427"/>
</iter>
<iter>
<var name="${robot}">{'Village': 'Sirukalattur', 'Surveynumber': 6, 'Subdivisionnum': ''}</var>
<kw name="Select From List By Label" library="SeleniumLibrary">
<arg>name=cmb_Village</arg>
<arg>${robot["Village"]}</arg>
<doc>Selects options from selection list ``locator`` by ``labels``.</doc>
<msg timestamp="20230906 12:31:45.437" level="INFO">Selecting options from selection list 'name=cmb_Village' by label Sirukalattur.</msg>
<status status="PASS" starttime="20230906 12:31:45.427" endtime="20230906 12:31:45.829"/>
</kw>
<kw name="Input Text" library="SeleniumLibrary">
<arg>id=txt_SurveyNo</arg>
<arg>${robot["Surveynumber"]}</arg>
<doc>Types the given ``text`` into the text field identified by ``locator``.</doc>
<msg timestamp="20230906 12:31:45.831" level="INFO">Typing text '6' into text field 'id=txt_SurveyNo'.</msg>
<status status="PASS" starttime="20230906 12:31:45.829" endtime="20230906 12:31:45.991"/>
</kw>
<kw name="Input Text" library="SeleniumLibrary">
<arg>id=txt_SubDivisionNo</arg>
<arg>${robot["Subdivisionnum"]}</arg>
<doc>Types the given ``text`` into the text field identified by ``locator``.</doc>
<msg timestamp="20230906 12:31:45.991" level="INFO">Typing text '' into text field 'id=txt_SubDivisionNo'.</msg>
<status status="PASS" starttime="20230906 12:31:45.991" endtime="20230906 12:31:46.127"/>
</kw>
<kw name="Click Element" library="SeleniumLibrary">
<arg>xpath=//*[@id="btn_AddSurvey"]</arg>
<doc>Click the element identified by ``locator``.</doc>
<msg timestamp="20230906 12:31:46.130" level="INFO">Clicking element 'xpath=//*[@id="btn_AddSurvey"]'.</msg>
<status status="PASS" starttime="20230906 12:31:46.127" endtime="20230906 12:31:46.201"/>
</kw>
<status status="PASS" starttime="20230906 12:31:45.427" endtime="20230906 12:31:46.205"/>
</iter>
<iter>
<var name="${robot}">{'Village': 'Sirukalattur', 'Surveynumber': 7, 'Subdivisionnum': ''}</var>
<kw name="Select From List By Label" library="SeleniumLibrary">
<arg>name=cmb_Village</arg>
<arg>${robot["Village"]}</arg>
<doc>Selects options from selection list ``locator`` by ``labels``.</doc>
<msg timestamp="20230906 12:31:46.207" level="INFO">Selecting options from selection list 'name=cmb_Village' by label Sirukalattur.</msg>
<status status="PASS" starttime="20230906 12:31:46.205" endtime="20230906 12:31:46.466"/>
</kw>
<kw name="Input Text" library="SeleniumLibrary">
<arg>id=txt_SurveyNo</arg>
<arg>${robot["Surveynumber"]}</arg>
<doc>Types the given ``text`` into the text field identified by ``locator``.</doc>
<msg timestamp="20230906 12:31:46.468" level="INFO">Typing text '7' into text field 'id=txt_SurveyNo'.</msg>
<status status="PASS" starttime="20230906 12:31:46.466" endtime="20230906 12:31:46.604"/>
</kw>
<kw name="Input Text" library="SeleniumLibrary">
<arg>id=txt_SubDivisionNo</arg>
<arg>${robot["Subdivisionnum"]}</arg>
<doc>Types the given ``text`` into the text field identified by ``locator``.</doc>
<msg timestamp="20230906 12:31:46.606" level="INFO">Typing text '' into text field 'id=txt_SubDivisionNo'.</msg>
<status status="PASS" starttime="20230906 12:31:46.604" endtime="20230906 12:31:46.725"/>
</kw>
<kw name="Click Element" library="SeleniumLibrary">
<arg>xpath=//*[@id="btn_AddSurvey"]</arg>
<doc>Click the element identified by ``locator``.</doc>
<msg timestamp="20230906 12:31:46.725" level="INFO">Clicking element 'xpath=//*[@id="btn_AddSurvey"]'.</msg>
<status status="PASS" starttime="20230906 12:31:46.725" endtime="20230906 12:31:46.813"/>
</kw>
<status status="PASS" starttime="20230906 12:31:46.205" endtime="20230906 12:31:46.813"/>
</iter>
<iter>
<var name="${robot}">{'Village': 'Sirukalattur', 'Surveynumber': 8, 'Subdivisionnum': ''}</var>
<kw name="Select From List By Label" library="SeleniumLibrary">
<arg>name=cmb_Village</arg>
<arg>${robot["Village"]}</arg>
<doc>Selects options from selection list ``locator`` by ``labels``.</doc>
<msg timestamp="20230906 12:31:46.813" level="INFO">Selecting options from selection list 'name=cmb_Village' by label Sirukalattur.</msg>
<status status="PASS" starttime="20230906 12:31:46.813" endtime="20230906 12:31:47.054"/>
</kw>
<kw name="Input Text" library="SeleniumLibrary">
<arg>id=txt_SurveyNo</arg>
<arg>${robot["Surveynumber"]}</arg>
<doc>Types the given ``text`` into the text field identified by ``locator``.</doc>
<msg timestamp="20230906 12:31:47.054" level="INFO">Typing text '8' into text field 'id=txt_SurveyNo'.</msg>
<status status="PASS" starttime="20230906 12:31:47.054" endtime="20230906 12:31:47.205"/>
</kw>
<kw name="Input Text" library="SeleniumLibrary">
<arg>id=txt_SubDivisionNo</arg>
<arg>${robot["Subdivisionnum"]}</arg>
<doc>Types the given ``text`` into the text field identified by ``locator``.</doc>
<msg timestamp="20230906 12:31:47.218" level="INFO">Typing text '' into text field 'id=txt_SubDivisionNo'.</msg>
<status status="PASS" starttime="20230906 12:31:47.205" endtime="20230906 12:31:47.385"/>
</kw>
<kw name="Click Element" library="SeleniumLibrary">
<arg>xpath=//*[@id="btn_AddSurvey"]</arg>
<doc>Click the element identified by ``locator``.</doc>
<msg timestamp="20230906 12:31:47.389" level="INFO">Clicking element 'xpath=//*[@id="btn_AddSurvey"]'.</msg>
<status status="PASS" starttime="20230906 12:31:47.387" endtime="20230906 12:31:47.488"/>
</kw>
<status status="PASS" starttime="20230906 12:31:46.813" endtime="20230906 12:31:47.488"/>
</iter>
<iter>
<var name="${robot}">{'Village': 'Sirukalattur', 'Surveynumber': 9, 'Subdivisionnum': ''}</var>
<kw name="Select From List By Label" library="SeleniumLibrary">
<arg>name=cmb_Village</arg>
<arg>${robot["Village"]}</arg>
<doc>Selects options from selection list ``locator`` by ``labels``.</doc>
<msg timestamp="20230906 12:31:47.488" level="INFO">Selecting options from selection list 'name=cmb_Village' by label Sirukalattur.</msg>
<status status="PASS" starttime="20230906 12:31:47.488" endtime="20230906 12:31:47.718"/>
</kw>
<kw name="Input Text" library="SeleniumLibrary">
<arg>id=txt_SurveyNo</arg>
<arg>${robot["Surveynumber"]}</arg>
<doc>Types the given ``text`` into the text field identified by ``locator``.</doc>
<msg timestamp="20230906 12:31:47.721" level="INFO">Typing text '9' into text field 'id=txt_SurveyNo'.</msg>
<status status="PASS" starttime="20230906 12:31:47.718" endtime="20230906 12:31:47.888"/>
</kw>
<kw name="Input Text" library="SeleniumLibrary">
<arg>id=txt_SubDivisionNo</arg>
<arg>${robot["Subdivisionnum"]}</arg>
<doc>Types the given ``text`` into the text field identified by ``locator``.</doc>
<msg timestamp="20230906 12:31:47.895" level="INFO">Typing text '' into text field 'id=txt_SubDivisionNo'.</msg>
<status status="PASS" starttime="20230906 12:31:47.888" endtime="20230906 12:31:48.047"/>
</kw>
<kw name="Click Element" library="SeleniumLibrary">
<arg>xpath=//*[@id="btn_AddSurvey"]</arg>
<doc>Click the element identified by ``locator``.</doc>
<msg timestamp="20230906 12:31:48.055" level="INFO">Clicking element 'xpath=//*[@id="btn_AddSurvey"]'.</msg>
<status status="PASS" starttime="20230906 12:31:48.054" endtime="20230906 12:31:48.146"/>
</kw>
<status status="PASS" starttime="20230906 12:31:47.488" endtime="20230906 12:31:48.146"/>
</iter>
<iter>
<var name="${robot}">{'Village': 'Sirukalattur', 'Surveynumber': 10, 'Subdivisionnum': ''}</var>
<kw name="Select From List By Label" library="SeleniumLibrary">
<arg>name=cmb_Village</arg>
<arg>${robot["Village"]}</arg>
<doc>Selects options from selection list ``locator`` by ``labels``.</doc>
<msg timestamp="20230906 12:31:48.146" level="INFO">Selecting options from selection list 'name=cmb_Village' by label Sirukalattur.</msg>
<status status="PASS" starttime="20230906 12:31:48.146" endtime="20230906 12:31:48.356"/>
</kw>
<kw name="Input Text" library="SeleniumLibrary">
<arg>id=txt_SurveyNo</arg>
<arg>${robot["Surveynumber"]}</arg>
<doc>Types the given ``text`` into the text field identified by ``locator``.</doc>
<msg timestamp="20230906 12:31:48.356" level="INFO">Typing text '10' into text field 'id=txt_SurveyNo'.</msg>
<status status="PASS" starttime="20230906 12:31:48.356" endtime="20230906 12:31:48.552"/>
</kw>
<kw name="Input Text" library="SeleniumLibrary">
<arg>id=txt_SubDivisionNo</arg>
<arg>${robot["Subdivisionnum"]}</arg>
<doc>Types the given ``text`` into the text field identified by ``locator``.</doc>
<msg timestamp="20230906 12:31:48.555" level="INFO">Typing text '' into text field 'id=txt_SubDivisionNo'.</msg>
<status status="PASS" starttime="20230906 12:31:48.552" endtime="20230906 12:31:48.701"/>
</kw>
<kw name="Click Element" library="SeleniumLibrary">
<arg>xpath=//*[@id="btn_AddSurvey"]</arg>
<doc>Click the element identified by ``locator``.</doc>
<msg timestamp="20230906 12:31:48.701" level="INFO">Clicking element 'xpath=//*[@id="btn_AddSurvey"]'.</msg>
<status status="PASS" starttime="20230906 12:31:48.701" endtime="20230906 12:31:48.771"/>
</kw>
<status status="PASS" starttime="20230906 12:31:48.146" endtime="20230906 12:31:48.771"/>
</iter>
<iter>
<var name="${robot}">{'Village': 'Sirukalattur', 'Surveynumber': 11, 'Subdivisionnum': ''}</var>
<kw name="Select From List By Label" library="SeleniumLibrary">
<arg>name=cmb_Village</arg>
<arg>${robot["Village"]}</arg>
<doc>Selects options from selection list ``locator`` by ``labels``.</doc>
<msg timestamp="20230906 12:31:48.781" level="INFO">Selecting options from selection list 'name=cmb_Village' by label Sirukalattur.</msg>
<status status="PASS" starttime="20230906 12:31:48.771" endtime="20230906 12:31:49.031"/>
</kw>
<kw name="Input Text" library="SeleniumLibrary">
<arg>id=txt_SurveyNo</arg>
<arg>${robot["Surveynumber"]}</arg>
<doc>Types the given ``text`` into the text field identified by ``locator``.</doc>
<msg timestamp="20230906 12:31:49.037" level="INFO">Typing text '11' into text field 'id=txt_SurveyNo'.</msg>
<status status="PASS" starttime="20230906 12:31:49.031" endtime="20230906 12:31:49.173"/>
</kw>
<kw name="Input Text" library="SeleniumLibrary">
<arg>id=txt_SubDivisionNo</arg>
<arg>${robot["Subdivisionnum"]}</arg>
<doc>Types the given ``text`` into the text field identified by ``locator``.</doc>
<msg timestamp="20230906 12:31:49.173" level="INFO">Typing text '' into text field 'id=txt_SubDivisionNo'.</msg>
<status status="PASS" starttime="20230906 12:31:49.173" endtime="20230906 12:31:49.337"/>
</kw>
<kw name="Click Element" library="SeleniumLibrary">
<arg>xpath=//*[@id="btn_AddSurvey"]</arg>
<doc>Click the element identified by ``locator``.</doc>
<msg timestamp="20230906 12:31:49.338" level="INFO">Clicking element 'xpath=//*[@id="btn_AddSurvey"]'.</msg>
<status status="PASS" starttime="20230906 12:31:49.337" endtime="20230906 12:31:49.437"/>
</kw>
<status status="PASS" starttime="20230906 12:31:48.771" endtime="20230906 12:31:49.437"/>
</iter>
<iter>
<var name="${robot}">{'Village': 'Sirukalattur', 'Surveynumber': 12, 'Subdivisionnum': ''}</var>
<kw name="Select From List By Label" library="SeleniumLibrary">
<arg>name=cmb_Village</arg>
<arg>${robot["Village"]}</arg>
<doc>Selects options from selection list ``locator`` by ``labels``.</doc>
<msg timestamp="20230906 12:31:49.438" level="INFO">Selecting options from selection list 'name=cmb_Village' by label Sirukalattur.</msg>
<status status="PASS" starttime="20230906 12:31:49.438" endtime="20230906 12:31:49.652"/>
</kw>
<kw name="Input Text" library="SeleniumLibrary">
<arg>id=txt_SurveyNo</arg>
<arg>${robot["Surveynumber"]}</arg>
<doc>Types the given ``text`` into the text field identified by ``locator``.</doc>
<msg timestamp="20230906 12:31:49.655" level="INFO">Typing text '12' into text field 'id=txt_SurveyNo'.</msg>
<status status="PASS" starttime="20230906 12:31:49.653" endtime="20230906 12:31:49.771"/>
</kw>
<kw name="Input Text" library="SeleniumLibrary">
<arg>id=txt_SubDivisionNo</arg>
<arg>${robot["Subdivisionnum"]}</arg>
<doc>Types the given ``text`` into the text field identified by ``locator``.</doc>
<msg timestamp="20230906 12:31:49.771" level="INFO">Typing text '' into text field 'id=txt_SubDivisionNo'.</msg>
<status status="PASS" starttime="20230906 12:31:49.771" endtime="20230906 12:31:49.928"/>
</kw>
<kw name="Click Element" library="SeleniumLibrary">
<arg>xpath=//*[@id="btn_AddSurvey"]</arg>
<doc>Click the element identified by ``locator``.</doc>
<msg timestamp="20230906 12:31:49.928" level="INFO">Clicking element 'xpath=//*[@id="btn_AddSurvey"]'.</msg>
<status status="PASS" starttime="20230906 12:31:49.928" endtime="20230906 12:31:50.021"/>
</kw>
<status status="PASS" starttime="20230906 12:31:49.438" endtime="20230906 12:31:50.021"/>
</iter>
<iter>
<var name="${robot}">{'Village': 'Sirukalattur', 'Surveynumber': 13, 'Subdivisionnum': ''}</var>
<kw name="Select From List By Label" library="SeleniumLibrary">
<arg>name=cmb_Village</arg>
<arg>${robot["Village"]}</arg>
<doc>Selects options from selection list ``locator`` by ``labels``.</doc>
<msg timestamp="20230906 12:31:50.029" level="INFO">Selecting options from selection list 'name=cmb_Village' by label Sirukalattur.</msg>
<status status="PASS" starttime="20230906 12:31:50.021" endtime="20230906 12:31:50.280"/>
</kw>
<kw name="Input Text" library="SeleniumLibrary">
<arg>id=txt_SurveyNo</arg>
<arg>${robot["Surveynumber"]}</arg>
<doc>Types the given ``text`` into the text field identified by ``locator``.</doc>
<msg timestamp="20230906 12:31:50.280" level="INFO">Typing text '13' into text field 'id=txt_SurveyNo'.</msg>
<status status="PASS" starttime="20230906 12:31:50.280" endtime="20230906 12:31:50.493"/>
</kw>
<kw name="Input Text" library="SeleniumLibrary">
<arg>id=txt_SubDivisionNo</arg>
<arg>${robot["Subdivisionnum"]}</arg>
<doc>Types the given ``text`` into the text field identified by ``locator``.</doc>
<msg timestamp="20230906 12:31:50.493" level="INFO">Typing text '' into text field 'id=txt_SubDivisionNo'.</msg>
<status status="PASS" starttime="20230906 12:31:50.493" endtime="20230906 12:31:50.613"/>
</kw>
<kw name="Click Element" library="SeleniumLibrary">
<arg>xpath=//*[@id="btn_AddSurvey"]</arg>
<doc>Click the element identified by ``locator``.</doc>
<msg timestamp="20230906 12:31:50.613" level="INFO">Clicking element 'xpath=//*[@id="btn_AddSurvey"]'.</msg>
<status status="PASS" starttime="20230906 12:31:50.613" endtime="20230906 12:31:50.694"/>
</kw>
<status status="PASS" starttime="20230906 12:31:50.021" endtime="20230906 12:31:50.694"/>
</iter>
<iter>
<var name="${robot}">{'Village': 'Sirukalattur', 'Surveynumber': 14, 'Subdivisionnum': ''}</var>
<kw name="Select From List By Label" library="SeleniumLibrary">
<arg>name=cmb_Village</arg>
<arg>${robot["Village"]}</arg>
<doc>Selects options from selection list ``locator`` by ``labels``.</doc>
<msg timestamp="20230906 12:31:50.694" level="INFO">Selecting options from selection list 'name=cmb_Village' by label Sirukalattur.</msg>
<status status="PASS" starttime="20230906 12:31:50.694" endtime="20230906 12:31:50.905"/>
</kw>
<kw name="Input Text" library="SeleniumLibrary">
<arg>id=txt_SurveyNo</arg>
<arg>${robot["Surveynumber"]}</arg>
<doc>Types the given ``text`` into the text field identified by ``locator``.</doc>
<msg timestamp="20230906 12:31:50.905" level="INFO">Typing text '14' into text field 'id=txt_SurveyNo'.</msg>
<status status="PASS" starttime="20230906 12:31:50.905" endtime="20230906 12:31:51.054"/>
</kw>
<kw name="Input Text" library="SeleniumLibrary">
<arg>id=txt_SubDivisionNo</arg>
<arg>${robot["Subdivisionnum"]}</arg>
<doc>Types the given ``text`` into the text field identified by ``locator``.</doc>
<msg timestamp="20230906 12:31:51.054" level="INFO">Typing text '' into text field 'id=txt_SubDivisionNo'.</msg>
<status status="PASS" starttime="20230906 12:31:51.054" endtime="20230906 12:31:51.187"/>
</kw>
<kw name="Click Element" library="SeleniumLibrary">
<arg>xpath=//*[@id="btn_AddSurvey"]</arg>
<doc>Click the element identified by ``locator``.</doc>
<msg timestamp="20230906 12:31:51.187" level="INFO">Clicking element 'xpath=//*[@id="btn_AddSurvey"]'.</msg>
<status status="PASS" starttime="20230906 12:31:51.187" endtime="20230906 12:31:51.271"/>
</kw>
<status status="PASS" starttime="20230906 12:31:50.694" endtime="20230906 12:31:51.271"/>
</iter>
<iter>
<var name="${robot}">{'Village': 'Sirukalattur', 'Surveynumber': 15, 'Subdivisionnum': ''}</var>
<kw name="Select From List By Label" library="SeleniumLibrary">
<arg>name=cmb_Village</arg>
<arg>${robot["Village"]}</arg>
<doc>Selects options from selection list ``locator`` by ``labels``.</doc>
<msg timestamp="20230906 12:31:51.271" level="INFO">Selecting options from selection list 'name=cmb_Village' by label Sirukalattur.</msg>
<status status="PASS" starttime="20230906 12:31:51.271" endtime="20230906 12:31:51.525"/>
</kw>
<kw name="Input Text" library="SeleniumLibrary">
<arg>id=txt_SurveyNo</arg>
<arg>${robot["Surveynumber"]}</arg>
<doc>Types the given ``text`` into the text field identified by ``locator``.</doc>
<msg timestamp="20230906 12:31:51.529" level="INFO">Typing text '15' into text field 'id=txt_SurveyNo'.</msg>
<status status="PASS" starttime="20230906 12:31:51.525" endtime="20230906 12:31:51.723"/>
</kw>
<kw name="Input Text" library="SeleniumLibrary">
<arg>id=txt_SubDivisionNo</arg>
<arg>${robot["Subdivisionnum"]}</arg>
<doc>Types the given ``text`` into the text field identified by ``locator``.</doc>
<msg timestamp="20230906 12:31:51.729" level="INFO">Typing text '' into text field 'id=txt_SubDivisionNo'.</msg>
<status status="PASS" starttime="20230906 12:31:51.723" endtime="20230906 12:31:51.839"/>
</kw>
<kw name="Click Element" library="SeleniumLibrary">
<arg>xpath=//*[@id="btn_AddSurvey"]</arg>
<doc>Click the element identified by ``locator``.</doc>
<msg timestamp="20230906 12:31:51.839" level="INFO">Clicking element 'xpath=//*[@id="btn_AddSurvey"]'.</msg>
<status status="PASS" starttime="20230906 12:31:51.839" endtime="20230906 12:31:51.938"/>
</kw>
<status status="PASS" starttime="20230906 12:31:51.271" endtime="20230906 12:31:51.938"/>
</iter>
<iter>
<var name="${robot}">{'Village': 'Sirukalattur', 'Surveynumber': 16, 'Subdivisionnum': ''}</var>
<kw name="Select From List By Label" library="SeleniumLibrary">
<arg>name=cmb_Village</arg>
<arg>${robot["Village"]}</arg>
<doc>Selects options from selection list ``locator`` by ``labels``.</doc>
<msg timestamp="20230906 12:31:51.938" level="INFO">Selecting options from selection list 'name=cmb_Village' by label Sirukalattur.</msg>
<status status="PASS" starttime="20230906 12:31:51.938" endtime="20230906 12:31:52.160"/>
</kw>
<kw name="Input Text" library="SeleniumLibrary">
<arg>id=txt_SurveyNo</arg>
<arg>${robot["Surveynumber"]}</arg>
<doc>Types the given ``text`` into the text field identified by ``locator``.</doc>
<msg timestamp="20230906 12:31:52.160" level="INFO">Typing text '16' into text field 'id=txt_SurveyNo'.</msg>
<status status="PASS" starttime="20230906 12:31:52.160" endtime="20230906 12:31:52.351"/>
</kw>
<kw name="Input Text" library="SeleniumLibrary">
<arg>id=txt_SubDivisionNo</arg>
<arg>${robot["Subdivisionnum"]}</arg>
<doc>Types the given ``text`` into the text field identified by ``locator``.</doc>
<msg timestamp="20230906 12:31:52.354" level="INFO">Typing text '' into text field 'id=txt_SubDivisionNo'.</msg>
<status status="PASS" starttime="20230906 12:31:52.353" endtime="20230906 12:31:52.530"/>
</kw>
<kw name="Click Element" library="SeleniumLibrary">
<arg>xpath=//*[@id="btn_AddSurvey"]</arg>
<doc>Click the element identified by ``locator``.</doc>
<msg timestamp="20230906 12:31:52.530" level="INFO">Clicking element 'xpath=//*[@id="btn_AddSurvey"]'.</msg>
<status status="PASS" starttime="20230906 12:31:52.530" endtime="20230906 12:31:52.638"/>
</kw>
<status status="PASS" starttime="20230906 12:31:51.938" endtime="20230906 12:31:52.638"/>
</iter>
<iter>
<var name="${robot}">{'Village': 'Sirukalattur', 'Surveynumber': 17, 'Subdivisionnum': ''}</var>
<kw name="Select From List By Label" library="SeleniumLibrary">
<arg>name=cmb_Village</arg>
<arg>${robot["Village"]}</arg>
<doc>Selects options from selection list ``locator`` by ``labels``.</doc>
<msg timestamp="20230906 12:31:52.638" level="INFO">Selecting options from selection list 'name=cmb_Village' by label Sirukalattur.</msg>
<status status="PASS" starttime="20230906 12:31:52.638" endtime="20230906 12:31:54.107"/>
</kw>
<kw name="Input Text" library="SeleniumLibrary">
<arg>id=txt_SurveyNo</arg>
<arg>${robot["Surveynumber"]}</arg>
<doc>Types the given ``text`` into the text field identified by ``locator``.</doc>
<msg timestamp="20230906 12:31:54.107" level="INFO">Typing text '17' into text field 'id=txt_SurveyNo'.</msg>
<status status="PASS" starttime="20230906 12:31:54.107" endtime="20230906 12:31:54.253"/>
</kw>
<kw name="Input Text" library="SeleniumLibrary">
<arg>id=txt_SubDivisionNo</arg>
<arg>${robot["Subdivisionnum"]}</arg>
<doc>Types the given ``text`` into the text field identified by ``locator``.</doc>
<msg timestamp="20230906 12:31:54.253" level="INFO">Typing text '' into text field 'id=txt_SubDivisionNo'.</msg>
<status status="PASS" starttime="20230906 12:31:54.253" endtime="20230906 12:31:54.375"/>
</kw>
<kw name="Click Element" library="SeleniumLibrary">
<arg>xpath=//*[@id="btn_AddSurvey"]</arg>
<doc>Click the element identified by ``locator``.</doc>
<msg timestamp="20230906 12:31:54.375" level="INFO">Clicking element 'xpath=//*[@id="btn_AddSurvey"]'.</msg>
<status status="PASS" starttime="20230906 12:31:54.375" endtime="20230906 12:31:54.484"/>
</kw>
<status status="PASS" starttime="20230906 12:31:52.638" endtime="20230906 12:31:54.484"/>
</iter>
<iter>
<var name="${robot}">{'Village': 'Sirukalattur', 'Surveynumber': 18, 'Subdivisionnum': ''}</var>
<kw name="Select From List By Label" library="SeleniumLibrary">
<arg>name=cmb_Village</arg>
<arg>${robot["Village"]}</arg>
<doc>Selects options from selection list ``locator`` by ``labels``.</doc>
<msg timestamp="20230906 12:31:54.487" level="INFO">Selecting options from selection list 'name=cmb_Village' by label Sirukalattur.</msg>
<status status="PASS" starttime="20230906 12:31:54.484" endtime="20230906 12:31:55.521"/>
</kw>
<kw name="Input Text" library="SeleniumLibrary">
<arg>id=txt_SurveyNo</arg>
<arg>${robot["Surveynumber"]}</arg>
<doc>Types the given ``text`` into the text field identified by ``locator``.</doc>
<msg timestamp="20230906 12:31:55.521" level="INFO">Typing text '18' into text field 'id=txt_SurveyNo'.</msg>
<status status="PASS" starttime="20230906 12:31:55.521" endtime="20230906 12:31:55.654"/>
</kw>
<kw name="Input Text" library="SeleniumLibrary">
<arg>id=txt_SubDivisionNo</arg>
<arg>${robot["Subdivisionnum"]}</arg>
<doc>Types the given ``text`` into the text field identified by ``locator``.</doc>
<msg timestamp="20230906 12:31:55.669" level="INFO">Typing text '' into text field 'id=txt_SubDivisionNo'.</msg>
<status status="PASS" starttime="20230906 12:31:55.654" endtime="20230906 12:31:55.802"/>
</kw>
<kw name="Click Element" library="SeleniumLibrary">
<arg>xpath=//*[@id="btn_AddSurvey"]</arg>
<doc>Click the element identified by ``locator``.</doc>
<msg timestamp="20230906 12:31:55.803" level="INFO">Clicking element 'xpath=//*[@id="btn_AddSurvey"]'.</msg>
<status status="PASS" starttime="20230906 12:31:55.803" endtime="20230906 12:31:55.870"/>
</kw>
<status status="PASS" starttime="20230906 12:31:54.484" endtime="20230906 12:31:55.870"/>
</iter>
<iter>
<var name="${robot}">{'Village': 'Sirukalattur', 'Surveynumber': 19, 'Subdivisionnum': ''}</var>
<kw name="Select From List By Label" library="SeleniumLibrary">
<arg>name=cmb_Village</arg>
<arg>${robot["Village"]}</arg>
<doc>Selects options from selection list ``locator`` by ``labels``.</doc>
<msg timestamp="20230906 12:31:55.882" level="INFO">Selecting options from selection list 'name=cmb_Village' by label Sirukalattur.</msg>
<status status="PASS" starttime="20230906 12:31:55.882" endtime="20230906 12:31:56.122"/>
</kw>
<kw name="Input Text" library="SeleniumLibrary">
<arg>id=txt_SurveyNo</arg>
<arg>${robot["Surveynumber"]}</arg>
<doc>Types the given ``text`` into the text field identified by ``locator``.</doc>
<msg timestamp="20230906 12:31:56.125" level="INFO">Typing text '19' into text field 'id=txt_SurveyNo'.</msg>
<status status="PASS" starttime="20230906 12:31:56.122" endtime="20230906 12:31:56.287"/>
</kw>
<kw name="Input Text" library="SeleniumLibrary">
<arg>id=txt_SubDivisionNo</arg>
<arg>${robot["Subdivisionnum"]}</arg>
<doc>Types the given ``text`` into the text field identified by ``locator``.</doc>
<msg timestamp="20230906 12:31:56.287" level="INFO">Typing text '' into text field 'id=txt_SubDivisionNo'.</msg>
<status status="PASS" starttime="20230906 12:31:56.287" endtime="20230906 12:31:56.458"/>
</kw>
<kw name="Click Element" library="SeleniumLibrary">
<arg>xpath=//*[@id="btn_AddSurvey"]</arg>
<doc>Click the element identified by ``locator``.</doc>
<msg timestamp="20230906 12:31:56.464" level="INFO">Clicking element 'xpath=//*[@id="btn_AddSurvey"]'.</msg>
<status status="PASS" starttime="20230906 12:31:56.458" endtime="20230906 12:31:56.554"/>
</kw>
<status status="PASS" starttime="20230906 12:31:55.870" endtime="20230906 12:31:56.554"/>
</iter>
<iter>
<var name="${robot}">{'Village': 'Sirukalattur', 'Surveynumber': 20, 'Subdivisionnum': ''}</var>
<kw name="Select From List By Label" library="SeleniumLibrary">
<arg>name=cmb_Village</arg>
<arg>${robot["Village"]}</arg>
<doc>Selects options from selection list ``locator`` by ``labels``.</doc>
<msg timestamp="20230906 12:31:56.554" level="INFO">Selecting options from selection list 'name=cmb_Village' by label Sirukalattur.</msg>
<status status="PASS" starttime="20230906 12:31:56.554" endtime="20230906 12:31:56.766"/>
</kw>
<kw name="Input Text" library="SeleniumLibrary">
<arg>id=txt_SurveyNo</arg>
<arg>${robot["Surveynumber"]}</arg>
<doc>Types the given ``text`` into the text field identified by ``locator``.</doc>
<msg timestamp="20230906 12:31:56.770" level="INFO">Typing text '20' into text field 'id=txt_SurveyNo'.</msg>
<status status="PASS" starttime="20230906 12:31:56.766" endtime="20230906 12:31:56.969"/>
</kw>
<kw name="Input Text" library="SeleniumLibrary">
<arg>id=txt_SubDivisionNo</arg>
<arg>${robot["Subdivisionnum"]}</arg>
<doc>Types the given ``text`` into the text field identified by ``locator``.</doc>
<msg timestamp="20230906 12:31:56.970" level="INFO">Typing text '' into text field 'id=txt_SubDivisionNo'.</msg>
<status status="PASS" starttime="20230906 12:31:56.969" endtime="20230906 12:31:57.137"/>
</kw>
<kw name="Click Element" library="SeleniumLibrary">
<arg>xpath=//*[@id="btn_AddSurvey"]</arg>
<doc>Click the element identified by ``locator``.</doc>
<msg timestamp="20230906 12:31:57.140" level="INFO">Clicking element 'xpath=//*[@id="btn_AddSurvey"]'.</msg>
<status status="PASS" starttime="20230906 12:31:57.140" endtime="20230906 12:31:57.219"/>
</kw>
<status status="PASS" starttime="20230906 12:31:56.554" endtime="20230906 12:31:57.219"/>
</iter>
<iter>
<var name="${robot}">{'Village': 'Sirukalattur', 'Surveynumber': 21, 'Subdivisionnum': ''}</var>
<kw name="Select From List By Label" library="SeleniumLibrary">
<arg>name=cmb_Village</arg>
<arg>${robot["Village"]}</arg>
<doc>Selects options from selection list ``locator`` by ``labels``.</doc>
<msg timestamp="20230906 12:31:57.220" level="INFO">Selecting options from selection list 'name=cmb_Village' by label Sirukalattur.</msg>
<status status="PASS" starttime="20230906 12:31:57.219" endtime="20230906 12:31:57.457"/>
</kw>
<kw name="Input Text" library="SeleniumLibrary">
<arg>id=txt_SurveyNo</arg>
<arg>${robot["Surveynumber"]}</arg>
<doc>Types the given ``text`` into the text field identified by ``locator``.</doc>
<msg timestamp="20230906 12:31:57.457" level="INFO">Typing text '21' into text field 'id=txt_SurveyNo'.</msg>
<status status="PASS" starttime="20230906 12:31:57.457" endtime="20230906 12:31:57.636"/>
</kw>
<kw name="Input Text" library="SeleniumLibrary">
<arg>id=txt_SubDivisionNo</arg>
<arg>${robot["Subdivisionnum"]}</arg>
<doc>Types the given ``text`` into the text field identified by ``locator``.</doc>
<msg timestamp="20230906 12:31:57.636" level="INFO">Typing text '' into text field 'id=txt_SubDivisionNo'.</msg>
<status status="PASS" starttime="20230906 12:31:57.636" endtime="20230906 12:31:57.803"/>
</kw>
<kw name="Click Element" library="SeleniumLibrary">
<arg>xpath=//*[@id="btn_AddSurvey"]</arg>
<doc>Click the element identified by ``locator``.</doc>
<msg timestamp="20230906 12:31:57.803" level="INFO">Clicking element 'xpath=//*[@id="btn_AddSurvey"]'.</msg>
<status status="PASS" starttime="20230906 12:31:57.803" endtime="20230906 12:31:57.895"/>
</kw>
<status status="PASS" starttime="20230906 12:31:57.219" endtime="20230906 12:31:57.895"/>
</iter>
<iter>
<var name="${robot}">{'Village': 'Sirukalattur', 'Surveynumber': 22, 'Subdivisionnum': ''}</var>
<kw name="Select From List By Label" library="SeleniumLibrary">
<arg>name=cmb_Village</arg>
<arg>${robot["Village"]}</arg>
<doc>Selects options from selection list ``locator`` by ``labels``.</doc>
<msg timestamp="20230906 12:31:57.904" level="INFO">Selecting options from selection list 'name=cmb_Village' by label Sirukalattur.</msg>
<status status="PASS" starttime="20230906 12:31:57.902" endtime="20230906 12:31:58.181"/>
</kw>
<kw name="Input Text" library="SeleniumLibrary">
<arg>id=txt_SurveyNo</arg>
<arg>${robot["Surveynumber"]}</arg>
<doc>Types the given ``text`` into the text field identified by ``locator``.</doc>
<msg timestamp="20230906 12:31:58.183" level="INFO">Typing text '22' into text field 'id=txt_SurveyNo'.</msg>
<status status="PASS" starttime="20230906 12:31:58.182" endtime="20230906 12:31:58.362"/>
</kw>
<kw name="Input Text" library="SeleniumLibrary">
<arg>id=txt_SubDivisionNo</arg>
<arg>${robot["Subdivisionnum"]}</arg>
<doc>Types the given ``text`` into the text field identified by ``locator``.</doc>
<msg timestamp="20230906 12:31:58.362" level="INFO">Typing text '' into text field 'id=txt_SubDivisionNo'.</msg>
<status status="PASS" starttime="20230906 12:31:58.362" endtime="20230906 12:31:58.536"/>
</kw>
<kw name="Click Element" library="SeleniumLibrary">
<arg>xpath=//*[@id="btn_AddSurvey"]</arg>
<doc>Click the element identified by ``locator``.</doc>
<msg timestamp="20230906 12:31:58.540" level="INFO">Clicking element 'xpath=//*[@id="btn_AddSurvey"]'.</msg>
<status status="PASS" starttime="20230906 12:31:58.536" endtime="20230906 12:31:58.630"/>
</kw>
<status status="PASS" starttime="20230906 12:31:57.902" endtime="20230906 12:31:58.630"/>
</iter>
<iter>
<var name="${robot}">{'Village': 'Sirukalattur', 'Surveynumber': 23, 'Subdivisionnum': ''}</var>
<kw name="Select From List By Label" library="SeleniumLibrary">
<arg>name=cmb_Village</arg>
<arg>${robot["Village"]}</arg>
<doc>Selects options from selection list ``locator`` by ``labels``.</doc>
<msg timestamp="20230906 12:31:58.637" level="INFO">Selecting options from selection list 'name=cmb_Village' by label Sirukalattur.</msg>
<status status="PASS" starttime="20230906 12:31:58.630" endtime="20230906 12:31:58.863"/>
</kw>
<kw name="Input Text" library="SeleniumLibrary">
<arg>id=txt_SurveyNo</arg>
<arg>${robot["Surveynumber"]}</arg>
<doc>Types the given ``text`` into the text field identified by ``locator``.</doc>
<msg timestamp="20230906 12:31:58.867" level="INFO">Typing text '23' into text field 'id=txt_SurveyNo'.</msg>
<status status="PASS" starttime="20230906 12:31:58.864" endtime="20230906 12:31:59.054"/>
</kw>
<kw name="Input Text" library="SeleniumLibrary">
<arg>id=txt_SubDivisionNo</arg>
<arg>${robot["Subdivisionnum"]}</arg>
<doc>Types the given ``text`` into the text field identified by ``locator``.</doc>
<msg timestamp="20230906 12:31:59.061" level="INFO">Typing text '' into text field 'id=txt_SubDivisionNo'.</msg>
<status status="PASS" starttime="20230906 12:31:59.054" endtime="20230906 12:31:59.179"/>
</kw>
<kw name="Click Element" library="SeleniumLibrary">
<arg>xpath=//*[@id="btn_AddSurvey"]</arg>
<doc>Click the element identified by ``locator``.</doc>
<msg timestamp="20230906 12:31:59.180" level="INFO">Clicking element 'xpath=//*[@id="btn_AddSurvey"]'.</msg>
<status status="PASS" starttime="20230906 12:31:59.179" endtime="20230906 12:31:59.253"/>
</kw>
<status status="PASS" starttime="20230906 12:31:58.630" endtime="20230906 12:31:59.253"/>
</iter>
<iter>
<var name="${robot}">{'Village': 'Sirukalattur', 'Surveynumber': 24, 'Subdivisionnum': ''}</var>
<kw name="Select From List By Label" library="SeleniumLibrary">
<arg>name=cmb_Village</arg>
<arg>${robot["Village"]}</arg>
<doc>Selects options from selection list ``locator`` by ``labels``.</doc>
<msg timestamp="20230906 12:31:59.253" level="INFO">Selecting options from selection list 'name=cmb_Village' by label Sirukalattur.</msg>
<status status="PASS" starttime="20230906 12:31:59.253" endtime="20230906 12:31:59.469"/>
</kw>
<kw name="Input Text" library="SeleniumLibrary">
<arg>id=txt_SurveyNo</arg>
<arg>${robot["Surveynumber"]}</arg>
<doc>Types the given ``text`` into the text field identified by ``locator``.</doc>
<msg timestamp="20230906 12:31:59.473" level="INFO">Typing text '24' into text field 'id=txt_SurveyNo'.</msg>
<status status="PASS" starttime="20230906 12:31:59.469" endtime="20230906 12:31:59.597"/>
</kw>
<kw name="Input Text" library="SeleniumLibrary">
<arg>id=txt_SubDivisionNo</arg>
<arg>${robot["Subdivisionnum"]}</arg>
<doc>Types the given ``text`` into the text field identified by ``locator``.</doc>
<msg timestamp="20230906 12:31:59.602" level="INFO">Typing text '' into text field 'id=txt_SubDivisionNo'.</msg>
<status status="PASS" starttime="20230906 12:31:59.597" endtime="20230906 12:31:59.720"/>
</kw>
<kw name="Click Element" library="SeleniumLibrary">
<arg>xpath=//*[@id="btn_AddSurvey"]</arg>
<doc>Click the element identified by ``locator``.</doc>
<msg timestamp="20230906 12:31:59.723" level="INFO">Clicking element 'xpath=//*[@id="btn_AddSurvey"]'.</msg>
<status status="PASS" starttime="20230906 12:31:59.723" endtime="20230906 12:31:59.797"/>
</kw>
<status status="PASS" starttime="20230906 12:31:59.253" endtime="20230906 12:31:59.797"/>
</iter>
<iter>
<var name="${robot}">{'Village': 'Sirukalattur', 'Surveynumber': 25, 'Subdivisionnum': ''}</var>
<kw name="Select From List By Label" library="SeleniumLibrary">
<arg>name=cmb_Village</arg>
<arg>${robot["Village"]}</arg>
<doc>Selects options from selection list ``locator`` by ``labels``.</doc>
<msg timestamp="20230906 12:31:59.797" level="INFO">Selecting options from selection list 'name=cmb_Village' by label Sirukalattur.</msg>
<status status="PASS" starttime="20230906 12:31:59.797" endtime="20230906 12:32:00.020"/>
</kw>
<kw name="Input Text" library="SeleniumLibrary">
<arg>id=txt_SurveyNo</arg>
<arg>${robot["Surveynumber"]}</arg>
<doc>Types the given ``text`` into the text field identified by ``locator``.</doc>
<msg timestamp="20230906 12:32:00.020" level="INFO">Typing text '25' into text field 'id=txt_SurveyNo'.</msg>
<status status="PASS" starttime="20230906 12:32:00.020" endtime="20230906 12:32:00.203"/>
</kw>
<kw name="Input Text" library="SeleniumLibrary">
<arg>id=txt_SubDivisionNo</arg>
<arg>${robot["Subdivisionnum"]}</arg>
<doc>Types the given ``text`` into the text field identified by ``locator``.</doc>
<msg timestamp="20230906 12:32:00.203" level="INFO">Typing text '' into text field 'id=txt_SubDivisionNo'.</msg>
<status status="PASS" starttime="20230906 12:32:00.203" endtime="20230906 12:32:00.346"/>
</kw>
<kw name="Click Element" library="SeleniumLibrary">
<arg>xpath=//*[@id="btn_AddSurvey"]</arg>
<doc>Click the element identified by ``locator``.</doc>
<msg timestamp="20230906 12:32:00.346" level="INFO">Clicking element 'xpath=//*[@id="btn_AddSurvey"]'.</msg>
<status status="PASS" starttime="20230906 12:32:00.346" endtime="20230906 12:32:00.445"/>
</kw>
<status status="PASS" starttime="20230906 12:31:59.797" endtime="20230906 12:32:00.445"/>
</iter>
<iter>
<var name="${robot}">{'Village': 'Sirukalattur', 'Surveynumber': 26, 'Subdivisionnum': ''}</var>
<kw name="Select From List By Label" library="SeleniumLibrary">
<arg>name=cmb_Village</arg>
<arg>${robot["Village"]}</arg>
<doc>Selects options from selection list ``locator`` by ``labels``.</doc>
<msg timestamp="20230906 12:32:00.452" level="INFO">Selecting options from selection list 'name=cmb_Village' by label Sirukalattur.</msg>
<status status="PASS" starttime="20230906 12:32:00.445" endtime="20230906 12:32:00.692"/>
</kw>
<kw name="Input Text" library="SeleniumLibrary">
<arg>id=txt_SurveyNo</arg>
<arg>${robot["Surveynumber"]}</arg>
<doc>Types the given ``text`` into the text field identified by ``locator``.</doc>
<msg timestamp="20230906 12:32:00.700" level="INFO">Typing text '26' into text field 'id=txt_SurveyNo'.</msg>
<status status="PASS" starttime="20230906 12:32:00.692" endtime="20230906 12:32:00.847"/>
</kw>
<kw name="Input Text" library="SeleniumLibrary">
<arg>id=txt_SubDivisionNo</arg>
<arg>${robot["Subdivisionnum"]}</arg>
<doc>Types the given ``text`` into the text field identified by ``locator``.</doc>
<msg timestamp="20230906 12:32:00.852" level="INFO">Typing text '' into text field 'id=txt_SubDivisionNo'.</msg>
<status status="PASS" starttime="20230906 12:32:00.852" endtime="20230906 12:32:00.985"/>
</kw>
<kw name="Click Element" library="SeleniumLibrary">
<arg>xpath=//*[@id="btn_AddSurvey"]</arg>
<doc>Click the element identified by ``locator``.</doc>
<msg timestamp="20230906 12:32:00.985" level="INFO">Clicking element 'xpath=//*[@id="btn_AddSurvey"]'.</msg>
<status status="PASS" starttime="20230906 12:32:00.985" endtime="20230906 12:32:01.072"/>
</kw>
<status status="PASS" starttime="20230906 12:32:00.445" endtime="20230906 12:32:01.072"/>
</iter>
<iter>
<var name="${robot}">{'Village': 'Sirukalattur', 'Surveynumber': 27, 'Subdivisionnum': ''}</var>
<kw name="Select From List By Label" library="SeleniumLibrary">
<arg>name=cmb_Village</arg>
<arg>${robot["Village"]}</arg>
<doc>Selects options from selection list ``locator`` by ``labels``.</doc>
<msg timestamp="20230906 12:32:01.082" level="INFO">Selecting options from selection list 'name=cmb_Village' by label Sirukalattur.</msg>
<status status="PASS" starttime="20230906 12:32:01.072" endtime="20230906 12:32:02.041"/>
</kw>
<kw name="Input Text" library="SeleniumLibrary">
<arg>id=txt_SurveyNo</arg>
<arg>${robot["Surveynumber"]}</arg>
<doc>Types the given ``text`` into the text field identified by ``locator``.</doc>
<msg timestamp="20230906 12:32:02.041" level="INFO">Typing text '27' into text field 'id=txt_SurveyNo'.</msg>
<status status="PASS" starttime="20230906 12:32:02.041" endtime="20230906 12:32:02.190"/>
</kw>
<kw name="Input Text" library="SeleniumLibrary">
<arg>id=txt_SubDivisionNo</arg>
<arg>${robot["Subdivisionnum"]}</arg>
<doc>Types the given ``text`` into the text field identified by ``locator``.</doc>
<msg timestamp="20230906 12:32:02.195" level="INFO">Typing text '' into text field 'id=txt_SubDivisionNo'.</msg>
<status status="PASS" starttime="20230906 12:32:02.190" endtime="20230906 12:32:02.327"/>
</kw>
<kw name="Click Element" library="SeleniumLibrary">
<arg>xpath=//*[@id="btn_AddSurvey"]</arg>
<doc>Click the element identified by ``locator``.</doc>
<msg timestamp="20230906 12:32:02.336" level="INFO">Clicking element 'xpath=//*[@id="btn_AddSurvey"]'.</msg>
<status status="PASS" starttime="20230906 12:32:02.327" endtime="20230906 12:32:02.419"/>
</kw>
<status status="PASS" starttime="20230906 12:32:01.072" endtime="20230906 12:32:02.419"/>
</iter>
<iter>
<var name="${robot}">{'Village': 'Sirukalattur', 'Surveynumber': 28, 'Subdivisionnum': ''}</var>
<kw name="Select From List By Label" library="SeleniumLibrary">
<arg>name=cmb_Village</arg>
<arg>${robot["Village"]}</arg>
<doc>Selects options from selection list ``locator`` by ``labels``.</doc>
<msg timestamp="20230906 12:32:02.434" level="INFO">Selecting options from selection list 'name=cmb_Village' by label Sirukalattur.</msg>
<status status="PASS" starttime="20230906 12:32:02.431" endtime="20230906 12:32:02.681"/>
</kw>
<kw name="Input Text" library="SeleniumLibrary">
<arg>id=txt_SurveyNo</arg>
<arg>${robot["Surveynumber"]}</arg>
<doc>Types the given ``text`` into the text field identified by ``locator``.</doc>
<msg timestamp="20230906 12:32:02.681" level="INFO">Typing text '28' into text field 'id=txt_SurveyNo'.</msg>
<status status="PASS" starttime="20230906 12:32:02.681" endtime="20230906 12:32:02.857"/>
</kw>
<kw name="Input Text" library="SeleniumLibrary">
<arg>id=txt_SubDivisionNo</arg>
<arg>${robot["Subdivisionnum"]}</arg>
<doc>Types the given ``text`` into the text field identified by ``locator``.</doc>
<msg timestamp="20230906 12:32:02.857" level="INFO">Typing text '' into text field 'id=txt_SubDivisionNo'.</msg>
<status status="PASS" starttime="20230906 12:32:02.857" endtime="20230906 12:32:03.018"/>
</kw>
<kw name="Click Element" library="SeleniumLibrary">
<arg>xpath=//*[@id="btn_AddSurvey"]</arg>
<doc>Click the element identified by ``locator``.</doc>
<msg timestamp="20230906 12:32:03.020" level="INFO">Clicking element 'xpath=//*[@id="btn_AddSurvey"]'.</msg>
<status status="PASS" starttime="20230906 12:32:03.020" endtime="20230906 12:32:03.115"/>
</kw>
<status status="PASS" starttime="20230906 12:32:02.430" endtime="20230906 12:32:03.115"/>
</iter>
<iter>
<var name="${robot}">{'Village': 'Sirukalattur', 'Surveynumber': 29, 'Subdivisionnum': ''}</var>
<kw name="Select From List By Label" library="SeleniumLibrary">
<arg>name=cmb_Village</arg>
<arg>${robot["Village"]}</arg>
<doc>Selects options from selection list ``locator`` by ``labels``.</doc>
<msg timestamp="20230906 12:32:03.121" level="INFO">Selecting options from selection list 'name=cmb_Village' by label Sirukalattur.</msg>
<status status="PASS" starttime="20230906 12:32:03.118" endtime="20230906 12:32:03.351"/>
</kw>
<kw name="Input Text" library="SeleniumLibrary">
<arg>id=txt_SurveyNo</arg>
<arg>${robot["Surveynumber"]}</arg>
<doc>Types the given ``text`` into the text field identified by ``locator``.</doc>
<msg timestamp="20230906 12:32:03.353" level="INFO">Typing text '29' into text field 'id=txt_SurveyNo'.</msg>
<status status="PASS" starttime="20230906 12:32:03.351" endtime="20230906 12:32:03.530"/>
</kw>
<kw name="Input Text" library="SeleniumLibrary">
<arg>id=txt_SubDivisionNo</arg>
<arg>${robot["Subdivisionnum"]}</arg>
<doc>Types the given ``text`` into the text field identified by ``locator``.</doc>
<msg timestamp="20230906 12:32:03.536" level="INFO">Typing text '' into text field 'id=txt_SubDivisionNo'.</msg>
<status status="PASS" starttime="20230906 12:32:03.530" endtime="20230906 12:32:03.693"/>
</kw>
<kw name="Click Element" library="SeleniumLibrary">
<arg>xpath=//*[@id="btn_AddSurvey"]</arg>
<doc>Click the element identified by ``locator``.</doc>
<msg timestamp="20230906 12:32:03.693" level="INFO">Clicking element 'xpath=//*[@id="btn_AddSurvey"]'.</msg>
<status status="PASS" starttime="20230906 12:32:03.693" endtime="20230906 12:32:03.786"/>
</kw>
<status status="PASS" starttime="20230906 12:32:03.115" endtime="20230906 12:32:03.786"/>
</iter>
<iter>
<var name="${robot}">{'Village': 'Sirukalattur', 'Surveynumber': 30, 'Subdivisionnum': ''}</var>
<kw name="Select From List By Label" library="SeleniumLibrary">
<arg>name=cmb_Village</arg>
<arg>${robot["Village"]}</arg>
<doc>Selects options from selection list ``locator`` by ``labels``.</doc>
<msg timestamp="20230906 12:32:03.789" level="INFO">Selecting options from selection list 'name=cmb_Village' by label Sirukalattur.</msg>
<status status="PASS" starttime="20230906 12:32:03.786" endtime="20230906 12:32:04.009"/>
</kw>
<kw name="Input Text" library="SeleniumLibrary">
<arg>id=txt_SurveyNo</arg>
<arg>${robot["Surveynumber"]}</arg>
<doc>Types the given ``text`` into the text field identified by ``locator``.</doc>
<msg timestamp="20230906 12:32:04.009" level="INFO">Typing text '30' into text field 'id=txt_SurveyNo'.</msg>
<status status="PASS" starttime="20230906 12:32:04.009" endtime="20230906 12:32:04.217"/>
</kw>
<kw name="Input Text" library="SeleniumLibrary">
<arg>id=txt_SubDivisionNo</arg>
<arg>${robot["Subdivisionnum"]}</arg>
<doc>Types the given ``text`` into the text field identified by ``locator``.</doc>
<msg timestamp="20230906 12:32:04.220" level="INFO">Typing text '' into text field 'id=txt_SubDivisionNo'.</msg>
<status status="PASS" starttime="20230906 12:32:04.217" endtime="20230906 12:32:04.344"/>
</kw>
<kw name="Click Element" library="SeleniumLibrary">
<arg>xpath=//*[@id="btn_AddSurvey"]</arg>
<doc>Click the element identified by ``locator``.</doc>
<msg timestamp="20230906 12:32:04.344" level="INFO">Clicking element 'xpath=//*[@id="btn_AddSurvey"]'.</msg>
<status status="PASS" starttime="20230906 12:32:04.344" endtime="20230906 12:32:04.422"/>
</kw>
<status status="PASS" starttime="20230906 12:32:03.786" endtime="20230906 12:32:04.422"/>
</iter>
<iter>
<var name="${robot}">{'Village': 'Sirukalattur', 'Surveynumber': 31, 'Subdivisionnum': ''}</var>
<kw name="Select From List By Label" library="SeleniumLibrary">
<arg>name=cmb_Village</arg>
<arg>${robot["Village"]}</arg>
<doc>Selects options from selection list ``locator`` by ``labels``.</doc>
<msg timestamp="20230906 12:32:04.422" level="INFO">Selecting options from selection list 'name=cmb_Village' by label Sirukalattur.</msg>
<status status="PASS" starttime="20230906 12:32:04.422" endtime="20230906 12:32:04.654"/>
</kw>
<kw name="Input Text" library="SeleniumLibrary">
<arg>id=txt_SurveyNo</arg>
<arg>${robot["Surveynumber"]}</arg>
<doc>Types the given ``text`` into the text field identified by ``locator``.</doc>
<msg timestamp="20230906 12:32:04.654" level="INFO">Typing text '31' into text field 'id=txt_SurveyNo'.</msg>
<status status="PASS" starttime="20230906 12:32:04.654" endtime="20230906 12:32:04.788"/>
</kw>
<kw name="Input Text" library="SeleniumLibrary">
<arg>id=txt_SubDivisionNo</arg>
<arg>${robot["Subdivisionnum"]}</arg>
<doc>Types the given ``text`` into the text field identified by ``locator``.</doc>
<msg timestamp="20230906 12:32:04.788" level="INFO">Typing text '' into text field 'id=txt_SubDivisionNo'.</msg>
<status status="PASS" starttime="20230906 12:32:04.788" endtime="20230906 12:32:04.930"/>
</kw>
<kw name="Click Element" library="SeleniumLibrary">
<arg>xpath=//*[@id="btn_AddSurvey"]</arg>
<doc>Click the element identified by ``locator``.</doc>
<msg timestamp="20230906 12:32:04.930" level="INFO">Clicking element 'xpath=//*[@id="btn_AddSurvey"]'.</msg>
<status status="PASS" starttime="20230906 12:32:04.930" endtime="20230906 12:32:05.030"/>
</kw>
<status status="PASS" starttime="20230906 12:32:04.422" endtime="20230906 12:32:05.030"/>
</iter>
<iter>
<var name="${robot}">{'Village': 'Sirukalattur', 'Surveynumber': 32, 'Subdivisionnum': ''}</var>
<kw name="Select From List By Label" library="SeleniumLibrary">
<arg>name=cmb_Village</arg>
<arg>${robot["Village"]}</arg>
<doc>Selects options from selection list ``locator`` by ``labels``.</doc>
<msg timestamp="20230906 12:32:05.035" level="INFO">Selecting options from selection list 'name=cmb_Village' by label Sirukalattur.</msg>
<status status="PASS" starttime="20230906 12:32:05.030" endtime="20230906 12:32:05.326"/>
</kw>
<kw name="Input Text" library="SeleniumLibrary">
<arg>id=txt_SurveyNo</arg>
<arg>${robot["Surveynumber"]}</arg>
<doc>Types the given ``text`` into the text field identified by ``locator``.</doc>
<msg timestamp="20230906 12:32:05.326" level="INFO">Typing text '32' into text field 'id=txt_SurveyNo'.</msg>
<status status="PASS" starttime="20230906 12:32:05.326" endtime="20230906 12:32:05.503"/>
</kw>
<kw name="Input Text" library="SeleniumLibrary">
<arg>id=txt_SubDivisionNo</arg>
<arg>${robot["Subdivisionnum"]}</arg>
<doc>Types the given ``text`` into the text field identified by ``locator``.</doc>
<msg timestamp="20230906 12:32:05.506" level="INFO">Typing text '' into text field 'id=txt_SubDivisionNo'.</msg>
<status status="PASS" starttime="20230906 12:32:05.503" endtime="20230906 12:32:05.670"/>
</kw>
<kw name="Click Element" library="SeleniumLibrary">
<arg>xpath=//*[@id="btn_AddSurvey"]</arg>
<doc>Click the element identified by ``locator``.</doc>
<msg timestamp="20230906 12:32:05.670" level="INFO">Clicking element 'xpath=//*[@id="btn_AddSurvey"]'.</msg>
<status status="PASS" starttime="20230906 12:32:05.670" endtime="20230906 12:32:05.747"/>
</kw>
<status status="PASS" starttime="20230906 12:32:05.030" endtime="20230906 12:32:05.747"/>
</iter>
<iter>
<var name="${robot}">{'Village': 'Sirukalattur', 'Surveynumber': 33, 'Subdivisionnum': ''}</var>
<kw name="Select From List By Label" library="SeleniumLibrary">
<arg>name=cmb_Village</arg>
<arg>${robot["Village"]}</arg>
<doc>Selects options from selection list ``locator`` by ``labels``.</doc>
<msg timestamp="20230906 12:32:05.752" level="INFO">Selecting options from selection list 'name=cmb_Village' by label Sirukalattur.</msg>
<status status="PASS" starttime="20230906 12:32:05.751" endtime="20230906 12:32:05.940"/>
</kw>
<kw name="Input Text" library="SeleniumLibrary">
<arg>id=txt_SurveyNo</arg>
<arg>${robot["Surveynumber"]}</arg>
<doc>Types the given ``text`` into the text field identified by ``locator``.</doc>
<msg timestamp="20230906 12:32:05.940" level="INFO">Typing text '33' into text field 'id=txt_SurveyNo'.</msg>
<status status="PASS" starttime="20230906 12:32:05.940" endtime="20230906 12:32:06.135"/>
</kw>
<kw name="Input Text" library="SeleniumLibrary">
<arg>id=txt_SubDivisionNo</arg>
<arg>${robot["Subdivisionnum"]}</arg>
<doc>Types the given ``text`` into the text field identified by ``locator``.</doc>
<msg timestamp="20230906 12:32:06.142" level="INFO">Typing text '' into text field 'id=txt_SubDivisionNo'.</msg>
<status status="PASS" starttime="20230906 12:32:06.138" endtime="20230906 12:32:06.263"/>
</kw>
<kw name="Click Element" library="SeleniumLibrary">
<arg>xpath=//*[@id="btn_AddSurvey"]</arg>
<doc>Click the element identified by ``locator``.</doc>
<msg timestamp="20230906 12:32:06.263" level="INFO">Clicking element 'xpath=//*[@id="btn_AddSurvey"]'.</msg>
<status status="PASS" starttime="20230906 12:32:06.263" endtime="20230906 12:32:06.344"/>
</kw>
<status status="PASS" starttime="20230906 12:32:05.747" endtime="20230906 12:32:06.344"/>
</iter>
<iter>
<var name="${robot}">{'Village': 'Sirukalattur', 'Surveynumber': 34, 'Subdivisionnum': ''}</var>
<kw name="Select From List By Label" library="SeleniumLibrary">
<arg>name=cmb_Village</arg>
<arg>${robot["Village"]}</arg>
<doc>Selects options from selection list ``locator`` by ``labels``.</doc>
<msg timestamp="20230906 12:32:06.348" level="INFO">Selecting options from selection list 'name=cmb_Village' by label Sirukalattur.</msg>
<status status="PASS" starttime="20230906 12:32:06.344" endtime="20230906 12:32:06.560"/>
</kw>
<kw name="Input Text" library="SeleniumLibrary">
<arg>id=txt_SurveyNo</arg>
<arg>${robot["Surveynumber"]}</arg>
<doc>Types the given ``text`` into the text field identified by ``locator``.</doc>
<msg timestamp="20230906 12:32:06.560" level="INFO">Typing text '34' into text field 'id=txt_SurveyNo'.</msg>
<status status="PASS" starttime="20230906 12:32:06.560" endtime="20230906 12:32:06.744"/>
</kw>
<kw name="Input Text" library="SeleniumLibrary">
<arg>id=txt_SubDivisionNo</arg>
<arg>${robot["Subdivisionnum"]}</arg>
<doc>Types the given ``text`` into the text field identified by ``locator``.</doc>
<msg timestamp="20230906 12:32:06.744" level="INFO">Typing text '' into text field 'id=txt_SubDivisionNo'.</msg>
<status status="PASS" starttime="20230906 12:32:06.744" endtime="20230906 12:32:06.919"/>
</kw>
<kw name="Click Element" library="SeleniumLibrary">
<arg>xpath=//*[@id="btn_AddSurvey"]</arg>
<doc>Click the element identified by ``locator``.</doc>
<msg timestamp="20230906 12:32:06.919" level="INFO">Clicking element 'xpath=//*[@id="btn_AddSurvey"]'.</msg>
<status status="PASS" starttime="20230906 12:32:06.919" endtime="20230906 12:32:07.015"/>
</kw>
<status status="PASS" starttime="20230906 12:32:06.344" endtime="20230906 12:32:07.015"/>
</iter>
<iter>
<var name="${robot}">{'Village': 'Sirukalattur', 'Surveynumber': 35, 'Subdivisionnum': ''}</var>
<kw name="Select From List By Label" library="SeleniumLibrary">
<arg>name=cmb_Village</arg>
<arg>${robot["Village"]}</arg>
<doc>Selects options from selection list ``locator`` by ``labels``.</doc>
<msg timestamp="20230906 12:32:07.019" level="INFO">Selecting options from selection list 'name=cmb_Village' by label Sirukalattur.</msg>
<status status="PASS" starttime="20230906 12:32:07.015" endtime="20230906 12:32:07.270"/>
</kw>
<kw name="Input Text" library="SeleniumLibrary">
<arg>id=txt_SurveyNo</arg>
<arg>${robot["Surveynumber"]}</arg>
<doc>Types the given ``text`` into the text field identified by ``locator``.</doc>
<msg timestamp="20230906 12:32:07.270" level="INFO">Typing text '35' into text field 'id=txt_SurveyNo'.</msg>
<status status="PASS" starttime="20230906 12:32:07.270" endtime="20230906 12:32:07.420"/>
</kw>
<kw name="Input Text" library="SeleniumLibrary">
<arg>id=txt_SubDivisionNo</arg>
<arg>${robot["Subdivisionnum"]}</arg>
<doc>Types the given ``text`` into the text field identified by ``locator``.</doc>
<msg timestamp="20230906 12:32:07.428" level="INFO">Typing text '' into text field 'id=txt_SubDivisionNo'.</msg>
<status status="PASS" starttime="20230906 12:32:07.420" endtime="20230906 12:32:07.557"/>
</kw>
<kw name="Click Element" library="SeleniumLibrary">
<arg>xpath=//*[@id="btn_AddSurvey"]</arg>
<doc>Click the element identified by ``locator``.</doc>
<msg timestamp="20230906 12:32:07.564" level="INFO">Clicking element 'xpath=//*[@id="btn_AddSurvey"]'.</msg>
<status status="PASS" starttime="20230906 12:32:07.557" endtime="20230906 12:32:07.666"/>
</kw>
<status status="PASS" starttime="20230906 12:32:07.015" endtime="20230906 12:32:07.666"/>
</iter>
<iter>
<var name="${robot}">{'Village': 'Sirukalattur', 'Surveynumber': 36, 'Subdivisionnum': ''}</var>
<kw name="Select From List By Label" library="SeleniumLibrary">
<arg>name=cmb_Village</arg>
<arg>${robot["Village"]}</arg>
<doc>Selects options from selection list ``locator`` by ``labels``.</doc>
<msg timestamp="20230906 12:32:07.669" level="INFO">Selecting options from selection list 'name=cmb_Village' by label Sirukalattur.</msg>
[...]
<kw name="Select From List By Label" library="SeleniumLibrary">
<arg>name=cmb_Village</arg>
<arg>${robot["Village"]}</arg>
<doc>Selects options from selection list ``locator`` by ``labels``.</doc>
<msg timestamp="20230906 12:33:04.588" level="INFO">Selecting options from selection list 'name=cmb_Village' by label Sirukalattur.</msg>
<status status="PASS" starttime="20230906 12:33:04.588" endtime="20230906 12:33:04.871"/>
</kw>
<kw name="Input Text" library="SeleniumLibrary">
<arg>id=txt_SurveyNo</arg>
<arg>${robot["Surveynumber"]}</arg>
<doc>Types the given ``text`` into the text field identified by ``locator``.</doc>
<msg timestamp="20230906 12:33:04.871" level="INFO">Typing text '116' into text field 'id=txt_SurveyNo'.</msg>
<status status="PASS" starttime="20230906 12:33:04.871" endtime="20230906 12:33:05.013"/>
</kw>
<kw name="Input Text" library="SeleniumLibrary">
<arg>id=txt_SubDivisionNo</arg>
<arg>${robot["Subdivisionnum"]}</arg>
<doc>Types the given ``text`` into the text field identified by ``locator``.</doc>
<msg timestamp="20230906 12:33:05.013" level="INFO">Typing text '' into text field 'id=txt_SubDivisionNo'.</msg>
<status status="PASS" starttime="20230906 12:33:05.013" endtime="20230906 12:33:05.136"/>
</kw>
<kw name="Click Element" library="SeleniumLibrary">
<arg>xpath=//*[@id="btn_AddSurvey"]</arg>
<doc>Click the element identified by ``locator``.</doc>
<msg timestamp="20230906 12:33:05.138" level="INFO">Clicking element 'xpath=//*[@id="btn_AddSurvey"]'.</msg>
<status status="PASS" starttime="20230906 12:33:05.138" endtime="20230906 12:33:05.239"/>
</kw>
<status status="PASS" starttime="20230906 12:33:04.588" endtime="20230906 12:33:05.239"/>
</iter>
<iter>
<var name="${robot}">{'Village': 'Sirukalattur', 'Surveynumber': 117, 'Subdivisionnum': ''}</var>
<kw name="Select From List By Label" library="SeleniumLibrary">
<arg>name=cmb_Village</arg>
<arg>${robot["Village"]}</arg>
<doc>Selects options from selection list ``locator`` by ``labels``.</doc>
<msg timestamp="20230906 12:33:05.242" level="INFO">Selecting options from selection list 'name=cmb_Village' by label Sirukalattur.</msg>
<status status="PASS" starttime="20230906 12:33:05.239" endtime="20230906 12:33:05.496"/>
</kw>
<kw name="Input Text" library="SeleniumLibrary">
<arg>id=txt_SurveyNo</arg>
<arg>${robot["Surveynumber"]}</arg>
<doc>Types the given ``text`` into the text field identified by ``locator``.</doc>
<msg timestamp="20230906 12:33:05.500" level="INFO">Typing text '117' into text field 'id=txt_SurveyNo'.</msg>
<status status="PASS" starttime="20230906 12:33:05.496" endtime="20230906 12:33:05.643"/>
</kw>
<kw name="Input Text" library="SeleniumLibrary">
<arg>id=txt_SubDivisionNo</arg>
<arg>${robot["Subdivisionnum"]}</arg>
<doc>Types the given ``text`` into the text field identified by ``locator``.</doc>
<msg timestamp="20230906 12:33:05.643" level="INFO">Typing text '' into text field 'id=txt_SubDivisionNo'.</msg>
<status status="PASS" starttime="20230906 12:33:05.643" endtime="20230906 12:33:05.855"/>
</kw>
<kw name="Click Element" library="SeleniumLibrary">
<arg>xpath=//*[@id="btn_AddSurvey"]</arg>
<doc>Click the element identified by ``locator``.</doc>
<msg timestamp="20230906 12:33:05.855" level="INFO">Clicking element 'xpath=//*[@id="btn_AddSurvey"]'.</msg>
<status status="PASS" starttime="20230906 12:33:05.855" endtime="20230906 12:33:05.951"/>
</kw>
<status status="PASS" starttime="20230906 12:33:05.239" endtime="20230906 12:33:05.951"/>
</iter>
<iter>
<var name="${robot}">{'Village': 'Sirukalattur', 'Surveynumber': 118, 'Subdivisionnum': ''}</var>
<kw name="Select From List By Label" library="SeleniumLibrary">
<arg>name=cmb_Village</arg>
<arg>${robot["Village"]}</arg>
<doc>Selects options from selection list ``locator`` by ``labels``.</doc>
<msg timestamp="20230906 12:33:05.951" level="INFO">Selecting options from selection list 'name=cmb_Village' by label Sirukalattur.</msg>
<status status="PASS" starttime="20230906 12:33:05.951" endtime="20230906 12:33:06.200"/>
</kw>
<kw name="Input Text" library="SeleniumLibrary">
<arg>id=txt_SurveyNo</arg>
<arg>${robot["Surveynumber"]}</arg>
<doc>Types the given ``text`` into the text field identified by ``locator``.</doc>
<msg timestamp="20230906 12:33:06.209" level="INFO">Typing text '118' into text field 'id=txt_SurveyNo'.</msg>
<status status="PASS" starttime="20230906 12:33:06.200" endtime="20230906 12:33:06.410"/>
</kw>
<kw name="Input Text" library="SeleniumLibrary">
<arg>id=txt_SubDivisionNo</arg>
<arg>${robot["Subdivisionnum"]}</arg>
<doc>Types the given ``text`` into the text field identified by ``locator``.</doc>
<msg timestamp="20230906 12:33:06.410" level="INFO">Typing text '' into text field 'id=txt_SubDivisionNo'.</msg>
<status status="PASS" starttime="20230906 12:33:06.410" endtime="20230906 12:33:06.544"/>
</kw>
<kw name="Click Element" library="SeleniumLibrary">
<arg>xpath=//*[@id="btn_AddSurvey"]</arg>
<doc>Click the element identified by ``locator``.</doc>
<msg timestamp="20230906 12:33:06.549" level="INFO">Clicking element 'xpath=//*[@id="btn_AddSurvey"]'.</msg>
<status status="PASS" starttime="20230906 12:33:06.549" endtime="20230906 12:33:06.654"/>
</kw>
<status status="PASS" starttime="20230906 12:33:05.951" endtime="20230906 12:33:06.654"/>
</iter>
<iter>
<var name="${robot}">{'Village': 'Sirukalattur', 'Surveynumber': 119, 'Subdivisionnum': ''}</var>
<kw name="Select From List By Label" library="SeleniumLibrary">
<arg>name=cmb_Village</arg>
<arg>${robot["Village"]}</arg>
<doc>Selects options from selection list ``locator`` by ``labels``.</doc>
<msg timestamp="20230906 12:33:06.660" level="INFO">Selecting options from selection list 'name=cmb_Village' by label Sirukalattur.</msg>
<status status="PASS" starttime="20230906 12:33:06.658" endtime="20230906 12:33:06.967"/>
</kw>
<kw name="Input Text" library="SeleniumLibrary">
<arg>id=txt_SurveyNo</arg>
<arg>${robot["Surveynumber"]}</arg>
<doc>Types the given ``text`` into the text field identified by ``locator``.</doc>
<msg timestamp="20230906 12:33:06.975" level="INFO">Typing text '119' into text field 'id=txt_SurveyNo'.</msg>
<status status="PASS" starttime="20230906 12:33:06.967" endtime="20230906 12:33:07.122"/>
</kw>
<kw name="Input Text" library="SeleniumLibrary">
<arg>id=txt_SubDivisionNo</arg>
<arg>${robot["Subdivisionnum"]}</arg>
<doc>Types the given ``text`` into the text field identified by ``locator``.</doc>
<msg timestamp="20230906 12:33:07.125" level="INFO">Typing text '' into text field 'id=txt_SubDivisionNo'.</msg>
<status status="PASS" starttime="20230906 12:33:07.122" endtime="20230906 12:33:07.302"/>
</kw>
<kw name="Click Element" library="SeleniumLibrary">
<arg>xpath=//*[@id="btn_AddSurvey"]</arg>
<doc>Click the element identified by ``locator``.</doc>
<msg timestamp="20230906 12:33:07.302" level="INFO">Clicking element 'xpath=//*[@id="btn_AddSurvey"]'.</msg>
<status status="PASS" starttime="20230906 12:33:07.302" endtime="20230906 12:33:07.418"/>
</kw>
<status status="PASS" starttime="20230906 12:33:06.654" endtime="20230906 12:33:07.418"/>
</iter>
<iter>
<var name="${robot}">{'Village': 'Sirukalattur', 'Surveynumber': 120, 'Subdivisionnum': ''}</var>
<kw name="Select From List By Label" library="SeleniumLibrary">
<arg>name=cmb_Village</arg>
<arg>${robot["Village"]}</arg>
<doc>Selects options from selection list ``locator`` by ``labels``.</doc>
<msg timestamp="20230906 12:33:07.425" level="INFO">Selecting options from selection list 'name=cmb_Village' by label Sirukalattur.</msg>
<status status="PASS" starttime="20230906 12:33:07.418" endtime="20230906 12:33:07.707"/>
</kw>
<kw name="Input Text" library="SeleniumLibrary">
<arg>id=txt_SurveyNo</arg>
<arg>${robot["Surveynumber"]}</arg>
<doc>Types the given ``text`` into the text field identified by ``locator``.</doc>
<msg timestamp="20230906 12:33:07.709" level="INFO">Typing text '120' into text field 'id=txt_SurveyNo'.</msg>
<status status="PASS" starttime="20230906 12:33:07.709" endtime="20230906 12:33:07.920"/>
</kw>
<kw name="Input Text" library="SeleniumLibrary">
<arg>id=txt_SubDivisionNo</arg>
<arg>${robot["Subdivisionnum"]}</arg>
<doc>Types the given ``text`` into the text field identified by ``locator``.</doc>
<msg timestamp="20230906 12:33:07.926" level="INFO">Typing text '' into text field 'id=txt_SubDivisionNo'.</msg>
<status status="PASS" starttime="20230906 12:33:07.920" endtime="20230906 12:33:08.091"/>
</kw>
<kw name="Click Element" library="SeleniumLibrary">
<arg>xpath=//*[@id="btn_AddSurvey"]</arg>
<doc>Click the element identified by ``locator``.</doc>
<msg timestamp="20230906 12:33:08.091" level="INFO">Clicking element 'xpath=//*[@id="btn_AddSurvey"]'.</msg>
<status status="PASS" starttime="20230906 12:33:08.091" endtime="20230906 12:33:08.191"/>
</kw>
<status status="PASS" starttime="20230906 12:33:07.418" endtime="20230906 12:33:08.191"/>
</iter>
<iter>
<var name="${robot}">{'Village': 'Sirukalattur', 'Surveynumber': 121, 'Subdivisionnum': ''}</var>
<kw name="Select From List By Label" library="SeleniumLibrary">
<arg>name=cmb_Village</arg>
<arg>${robot["Village"]}</arg>
<doc>Selects options from selection list ``locator`` by ``labels``.</doc>
<msg timestamp="20230906 12:33:08.191" level="INFO">Selecting options from selection list 'name=cmb_Village' by label Sirukalattur.</msg>
<status status="PASS" starttime="20230906 12:33:08.191" endtime="20230906 12:33:08.515"/>
</kw>
<kw name="Input Text" library="SeleniumLibrary">
<arg>id=txt_SurveyNo</arg>
<arg>${robot["Surveynumber"]}</arg>
<doc>Types the given ``text`` into the text field identified by ``locator``.</doc>
<msg timestamp="20230906 12:33:08.515" level="INFO">Typing text '121' into text field 'id=txt_SurveyNo'.</msg>
<status status="PASS" starttime="20230906 12:33:08.515" endtime="20230906 12:33:08.703"/>
</kw>
<kw name="Input Text" library="SeleniumLibrary">
<arg>id=txt_SubDivisionNo</arg>
<arg>${robot["Subdivisionnum"]}</arg>
<doc>Types the given ``text`` into the text field identified by ``locator``.</doc>
<msg timestamp="20230906 12:33:08.703" level="INFO">Typing text '' into text field 'id=txt_SubDivisionNo'.</msg>
<status status="PASS" starttime="20230906 12:33:08.703" endtime="20230906 12:33:08.898"/>
</kw>
<kw name="Click Element" library="SeleniumLibrary">
<arg>xpath=//*[@id="btn_AddSurvey"]</arg>
<doc>Click the element identified by ``locator``.</doc>
<msg timestamp="20230906 12:33:08.898" level="INFO">Clicking element 'xpath=//*[@id="btn_AddSurvey"]'.</msg>
<status status="PASS" starttime="20230906 12:33:08.898" endtime="20230906 12:33:08.999"/>
</kw>
<status status="PASS" starttime="20230906 12:33:08.191" endtime="20230906 12:33:08.999"/>
</iter>
<iter>
<var name="${robot}">{'Village': 'Sirukalattur', 'Surveynumber': 122, 'Subdivisionnum': ''}</var>
<kw name="Select From List By Label" library="SeleniumLibrary">
<arg>name=cmb_Village</arg>
<arg>${robot["Village"]}</arg>
<doc>Selects options from selection list ``locator`` by ``labels``.</doc>
<msg timestamp="20230906 12:33:09.003" level="INFO">Selecting options from selection list 'name=cmb_Village' by label Sirukalattur.</msg>
<status status="PASS" starttime="20230906 12:33:09.003" endtime="20230906 12:33:09.269"/>
</kw>
<kw name="Input Text" library="SeleniumLibrary">
<arg>id=txt_SurveyNo</arg>
<arg>${robot["Surveynumber"]}</arg>
<doc>Types the given ``text`` into the text field identified by ``locator``.</doc>
<msg timestamp="20230906 12:33:09.269" level="INFO">Typing text '122' into text field 'id=txt_SurveyNo'.</msg>
<status status="PASS" starttime="20230906 12:33:09.269" endtime="20230906 12:33:09.468"/>
</kw>
<kw name="Input Text" library="SeleniumLibrary">
<arg>id=txt_SubDivisionNo</arg>
<arg>${robot["Subdivisionnum"]}</arg>
<doc>Types the given ``text`` into the text field identified by ``locator``.</doc>
<msg timestamp="20230906 12:33:09.468" level="INFO">Typing text '' into text field 'id=txt_SubDivisionNo'.</msg>
<status status="PASS" starttime="20230906 12:33:09.468" endtime="20230906 12:33:09.600"/>
</kw>
<kw name="Click Element" library="SeleniumLibrary">
<arg>xpath=//*[@id="btn_AddSurvey"]</arg>
<doc>Click the element identified by ``locator``.</doc>
<msg timestamp="20230906 12:33:09.604" level="INFO">Clicking element 'xpath=//*[@id="btn_AddSurvey"]'.</msg>
<status status="PASS" starttime="20230906 12:33:09.604" endtime="20230906 12:33:09.688"/>
</kw>
<status status="PASS" starttime="20230906 12:33:08.999" endtime="20230906 12:33:09.689"/>
</iter>
<iter>
<var name="${robot}">{'Village': 'Sirukalattur', 'Surveynumber': 123, 'Subdivisionnum': ''}</var>
<kw name="Select From List By Label" library="SeleniumLibrary">
<arg>name=cmb_Village</arg>
<arg>${robot["Village"]}</arg>
<doc>Selects options from selection list ``locator`` by ``labels``.</doc>
<msg timestamp="20230906 12:33:09.690" level="INFO">Selecting options from selection list 'name=cmb_Village' by label Sirukalattur.</msg>
<status status="PASS" starttime="20230906 12:33:09.689" endtime="20230906 12:33:09.947"/>
</kw>
<kw name="Input Text" library="SeleniumLibrary">
<arg>id=txt_SurveyNo</arg>
<arg>${robot["Surveynumber"]}</arg>
<doc>Types the given ``text`` into the text field identified by ``locator``.</doc>
<msg timestamp="20230906 12:33:09.947" level="INFO">Typing text '123' into text field 'id=txt_SurveyNo'.</msg>
<status status="PASS" starttime="20230906 12:33:09.947" endtime="20230906 12:33:10.164"/>
</kw>
<kw name="Input Text" library="SeleniumLibrary">
<arg>id=txt_SubDivisionNo</arg>
<arg>${robot["Subdivisionnum"]}</arg>
<doc>Types the given ``text`` into the text field identified by ``locator``.</doc>
<msg timestamp="20230906 12:33:10.174" level="INFO">Typing text '' into text field 'id=txt_SubDivisionNo'.</msg>
<status status="PASS" starttime="20230906 12:33:10.164" endtime="20230906 12:33:10.376"/>
</kw>
<kw name="Click Element" library="SeleniumLibrary">
<arg>xpath=//*[@id="btn_AddSurvey"]</arg>
<doc>Click the element identified by ``locator``.</doc>
<msg timestamp="20230906 12:33:10.376" level="INFO">Clicking element 'xpath=//*[@id="btn_AddSurvey"]'.</msg>
<status status="PASS" starttime="20230906 12:33:10.376" endtime="20230906 12:33:10.492"/>
</kw>
<status status="PASS" starttime="20230906 12:33:09.689" endtime="20230906 12:33:10.492"/>
</iter>
<iter>
<var name="${robot}">{'Village': 'Sirukalattur', 'Surveynumber': 124, 'Subdivisionnum': ''}</var>
<kw name="Select From List By Label" library="SeleniumLibrary">
<arg>name=cmb_Village</arg>
<arg>${robot["Village"]}</arg>
<doc>Selects options from selection list ``locator`` by ``labels``.</doc>
<msg timestamp="20230906 12:33:10.492" level="INFO">Selecting options from selection list 'name=cmb_Village' by label Sirukalattur.</msg>
<status status="PASS" starttime="20230906 12:33:10.492" endtime="20230906 12:33:10.784"/>
</kw>
<kw name="Input Text" library="SeleniumLibrary">
<arg>id=txt_SurveyNo</arg>
<arg>${robot["Surveynumber"]}</arg>
<doc>Types the given ``text`` into the text field identified by ``locator``.</doc>
<msg timestamp="20230906 12:33:10.784" level="INFO">Typing text '124' into text field 'id=txt_SurveyNo'.</msg>
<status status="PASS" starttime="20230906 12:33:10.784" endtime="20230906 12:33:10.948"/>
</kw>
<kw name="Input Text" library="SeleniumLibrary">
<arg>id=txt_SubDivisionNo</arg>
<arg>${robot["Subdivisionnum"]}</arg>
<doc>Types the given ``text`` into the text field identified by ``locator``.</doc>
<msg timestamp="20230906 12:33:10.948" level="INFO">Typing text '' into text field 'id=txt_SubDivisionNo'.</msg>
<status status="PASS" starttime="20230906 12:33:10.948" endtime="20230906 12:33:11.057"/>
</kw>
<kw name="Click Element" library="SeleniumLibrary">
<arg>xpath=//*[@id="btn_AddSurvey"]</arg>
<doc>Click the element identified by ``locator``.</doc>
<msg timestamp="20230906 12:33:11.066" level="INFO">Clicking element 'xpath=//*[@id="btn_AddSurvey"]'.</msg>
<status status="PASS" starttime="20230906 12:33:11.065" endtime="20230906 12:33:11.149"/>
</kw>
<status status="PASS" starttime="20230906 12:33:10.492" endtime="20230906 12:33:11.149"/>
</iter>
<status status="PASS" starttime="20230906 12:31:42.088" endtime="20230906 12:33:11.149"/>
</for>
<kw name="Sleep" library="BuiltIn">
<arg>10s</arg>
<doc>Pauses the test executed for the given time.</doc>
<msg timestamp="20230906 12:33:21.162" level="INFO">Slept 10 seconds</msg>
<status status="PASS" starttime="20230906 12:33:11.149" endtime="20230906 12:33:21.162"/>
</kw>
<kw name="Mouse Over" library="SeleniumLibrary">
<arg>xpath=//*[@id="incCaptcha"]</arg>
<doc>Simulates hovering the mouse over the element ``locator``.</doc>
<msg timestamp="20230906 12:33:21.162" level="INFO">Simulating Mouse Over on element 'xpath=//*[@id="incCaptcha"]'.</msg>
<status status="PASS" starttime="20230906 12:33:21.162" endtime="20230906 12:33:21.472"/>
</kw>
<kw name="Sleep" library="BuiltIn">
<arg>5s</arg>
<doc>Pauses the test executed for the given time.</doc>
<msg timestamp="20230906 12:33:26.472" level="INFO">Slept 5 seconds</msg>
<status status="PASS" starttime="20230906 12:33:21.472" endtime="20230906 12:33:26.472"/>
</kw>
<kw name="Wait Until Element Is Visible" library="SeleniumLibrary">
<arg>xpath=//*[@id="btn_SearchDoc"]</arg>
<doc>Waits until the element ``locator`` is visible.</doc>
<msg timestamp="20230906 12:33:31.758" level="INFO" html="true">&lt;/td&gt;&lt;/tr&gt;&lt;tr&gt;&lt;td colspan="3"&gt;&lt;a href="selenium-screenshot-5.png"&gt;&lt;img src="selenium-screenshot-5.png" width="800px"&gt;&lt;/a&gt;</msg>
<msg timestamp="20230906 12:33:31.758" level="FAIL">Element 'xpath=//*[@id="btn_SearchDoc"]' not visible after 5 seconds.</msg>
<status status="FAIL" starttime="20230906 12:33:26.472" endtime="20230906 12:33:31.758"/>
</kw>
<kw name="Click Element" library="SeleniumLibrary">
<arg>xpath=//*[@id="btn_SearchDoc"]</arg>
<doc>Click the element identified by ``locator``.</doc>
<status status="NOT RUN" starttime="20230906 12:33:31.758" endtime="20230906 12:33:31.758"/>
</kw>
<kw name="Sleep" library="BuiltIn">
<arg>50s</arg>
<doc>Pauses the test executed for the given time.</doc>
<status status="NOT RUN" starttime="20230906 12:33:31.758" endtime="20230906 12:33:31.758"/>
</kw>
<kw name="Wait Until Element Is Visible" library="SeleniumLibrary">
<arg>//span[text()='Click here']</arg>
<doc>Waits until the element ``locator`` is visible.</doc>
<status status="NOT RUN" starttime="20230906 12:33:31.758" endtime="20230906 12:33:31.758"/>
</kw>
<kw name="Click Element" library="SeleniumLibrary">
<arg>//span[text()='Click here']</arg>
<doc>Click the element identified by ``locator``.</doc>
<status status="NOT RUN" starttime="20230906 12:33:31.758" endtime="20230906 12:33:31.758"/>
</kw>
<kw name="Log To Console" library="BuiltIn">
<arg>Survey Details added successfully</arg>
<doc>Logs the given message to the console.</doc>
<status status="NOT RUN" starttime="20230906 12:33:31.758" endtime="20230906 12:33:31.758"/>
</kw>
<kw name="Sleep" library="BuiltIn">
<arg>30s</arg>
<doc>Pauses the test executed for the given time.</doc>
<status status="NOT RUN" starttime="20230906 12:33:31.758" endtime="20230906 12:33:31.758"/>
</kw>
<status status="FAIL" starttime="20230906 12:31:42.077" endtime="20230906 12:33:31.758"/>
</kw>
<status status="FAIL" starttime="20230906 12:31:40.531" endtime="20230906 12:33:31.758"/>
</kw>
<doc>Test3</doc>
<tag>smoke</tag>
<status status="FAIL" starttime="20230906 12:31:40.531" endtime="20230906 12:33:31.758">Element 'xpath=//*[@id="btn_SearchDoc"]' not visible after 5 seconds.</status>
</test>
<status status="FAIL" starttime="20230906 12:31:05.799" endtime="20230906 12:33:31.758"/>
</suite>
<statistics>
<total>
<stat pass="2" fail="1" skip="0">All Tests</stat>
</total>
<tag>
<stat pass="2" fail="1" skip="0">smoke</stat>
</tag>
<suite>
<stat pass="2" fail="1" skip="0" id="s1" name="Registration">Registration</stat>
</suite>
</statistics>
<errors>
</errors>
</robot>
