<?xml version="1.0" encoding="UTF-8"?>
<robot generator="Robot 6.0 (Python 3.10.7 on win32)" generated="20230704 20:43:42.600" rpa="false" schemaversion="3">
<suite id="s1" name="Registration" source="C:\Users\Johnbabu\Documents\00All_Automation_scripts\00TNREGDEMO\Tests\Registration.robot">
<test id="s1-t1" name="Access the Home page" line="14">
<kw name="Begin Test" library="Common">
<kw name="Open Browser" library="SeleniumLibrary">
<arg>about:blank</arg>
<arg>${BROWSER}</arg>
<arg>options=add_argument("--ignore-certificate-errors")</arg>
<doc>Opens a new browser instance to the optional ``url``.</doc>
<msg timestamp="20230704 20:43:42.948" level="INFO">Opening browser 'chrome' to base url 'about:blank'.</msg>
<status status="PASS" starttime="20230704 20:43:42.948" endtime="20230704 20:43:44.379"/>
</kw>
<kw name="Maximize Browser Window" library="SeleniumLibrary">
<doc>Maximizes current browser window.</doc>
<status status="PASS" starttime="20230704 20:43:44.383" endtime="20230704 20:43:44.502"/>
</kw>
<status status="PASS" starttime="20230704 20:43:42.948" endtime="20230704 20:43:44.502"/>
</kw>
<kw name="Goto landingpage" library="Registration_App">
<kw name="Goto page" library="LandingPage">
<kw name="Go To" library="SeleniumLibrary">
<arg>${URL}</arg>
<doc>Navigates the current browser window to the provided ``url``.</doc>
<msg timestamp="20230704 20:43:44.502" level="INFO">Opening url 'https://tnreginet.gov.in/portal/'</msg>
<status status="PASS" starttime="20230704 20:43:44.502" endtime="20230704 20:43:46.078"/>
</kw>
<kw name="Wait Until Element Is Visible" library="SeleniumLibrary">
<arg>xpath=//*[@id="fontSelection"]</arg>
<doc>Waits until the element ``locator`` is visible.</doc>
<status status="PASS" starttime="20230704 20:43:46.078" endtime="20230704 20:43:46.102"/>
</kw>
<kw name="Click Link" library="SeleniumLibrary">
<arg>xpath=//*[@id="fontSelection"]</arg>
<doc>Clicks a link identified by ``locator``.</doc>
<msg timestamp="20230704 20:43:46.102" level="INFO">Clicking link 'xpath=//*[@id="fontSelection"]'.</msg>
<status status="PASS" starttime="20230704 20:43:46.102" endtime="20230704 20:43:46.531"/>
</kw>
<kw name="Wait Until Element Is Visible" library="SeleniumLibrary">
<arg>//input[@name="username"]</arg>
<doc>Waits until the element ``locator`` is visible.</doc>
<status status="PASS" starttime="20230704 20:43:46.531" endtime="20230704 20:43:46.565"/>
</kw>
<kw name="Click Element" library="SeleniumLibrary">
<arg>//input[@name="username"]</arg>
<doc>Click the element identified by ``locator``.</doc>
<msg timestamp="20230704 20:43:46.566" level="INFO">Clicking element '//input[@name="username"]'.</msg>
<status status="PASS" starttime="20230704 20:43:46.566" endtime="20230704 20:43:46.621"/>
</kw>
<kw name="Input Text" library="SeleniumLibrary">
<arg>//input[@name="username"]</arg>
<arg>${username}</arg>
<doc>Types the given ``text`` into the text field identified by ``locator``.</doc>
<msg timestamp="20230704 20:43:46.621" level="INFO">Typing text 'dineshnethaji' into text field '//input[@name="username"]'.</msg>
<status status="PASS" starttime="20230704 20:43:46.621" endtime="20230704 20:43:46.741"/>
</kw>
<kw name="Wait Until Element Is Visible" library="SeleniumLibrary">
<arg>//input[@name="password"]</arg>
<doc>Waits until the element ``locator`` is visible.</doc>
<status status="PASS" starttime="20230704 20:43:46.741" endtime="20230704 20:43:46.769"/>
</kw>
<kw name="Click Element" library="SeleniumLibrary">
<arg>//input[@name="password"]</arg>
<doc>Click the element identified by ``locator``.</doc>
<msg timestamp="20230704 20:43:46.769" level="INFO">Clicking element '//input[@name="password"]'.</msg>
<status status="PASS" starttime="20230704 20:43:46.769" endtime="20230704 20:43:46.814"/>
</kw>
<kw name="Input Text" library="SeleniumLibrary">
<arg>//input[@name="password"]</arg>
<arg>${password}</arg>
<doc>Types the given ``text`` into the text field identified by ``locator``.</doc>
<msg timestamp="20230704 20:43:46.821" level="INFO">Typing text 'P{Nap)8~RSNs*iy' into text field '//input[@name="password"]'.</msg>
<status status="PASS" starttime="20230704 20:43:46.814" endtime="20230704 20:43:46.885"/>
</kw>
<kw name="Sleep" library="BuiltIn">
<arg>10s</arg>
<doc>Pauses the test executed for the given time.</doc>
<msg timestamp="20230704 20:43:56.896" level="INFO">Slept 10 seconds</msg>
<status status="PASS" starttime="20230704 20:43:46.885" endtime="20230704 20:43:56.896"/>
</kw>
<kw name="Wait Until Element Is Visible" library="SeleniumLibrary">
<arg>//input[@value="Sign In"]</arg>
<doc>Waits until the element ``locator`` is visible.</doc>
<status status="PASS" starttime="20230704 20:43:56.896" endtime="20230704 20:43:56.944"/>
</kw>
<kw name="Click Element" library="SeleniumLibrary">
<arg>//input[@value="Sign In"]</arg>
<doc>Click the element identified by ``locator``.</doc>
<msg timestamp="20230704 20:43:56.944" level="INFO">Clicking element '//input[@value="Sign In"]'.</msg>
<status status="PASS" starttime="20230704 20:43:56.944" endtime="20230704 20:43:58.561"/>
</kw>
<kw name="Sleep" library="BuiltIn">
<arg>3s</arg>
<doc>Pauses the test executed for the given time.</doc>
<msg timestamp="20230704 20:44:01.575" level="INFO">Slept 3 seconds</msg>
<status status="PASS" starttime="20230704 20:43:58.561" endtime="20230704 20:44:01.575"/>
</kw>
<status status="PASS" starttime="20230704 20:43:44.502" endtime="20230704 20:44:01.575"/>
</kw>
<kw name="verify page loaded" library="LandingPage">
<kw name="Log To Console" library="BuiltIn">
<arg>Landing page verified successfully</arg>
<doc>Logs the given message to the console.</doc>
<status status="PASS" starttime="20230704 20:44:01.575" endtime="20230704 20:44:01.575"/>
</kw>
<status status="PASS" starttime="20230704 20:44:01.575" endtime="20230704 20:44:01.575"/>
</kw>
<status status="PASS" starttime="20230704 20:43:44.502" endtime="20230704 20:44:01.575"/>
</kw>
<doc>Test1</doc>
<tag>smoke</tag>
<status status="PASS" starttime="20230704 20:43:42.947" endtime="20230704 20:44:01.579"/>
</test>
<test id="s1-t2" name="Access E-services Page" line="20">
<kw name="Goto Eservices page" library="Registration_App">
<kw name="Select eservicespage" library="TopNav">
<kw name="Wait Until Element Is Visible" library="SeleniumLibrary">
<arg>xpath=//*[@id="8500009"]/a</arg>
<doc>Waits until the element ``locator`` is visible.</doc>
<status status="PASS" starttime="20230704 20:44:01.581" endtime="20230704 20:44:01.612"/>
</kw>
<kw name="Click Element" library="SeleniumLibrary">
<arg>xpath=//*[@id="8500009"]/a</arg>
<doc>Click the element identified by ``locator``.</doc>
<msg timestamp="20230704 20:44:01.615" level="INFO">Clicking element 'xpath=//*[@id="8500009"]/a'.</msg>
<status status="PASS" starttime="20230704 20:44:01.612" endtime="20230704 20:44:01.672"/>
</kw>
<kw name="Sleep" library="BuiltIn">
<arg>3s</arg>
<doc>Pauses the test executed for the given time.</doc>
<msg timestamp="20230704 20:44:04.674" level="INFO">Slept 3 seconds</msg>
<status status="PASS" starttime="20230704 20:44:01.672" endtime="20230704 20:44:04.674"/>
</kw>
<kw name="Wait Until Element Is Visible" library="SeleniumLibrary">
<arg>xpath=//*[@id="8400001"]/a</arg>
<doc>Waits until the element ``locator`` is visible.</doc>
<status status="PASS" starttime="20230704 20:44:04.674" endtime="20230704 20:44:04.702"/>
</kw>
<kw name="Click Element" library="SeleniumLibrary">
<arg>xpath=//*[@id="8400001"]/a</arg>
<doc>Click the element identified by ``locator``.</doc>
<msg timestamp="20230704 20:44:04.706" level="INFO">Clicking element 'xpath=//*[@id="8400001"]/a'.</msg>
<status status="PASS" starttime="20230704 20:44:04.702" endtime="20230704 20:44:04.763"/>
</kw>
<kw name="Sleep" library="BuiltIn">
<arg>3s</arg>
<doc>Pauses the test executed for the given time.</doc>
<msg timestamp="20230704 20:44:07.772" level="INFO">Slept 3 seconds</msg>
<status status="PASS" starttime="20230704 20:44:04.763" endtime="20230704 20:44:07.772"/>
</kw>
<kw name="Wait Until Element Is Visible" library="SeleniumLibrary">
<arg>xpath=//*[@id="8400005"]/a</arg>
<doc>Waits until the element ``locator`` is visible.</doc>
<status status="PASS" starttime="20230704 20:44:07.772" endtime="20230704 20:44:07.805"/>
</kw>
<kw name="Click Element" library="SeleniumLibrary">
<arg>xpath=//*[@id="8400005"]/a</arg>
<doc>Click the element identified by ``locator``.</doc>
<msg timestamp="20230704 20:44:07.805" level="INFO">Clicking element 'xpath=//*[@id="8400005"]/a'.</msg>
<status status="PASS" starttime="20230704 20:44:07.805" endtime="20230704 20:44:07.862"/>
</kw>
<kw name="Sleep" library="BuiltIn">
<arg>10s</arg>
<doc>Pauses the test executed for the given time.</doc>
<msg timestamp="20230704 20:44:17.868" level="INFO">Slept 10 seconds</msg>
<status status="PASS" starttime="20230704 20:44:07.862" endtime="20230704 20:44:17.868"/>
</kw>
<status status="PASS" starttime="20230704 20:44:01.581" endtime="20230704 20:44:17.868"/>
</kw>
<kw name="verify page loaded" library="EservicesPage">
<kw name="Sleep" library="BuiltIn">
<arg>3s</arg>
<doc>Pauses the test executed for the given time.</doc>
<msg timestamp="20230704 20:44:20.880" level="INFO">Slept 3 seconds</msg>
<status status="PASS" starttime="20230704 20:44:17.868" endtime="20230704 20:44:20.880"/>
</kw>
<kw name="Wait Until Page Contains Element" library="SeleniumLibrary">
<arg>${eservicesPage_verification}</arg>
<doc>Waits until the element ``locator`` appears on the current page.</doc>
<status status="PASS" starttime="20230704 20:44:20.880" endtime="20230704 20:44:20.896"/>
</kw>
<kw name="Sleep" library="BuiltIn">
<arg>3s</arg>
<doc>Pauses the test executed for the given time.</doc>
<msg timestamp="20230704 20:44:23.907" level="INFO">Slept 3 seconds</msg>
<status status="PASS" starttime="20230704 20:44:20.896" endtime="20230704 20:44:23.907"/>
</kw>
<status status="PASS" starttime="20230704 20:44:17.868" endtime="20230704 20:44:23.907"/>
</kw>
<kw name="validation" library="EservicesPage">
<kw name="Element Text Should Be" library="SeleniumLibrary">
<arg>${eservicesPage_verification}</arg>
<arg>Search Encumbrance Certificate</arg>
<doc>Verifies that element ``locator`` contains exact the text ``expected``.</doc>
<msg timestamp="20230704 20:44:23.909" level="INFO">Verifying element 'css=#EncumbranceCertificateForm &gt; div.container &gt; div &gt; h2' contains exact text 'Search Encumbrance Certificate'.</msg>
<status status="PASS" starttime="20230704 20:44:23.909" endtime="20230704 20:44:23.939"/>
</kw>
<kw name="Log To Console" library="BuiltIn">
<arg>Eservices page verified successfully</arg>
<doc>Logs the given message to the console.</doc>
<status status="PASS" starttime="20230704 20:44:23.939" endtime="20230704 20:44:23.939"/>
</kw>
<status status="PASS" starttime="20230704 20:44:23.909" endtime="20230704 20:44:23.939"/>
</kw>
<status status="PASS" starttime="20230704 20:44:01.581" endtime="20230704 20:44:23.955"/>
</kw>
<doc>Test2</doc>
<tag>smoke</tag>
<status status="PASS" starttime="20230704 20:44:01.580" endtime="20230704 20:44:23.955"/>
</test>
<test id="s1-t3" name="Autofill Eservices Page" line="26">
<kw name="Fill Eservices Page" library="Registration_App">
<kw name="Select Zone" library="EservicesPage">
<kw name="Select From List By Label" library="SeleniumLibrary">
<arg>id=cmb_Zone</arg>
<arg>Chennai</arg>
<doc>Selects options from selection list ``locator`` by ``labels``.</doc>
<msg timestamp="20230704 20:44:23.961" level="INFO">Selecting options from selection list 'id=cmb_Zone' by label Chennai.</msg>
<status status="PASS" starttime="20230704 20:44:23.961" endtime="20230704 20:44:24.217"/>
</kw>
<status status="PASS" starttime="20230704 20:44:23.955" endtime="20230704 20:44:24.217"/>
</kw>
<kw name="Select District" library="EservicesPage">
<kw name="Select From List By Label" library="SeleniumLibrary">
<arg>name=cmb_District</arg>
<arg>Thiruvalur</arg>
<doc>Selects options from selection list ``locator`` by ``labels``.</doc>
<msg timestamp="20230704 20:44:24.217" level="INFO">Selecting options from selection list 'name=cmb_District' by label Thiruvalur.</msg>
<status status="PASS" starttime="20230704 20:44:24.217" endtime="20230704 20:44:24.449"/>
</kw>
<status status="PASS" starttime="20230704 20:44:24.217" endtime="20230704 20:44:24.449"/>
</kw>
<kw name="Select SubRegistrarOffice" library="EservicesPage">
<kw name="Select From List By Label" library="SeleniumLibrary">
<arg>name=cmb_SroName</arg>
<arg>Tiruvallur Joint 1</arg>
<doc>Selects options from selection list ``locator`` by ``labels``.</doc>
<msg timestamp="20230704 20:44:24.451" level="INFO">Selecting options from selection list 'name=cmb_SroName' by label Tiruvallur Joint 1.</msg>
<status status="PASS" starttime="20230704 20:44:24.450" endtime="20230704 20:44:24.664"/>
</kw>
<status status="PASS" starttime="20230704 20:44:24.449" endtime="20230704 20:44:24.665"/>
</kw>
<kw name="Select EC Details" library="EservicesPage">
<kw name="Load Json From File" library="JSONLibrary">
<var>${json_obj}</var>
<arg>C:/Users/Johnbabu/Documents/00All_Automation_scripts/00TNREGDEMO/Resources/JSON/50.json</arg>
<doc>Load JSON from file.</doc>
<msg timestamp="20230704 20:44:24.675" level="INFO">${json_obj} = {'EC': {'startdate': '01Apr2021', 'enddate': '17May2021'}, 'Survey Details': [{'Village': 'Sirukalattur', 'Surveynumber': 1, 'Subdivisionnum': ''}, {'Village': 'Sirukalattur', 'Surveynumber': 2, 'Subd...</msg>
<status status="PASS" starttime="20230704 20:44:24.665" endtime="20230704 20:44:24.675"/>
</kw>
<kw name="Click Element" library="SeleniumLibrary">
<arg>xpath=//*[@id="txt_PeriodStartDt"]</arg>
<doc>Click the element identified by ``locator``.</doc>
<msg timestamp="20230704 20:44:24.675" level="INFO">Clicking element 'xpath=//*[@id="txt_PeriodStartDt"]'.</msg>
<status status="PASS" starttime="20230704 20:44:24.675" endtime="20230704 20:44:24.779"/>
</kw>
<kw name="Load Json From File" library="JSONLibrary">
<var>${json_obj}</var>
<arg>C:/Users/Johnbabu/Documents/00All_Automation_scripts/00TNREGDEMO/Resources/JSON/SurveyDetails.json</arg>
<doc>Load JSON from file.</doc>
<msg timestamp="20230704 20:44:24.787" level="INFO">${json_obj} = {'EC': {'startdate': '01Apr2023', 'enddate': '01May2023'}, 'Survey Details': [{'Village': 'Sirukalattur', 'Surveynumber': '125', 'Subdivisionnum': ''}, {'Village': 'Sirukalattur', 'Surveynumber': '128...</msg>
<status status="PASS" starttime="20230704 20:44:24.779" endtime="20230704 20:44:24.787"/>
</kw>
<kw name="Input Text" library="SeleniumLibrary">
<arg>id=txt_PeriodStartDt</arg>
<arg>01Jun2023</arg>
<doc>Types the given ``text`` into the text field identified by ``locator``.</doc>
<msg timestamp="20230704 20:44:24.787" level="INFO">Typing text '01Jun2023' into text field 'id=txt_PeriodStartDt'.</msg>
<status status="PASS" starttime="20230704 20:44:24.787" endtime="20230704 20:44:24.948"/>
</kw>
<kw name="Click Element" library="SeleniumLibrary">
<arg>xpath=//*[@id="txt_PeriodEndDt"]</arg>
<doc>Click the element identified by ``locator``.</doc>
<msg timestamp="20230704 20:44:24.950" level="INFO">Clicking element 'xpath=//*[@id="txt_PeriodEndDt"]'.</msg>
<status status="PASS" starttime="20230704 20:44:24.948" endtime="20230704 20:44:25.044"/>
</kw>
<kw name="Input Text" library="SeleniumLibrary">
<arg>id=txt_PeriodEndDt</arg>
<arg>03Jul2023</arg>
<doc>Types the given ``text`` into the text field identified by ``locator``.</doc>
<msg timestamp="20230704 20:44:25.044" level="INFO">Typing text '03Jul2023' into text field 'id=txt_PeriodEndDt'.</msg>
<status status="PASS" starttime="20230704 20:44:25.044" endtime="20230704 20:44:25.202"/>
</kw>
<status status="PASS" starttime="20230704 20:44:24.665" endtime="20230704 20:44:25.202"/>
</kw>
<kw name="Select Survey Details" library="EservicesPage">
<kw name="Load Json From File" library="JSONLibrary">
<var>&amp;{json_obj}</var>
<arg>C:/Users/Johnbabu/Documents/00All_Automation_scripts/00TNREGDEMO/Resources/JSON/dump.json</arg>
<doc>Load JSON from file.</doc>
<msg timestamp="20230704 20:44:25.215" level="INFO">&amp;{json_obj} = { EC={'startdate': '01Apr2023', 'enddate': '22May2023'} | Survey Details=[{'Village': 'Sirukalattur', 'Surveynumber': 1, 'Subdivisionnum': ''}, {'Village': 'Sirukalattur', 'Surveynumber': 2, 'Subdivis...</msg>
<status status="PASS" starttime="20230704 20:44:25.202" endtime="20230704 20:44:25.215"/>
</kw>
<for flavor="IN">
<var>${robot}</var>
<value>@{json_obj["Survey Details"]}</value>
<iter>
<var name="${robot}">{'Village': 'Sirukalattur', 'Surveynumber': 1, 'Subdivisionnum': ''}</var>
<kw name="Select From List By Label" library="SeleniumLibrary">
<arg>name=cmb_Village</arg>
<arg>${robot["Village"]}</arg>
<doc>Selects options from selection list ``locator`` by ``labels``.</doc>
<msg timestamp="20230704 20:44:25.215" level="INFO">Selecting options from selection list 'name=cmb_Village' by label Sirukalattur.</msg>
<status status="PASS" starttime="20230704 20:44:25.215" endtime="20230704 20:44:25.461"/>
</kw>
<kw name="Input Text" library="SeleniumLibrary">
<arg>id=txt_SurveyNo</arg>
<arg>${robot["Surveynumber"]}</arg>
<doc>Types the given ``text`` into the text field identified by ``locator``.</doc>
<msg timestamp="20230704 20:44:25.461" level="INFO">Typing text '1' into text field 'id=txt_SurveyNo'.</msg>
<status status="PASS" starttime="20230704 20:44:25.461" endtime="20230704 20:44:25.635"/>
</kw>
<kw name="Input Text" library="SeleniumLibrary">
<arg>id=txt_SubDivisionNo</arg>
<arg>${robot["Subdivisionnum"]}</arg>
<doc>Types the given ``text`` into the text field identified by ``locator``.</doc>
<msg timestamp="20230704 20:44:25.635" level="INFO">Typing text '' into text field 'id=txt_SubDivisionNo'.</msg>
<status status="PASS" starttime="20230704 20:44:25.635" endtime="20230704 20:44:25.769"/>
</kw>
<kw name="Click Element" library="SeleniumLibrary">
<arg>xpath=//*[@id="btn_AddSurvey"]</arg>
<doc>Click the element identified by ``locator``.</doc>
<msg timestamp="20230704 20:44:25.769" level="INFO">Clicking element 'xpath=//*[@id="btn_AddSurvey"]'.</msg>
<status status="PASS" starttime="20230704 20:44:25.769" endtime="20230704 20:44:25.847"/>
</kw>
<status status="PASS" starttime="20230704 20:44:25.215" endtime="20230704 20:44:25.847"/>
</iter>
<iter>
<var name="${robot}">{'Village': 'Sirukalattur', 'Surveynumber': 2, 'Subdivisionnum': ''}</var>
<kw name="Select From List By Label" library="SeleniumLibrary">
<arg>name=cmb_Village</arg>
<arg>${robot["Village"]}</arg>
<doc>Selects options from selection list ``locator`` by ``labels``.</doc>
<msg timestamp="20230704 20:44:25.856" level="INFO">Selecting options from selection list 'name=cmb_Village' by label Sirukalattur.</msg>
<status status="PASS" starttime="20230704 20:44:25.856" endtime="20230704 20:44:26.047"/>
</kw>
<kw name="Input Text" library="SeleniumLibrary">
<arg>id=txt_SurveyNo</arg>
<arg>${robot["Surveynumber"]}</arg>
<doc>Types the given ``text`` into the text field identified by ``locator``.</doc>
<msg timestamp="20230704 20:44:26.048" level="INFO">Typing text '2' into text field 'id=txt_SurveyNo'.</msg>
<status status="PASS" starttime="20230704 20:44:26.048" endtime="20230704 20:44:26.224"/>
</kw>
<kw name="Input Text" library="SeleniumLibrary">
<arg>id=txt_SubDivisionNo</arg>
<arg>${robot["Subdivisionnum"]}</arg>
<doc>Types the given ``text`` into the text field identified by ``locator``.</doc>
<msg timestamp="20230704 20:44:26.224" level="INFO">Typing text '' into text field 'id=txt_SubDivisionNo'.</msg>
<status status="PASS" starttime="20230704 20:44:26.224" endtime="20230704 20:44:26.383"/>
</kw>
<kw name="Click Element" library="SeleniumLibrary">
<arg>xpath=//*[@id="btn_AddSurvey"]</arg>
<doc>Click the element identified by ``locator``.</doc>
<msg timestamp="20230704 20:44:26.383" level="INFO">Clicking element 'xpath=//*[@id="btn_AddSurvey"]'.</msg>
<status status="PASS" starttime="20230704 20:44:26.383" endtime="20230704 20:44:26.479"/>
</kw>
<status status="PASS" starttime="20230704 20:44:25.847" endtime="20230704 20:44:26.482"/>
</iter>
<iter>
<var name="${robot}">{'Village': 'Sirukalattur', 'Surveynumber': 3, 'Subdivisionnum': ''}</var>
<kw name="Select From List By Label" library="SeleniumLibrary">
<arg>name=cmb_Village</arg>
<arg>${robot["Village"]}</arg>
<doc>Selects options from selection list ``locator`` by ``labels``.</doc>
<msg timestamp="20230704 20:44:26.483" level="INFO">Selecting options from selection list 'name=cmb_Village' by label Sirukalattur.</msg>
<status status="PASS" starttime="20230704 20:44:26.482" endtime="20230704 20:44:26.725"/>
</kw>
<kw name="Input Text" library="SeleniumLibrary">
<arg>id=txt_SurveyNo</arg>
<arg>${robot["Surveynumber"]}</arg>
<doc>Types the given ``text`` into the text field identified by ``locator``.</doc>
<msg timestamp="20230704 20:44:26.725" level="INFO">Typing text '3' into text field 'id=txt_SurveyNo'.</msg>
<status status="PASS" starttime="20230704 20:44:26.725" endtime="20230704 20:44:26.863"/>
</kw>
<kw name="Input Text" library="SeleniumLibrary">
<arg>id=txt_SubDivisionNo</arg>
<arg>${robot["Subdivisionnum"]}</arg>
<doc>Types the given ``text`` into the text field identified by ``locator``.</doc>
<msg timestamp="20230704 20:44:26.867" level="INFO">Typing text '' into text field 'id=txt_SubDivisionNo'.</msg>
<status status="PASS" starttime="20230704 20:44:26.865" endtime="20230704 20:44:26.981"/>
</kw>
<kw name="Click Element" library="SeleniumLibrary">
<arg>xpath=//*[@id="btn_AddSurvey"]</arg>
<doc>Click the element identified by ``locator``.</doc>
<msg timestamp="20230704 20:44:26.981" level="INFO">Clicking element 'xpath=//*[@id="btn_AddSurvey"]'.</msg>
<status status="PASS" starttime="20230704 20:44:26.981" endtime="20230704 20:44:27.055"/>
</kw>
<status status="PASS" starttime="20230704 20:44:26.482" endtime="20230704 20:44:27.055"/>
</iter>
<iter>
<var name="${robot}">{'Village': 'Sirukalattur', 'Surveynumber': 4, 'Subdivisionnum': ''}</var>
<kw name="Select From List By Label" library="SeleniumLibrary">
<arg>name=cmb_Village</arg>
<arg>${robot["Village"]}</arg>
<doc>Selects options from selection list ``locator`` by ``labels``.</doc>
<msg timestamp="20230704 20:44:27.056" level="INFO">Selecting options from selection list 'name=cmb_Village' by label Sirukalattur.</msg>
<status status="PASS" starttime="20230704 20:44:27.055" endtime="20230704 20:44:27.254"/>
</kw>
<kw name="Input Text" library="SeleniumLibrary">
<arg>id=txt_SurveyNo</arg>
<arg>${robot["Surveynumber"]}</arg>
<doc>Types the given ``text`` into the text field identified by ``locator``.</doc>
<msg timestamp="20230704 20:44:27.254" level="INFO">Typing text '4' into text field 'id=txt_SurveyNo'.</msg>
<status status="PASS" starttime="20230704 20:44:27.254" endtime="20230704 20:44:27.432"/>
</kw>
<kw name="Input Text" library="SeleniumLibrary">
<arg>id=txt_SubDivisionNo</arg>
<arg>${robot["Subdivisionnum"]}</arg>
<doc>Types the given ``text`` into the text field identified by ``locator``.</doc>
<msg timestamp="20230704 20:44:27.432" level="INFO">Typing text '' into text field 'id=txt_SubDivisionNo'.</msg>
<status status="PASS" starttime="20230704 20:44:27.432" endtime="20230704 20:44:27.572"/>
</kw>
<kw name="Click Element" library="SeleniumLibrary">
<arg>xpath=//*[@id="btn_AddSurvey"]</arg>
<doc>Click the element identified by ``locator``.</doc>
<msg timestamp="20230704 20:44:27.572" level="INFO">Clicking element 'xpath=//*[@id="btn_AddSurvey"]'.</msg>
<status status="PASS" starttime="20230704 20:44:27.572" endtime="20230704 20:44:27.653"/>
</kw>
<status status="PASS" starttime="20230704 20:44:27.055" endtime="20230704 20:44:27.653"/>
</iter>
<iter>
<var name="${robot}">{'Village': 'Sirukalattur', 'Surveynumber': 5, 'Subdivisionnum': ''}</var>
<kw name="Select From List By Label" library="SeleniumLibrary">
<arg>name=cmb_Village</arg>
<arg>${robot["Village"]}</arg>
<doc>Selects options from selection list ``locator`` by ``labels``.</doc>
<msg timestamp="20230704 20:44:27.653" level="INFO">Selecting options from selection list 'name=cmb_Village' by label Sirukalattur.</msg>
<status status="PASS" starttime="20230704 20:44:27.653" endtime="20230704 20:44:27.882"/>
</kw>
<kw name="Input Text" library="SeleniumLibrary">
<arg>id=txt_SurveyNo</arg>
<arg>${robot["Surveynumber"]}</arg>
<doc>Types the given ``text`` into the text field identified by ``locator``.</doc>
<msg timestamp="20230704 20:44:27.886" level="INFO">Typing text '5' into text field 'id=txt_SurveyNo'.</msg>
<status status="PASS" starttime="20230704 20:44:27.882" endtime="20230704 20:44:28.009"/>
</kw>
<kw name="Input Text" library="SeleniumLibrary">
<arg>id=txt_SubDivisionNo</arg>
<arg>${robot["Subdivisionnum"]}</arg>
<doc>Types the given ``text`` into the text field identified by ``locator``.</doc>
<msg timestamp="20230704 20:44:28.015" level="INFO">Typing text '' into text field 'id=txt_SubDivisionNo'.</msg>
<status status="PASS" starttime="20230704 20:44:28.009" endtime="20230704 20:44:28.137"/>
</kw>
<kw name="Click Element" library="SeleniumLibrary">
<arg>xpath=//*[@id="btn_AddSurvey"]</arg>
<doc>Click the element identified by ``locator``.</doc>
<msg timestamp="20230704 20:44:28.137" level="INFO">Clicking element 'xpath=//*[@id="btn_AddSurvey"]'.</msg>
<status status="PASS" starttime="20230704 20:44:28.137" endtime="20230704 20:44:28.211"/>
</kw>
<status status="PASS" starttime="20230704 20:44:27.653" endtime="20230704 20:44:28.211"/>
</iter>
<iter>
<var name="${robot}">{'Village': 'Sirukalattur', 'Surveynumber': 6, 'Subdivisionnum': ''}</var>
<kw name="Select From List By Label" library="SeleniumLibrary">
<arg>name=cmb_Village</arg>
<arg>${robot["Village"]}</arg>
<doc>Selects options from selection list ``locator`` by ``labels``.</doc>
<msg timestamp="20230704 20:44:28.212" level="INFO">Selecting options from selection list 'name=cmb_Village' by label Sirukalattur.</msg>
<status status="PASS" starttime="20230704 20:44:28.211" endtime="20230704 20:44:28.419"/>
</kw>
<kw name="Input Text" library="SeleniumLibrary">
<arg>id=txt_SurveyNo</arg>
<arg>${robot["Surveynumber"]}</arg>
<doc>Types the given ``text`` into the text field identified by ``locator``.</doc>
<msg timestamp="20230704 20:44:28.420" level="INFO">Typing text '6' into text field 'id=txt_SurveyNo'.</msg>
<status status="PASS" starttime="20230704 20:44:28.420" endtime="20230704 20:44:28.552"/>
</kw>
<kw name="Input Text" library="SeleniumLibrary">
<arg>id=txt_SubDivisionNo</arg>
<arg>${robot["Subdivisionnum"]}</arg>
<doc>Types the given ``text`` into the text field identified by ``locator``.</doc>
<msg timestamp="20230704 20:44:28.552" level="INFO">Typing text '' into text field 'id=txt_SubDivisionNo'.</msg>
<status status="PASS" starttime="20230704 20:44:28.552" endtime="20230704 20:44:28.665"/>
</kw>
<kw name="Click Element" library="SeleniumLibrary">
<arg>xpath=//*[@id="btn_AddSurvey"]</arg>
<doc>Click the element identified by ``locator``.</doc>
<msg timestamp="20230704 20:44:28.668" level="INFO">Clicking element 'xpath=//*[@id="btn_AddSurvey"]'.</msg>
<status status="PASS" starttime="20230704 20:44:28.667" endtime="20230704 20:44:28.737"/>
</kw>
<status status="PASS" starttime="20230704 20:44:28.211" endtime="20230704 20:44:28.737"/>
</iter>
<iter>
<var name="${robot}">{'Village': 'Sirukalattur', 'Surveynumber': 7, 'Subdivisionnum': ''}</var>
<kw name="Select From List By Label" library="SeleniumLibrary">
<arg>name=cmb_Village</arg>
<arg>${robot["Village"]}</arg>
<doc>Selects options from selection list ``locator`` by ``labels``.</doc>
<msg timestamp="20230704 20:44:28.738" level="INFO">Selecting options from selection list 'name=cmb_Village' by label Sirukalattur.</msg>
<status status="PASS" starttime="20230704 20:44:28.737" endtime="20230704 20:44:28.939"/>
</kw>
<kw name="Input Text" library="SeleniumLibrary">
<arg>id=txt_SurveyNo</arg>
<arg>${robot["Surveynumber"]}</arg>
<doc>Types the given ``text`` into the text field identified by ``locator``.</doc>
<msg timestamp="20230704 20:44:28.939" level="INFO">Typing text '7' into text field 'id=txt_SurveyNo'.</msg>
<status status="PASS" starttime="20230704 20:44:28.939" endtime="20230704 20:44:29.092"/>
</kw>
<kw name="Input Text" library="SeleniumLibrary">
<arg>id=txt_SubDivisionNo</arg>
<arg>${robot["Subdivisionnum"]}</arg>
<doc>Types the given ``text`` into the text field identified by ``locator``.</doc>
<msg timestamp="20230704 20:44:29.092" level="INFO">Typing text '' into text field 'id=txt_SubDivisionNo'.</msg>
<status status="PASS" starttime="20230704 20:44:29.092" endtime="20230704 20:44:29.247"/>
</kw>
<kw name="Click Element" library="SeleniumLibrary">
<arg>xpath=//*[@id="btn_AddSurvey"]</arg>
<doc>Click the element identified by ``locator``.</doc>
<msg timestamp="20230704 20:44:29.249" level="INFO">Clicking element 'xpath=//*[@id="btn_AddSurvey"]'.</msg>
<status status="PASS" starttime="20230704 20:44:29.247" endtime="20230704 20:44:29.333"/>
</kw>
<status status="PASS" starttime="20230704 20:44:28.737" endtime="20230704 20:44:29.333"/>
</iter>
<iter>
<var name="${robot}">{'Village': 'Sirukalattur', 'Surveynumber': 8, 'Subdivisionnum': ''}</var>
<kw name="Select From List By Label" library="SeleniumLibrary">
<arg>name=cmb_Village</arg>
<arg>${robot["Village"]}</arg>
<doc>Selects options from selection list ``locator`` by ``labels``.</doc>
<msg timestamp="20230704 20:44:29.345" level="INFO">Selecting options from selection list 'name=cmb_Village' by label Sirukalattur.</msg>
<status status="PASS" starttime="20230704 20:44:29.333" endtime="20230704 20:44:29.575"/>
</kw>
<kw name="Input Text" library="SeleniumLibrary">
<arg>id=txt_SurveyNo</arg>
<arg>${robot["Surveynumber"]}</arg>
<doc>Types the given ``text`` into the text field identified by ``locator``.</doc>
<msg timestamp="20230704 20:44:29.579" level="INFO">Typing text '8' into text field 'id=txt_SurveyNo'.</msg>
<status status="PASS" starttime="20230704 20:44:29.575" endtime="20230704 20:44:29.716"/>
</kw>
<kw name="Input Text" library="SeleniumLibrary">
<arg>id=txt_SubDivisionNo</arg>
<arg>${robot["Subdivisionnum"]}</arg>
<doc>Types the given ``text`` into the text field identified by ``locator``.</doc>
<msg timestamp="20230704 20:44:29.716" level="INFO">Typing text '' into text field 'id=txt_SubDivisionNo'.</msg>
<status status="PASS" starttime="20230704 20:44:29.716" endtime="20230704 20:44:29.869"/>
</kw>
<kw name="Click Element" library="SeleniumLibrary">
<arg>xpath=//*[@id="btn_AddSurvey"]</arg>
<doc>Click the element identified by ``locator``.</doc>
<msg timestamp="20230704 20:44:29.869" level="INFO">Clicking element 'xpath=//*[@id="btn_AddSurvey"]'.</msg>
<status status="PASS" starttime="20230704 20:44:29.869" endtime="20230704 20:44:29.933"/>
</kw>
<status status="PASS" starttime="20230704 20:44:29.333" endtime="20230704 20:44:29.933"/>
</iter>
<iter>
<var name="${robot}">{'Village': 'Sirukalattur', 'Surveynumber': 9, 'Subdivisionnum': ''}</var>
<kw name="Select From List By Label" library="SeleniumLibrary">
<arg>name=cmb_Village</arg>
<arg>${robot["Village"]}</arg>
<doc>Selects options from selection list ``locator`` by ``labels``.</doc>
<msg timestamp="20230704 20:44:29.941" level="INFO">Selecting options from selection list 'name=cmb_Village' by label Sirukalattur.</msg>
<status status="PASS" starttime="20230704 20:44:29.933" endtime="20230704 20:44:30.152"/>
</kw>
<kw name="Input Text" library="SeleniumLibrary">
<arg>id=txt_SurveyNo</arg>
<arg>${robot["Surveynumber"]}</arg>
<doc>Types the given ``text`` into the text field identified by ``locator``.</doc>
<msg timestamp="20230704 20:44:30.152" level="INFO">Typing text '9' into text field 'id=txt_SurveyNo'.</msg>
<status status="PASS" starttime="20230704 20:44:30.152" endtime="20230704 20:44:30.288"/>
</kw>
<kw name="Input Text" library="SeleniumLibrary">
<arg>id=txt_SubDivisionNo</arg>
<arg>${robot["Subdivisionnum"]}</arg>
<doc>Types the given ``text`` into the text field identified by ``locator``.</doc>
<msg timestamp="20230704 20:44:30.291" level="INFO">Typing text '' into text field 'id=txt_SubDivisionNo'.</msg>
<status status="PASS" starttime="20230704 20:44:30.288" endtime="20230704 20:44:30.427"/>
</kw>
<kw name="Click Element" library="SeleniumLibrary">
<arg>xpath=//*[@id="btn_AddSurvey"]</arg>
<doc>Click the element identified by ``locator``.</doc>
<msg timestamp="20230704 20:44:30.429" level="INFO">Clicking element 'xpath=//*[@id="btn_AddSurvey"]'.</msg>
<status status="PASS" starttime="20230704 20:44:30.427" endtime="20230704 20:44:30.510"/>
</kw>
<status status="PASS" starttime="20230704 20:44:29.933" endtime="20230704 20:44:30.510"/>
</iter>
<iter>
<var name="${robot}">{'Village': 'Sirukalattur', 'Surveynumber': 10, 'Subdivisionnum': ''}</var>
<kw name="Select From List By Label" library="SeleniumLibrary">
<arg>name=cmb_Village</arg>
<arg>${robot["Village"]}</arg>
<doc>Selects options from selection list ``locator`` by ``labels``.</doc>
<msg timestamp="20230704 20:44:30.516" level="INFO">Selecting options from selection list 'name=cmb_Village' by label Sirukalattur.</msg>
<status status="PASS" starttime="20230704 20:44:30.510" endtime="20230704 20:44:30.737"/>
</kw>
<kw name="Input Text" library="SeleniumLibrary">
<arg>id=txt_SurveyNo</arg>
<arg>${robot["Surveynumber"]}</arg>
<doc>Types the given ``text`` into the text field identified by ``locator``.</doc>
<msg timestamp="20230704 20:44:30.740" level="INFO">Typing text '10' into text field 'id=txt_SurveyNo'.</msg>
<status status="PASS" starttime="20230704 20:44:30.739" endtime="20230704 20:44:30.870"/>
</kw>
<kw name="Input Text" library="SeleniumLibrary">
<arg>id=txt_SubDivisionNo</arg>
<arg>${robot["Subdivisionnum"]}</arg>
<doc>Types the given ``text`` into the text field identified by ``locator``.</doc>
<msg timestamp="20230704 20:44:30.870" level="INFO">Typing text '' into text field 'id=txt_SubDivisionNo'.</msg>
<status status="PASS" starttime="20230704 20:44:30.870" endtime="20230704 20:44:30.996"/>
</kw>
<kw name="Click Element" library="SeleniumLibrary">
<arg>xpath=//*[@id="btn_AddSurvey"]</arg>
<doc>Click the element identified by ``locator``.</doc>
<msg timestamp="20230704 20:44:30.998" level="INFO">Clicking element 'xpath=//*[@id="btn_AddSurvey"]'.</msg>
<status status="PASS" starttime="20230704 20:44:30.996" endtime="20230704 20:44:31.071"/>
</kw>
<status status="PASS" starttime="20230704 20:44:30.510" endtime="20230704 20:44:31.071"/>
</iter>
<iter>
<var name="${robot}">{'Village': 'Sirukalattur', 'Surveynumber': 11, 'Subdivisionnum': ''}</var>
<kw name="Select From List By Label" library="SeleniumLibrary">
<arg>name=cmb_Village</arg>
<arg>${robot["Village"]}</arg>
<doc>Selects options from selection list ``locator`` by ``labels``.</doc>
<msg timestamp="20230704 20:44:31.071" level="INFO">Selecting options from selection list 'name=cmb_Village' by label Sirukalattur.</msg>
<status status="PASS" starttime="20230704 20:44:31.071" endtime="20230704 20:44:31.317"/>
</kw>
<kw name="Input Text" library="SeleniumLibrary">
<arg>id=txt_SurveyNo</arg>
<arg>${robot["Surveynumber"]}</arg>
<doc>Types the given ``text`` into the text field identified by ``locator``.</doc>
<msg timestamp="20230704 20:44:31.318" level="INFO">Typing text '11' into text field 'id=txt_SurveyNo'.</msg>
<status status="PASS" starttime="20230704 20:44:31.318" endtime="20230704 20:44:31.453"/>
</kw>
<kw name="Input Text" library="SeleniumLibrary">
<arg>id=txt_SubDivisionNo</arg>
<arg>${robot["Subdivisionnum"]}</arg>
<doc>Types the given ``text`` into the text field identified by ``locator``.</doc>
<msg timestamp="20230704 20:44:31.454" level="INFO">Typing text '' into text field 'id=txt_SubDivisionNo'.</msg>
<status status="PASS" starttime="20230704 20:44:31.454" endtime="20230704 20:44:31.589"/>
</kw>
<kw name="Click Element" library="SeleniumLibrary">
<arg>xpath=//*[@id="btn_AddSurvey"]</arg>
<doc>Click the element identified by ``locator``.</doc>
<msg timestamp="20230704 20:44:31.589" level="INFO">Clicking element 'xpath=//*[@id="btn_AddSurvey"]'.</msg>
<status status="PASS" starttime="20230704 20:44:31.589" endtime="20230704 20:44:31.665"/>
</kw>
<status status="PASS" starttime="20230704 20:44:31.071" endtime="20230704 20:44:31.665"/>
</iter>
<iter>
<var name="${robot}">{'Village': 'Sirukalattur', 'Surveynumber': 12, 'Subdivisionnum': ''}</var>
<kw name="Select From List By Label" library="SeleniumLibrary">
<arg>name=cmb_Village</arg>
<arg>${robot["Village"]}</arg>
<doc>Selects options from selection list ``locator`` by ``labels``.</doc>
<msg timestamp="20230704 20:44:31.666" level="INFO">Selecting options from selection list 'name=cmb_Village' by label Sirukalattur.</msg>
<status status="PASS" starttime="20230704 20:44:31.665" endtime="20230704 20:44:31.862"/>
</kw>
<kw name="Input Text" library="SeleniumLibrary">
<arg>id=txt_SurveyNo</arg>
<arg>${robot["Surveynumber"]}</arg>
<doc>Types the given ``text`` into the text field identified by ``locator``.</doc>
<msg timestamp="20230704 20:44:31.865" level="INFO">Typing text '12' into text field 'id=txt_SurveyNo'.</msg>
<status status="PASS" starttime="20230704 20:44:31.862" endtime="20230704 20:44:32.019"/>
</kw>
<kw name="Input Text" library="SeleniumLibrary">
<arg>id=txt_SubDivisionNo</arg>
<arg>${robot["Subdivisionnum"]}</arg>
<doc>Types the given ``text`` into the text field identified by ``locator``.</doc>
<msg timestamp="20230704 20:44:32.019" level="INFO">Typing text '' into text field 'id=txt_SubDivisionNo'.</msg>
<status status="PASS" starttime="20230704 20:44:32.019" endtime="20230704 20:44:32.144"/>
</kw>
<kw name="Click Element" library="SeleniumLibrary">
<arg>xpath=//*[@id="btn_AddSurvey"]</arg>
<doc>Click the element identified by ``locator``.</doc>
<msg timestamp="20230704 20:44:32.144" level="INFO">Clicking element 'xpath=//*[@id="btn_AddSurvey"]'.</msg>
<status status="PASS" starttime="20230704 20:44:32.144" endtime="20230704 20:44:32.215"/>
</kw>
<status status="PASS" starttime="20230704 20:44:31.665" endtime="20230704 20:44:32.215"/>
</iter>
<iter>
<var name="${robot}">{'Village': 'Sirukalattur', 'Surveynumber': 13, 'Subdivisionnum': ''}</var>
<kw name="Select From List By Label" library="SeleniumLibrary">
<arg>name=cmb_Village</arg>
<arg>${robot["Village"]}</arg>
<doc>Selects options from selection list ``locator`` by ``labels``.</doc>
<msg timestamp="20230704 20:44:32.216" level="INFO">Selecting options from selection list 'name=cmb_Village' by label Sirukalattur.</msg>
<status status="PASS" starttime="20230704 20:44:32.216" endtime="20230704 20:44:32.452"/>
</kw>
<kw name="Input Text" library="SeleniumLibrary">
<arg>id=txt_SurveyNo</arg>
<arg>${robot["Surveynumber"]}</arg>
<doc>Types the given ``text`` into the text field identified by ``locator``.</doc>
<msg timestamp="20230704 20:44:32.452" level="INFO">Typing text '13' into text field 'id=txt_SurveyNo'.</msg>
<status status="PASS" starttime="20230704 20:44:32.452" endtime="20230704 20:44:32.580"/>
</kw>
<kw name="Input Text" library="SeleniumLibrary">
<arg>id=txt_SubDivisionNo</arg>
<arg>${robot["Subdivisionnum"]}</arg>
<doc>Types the given ``text`` into the text field identified by ``locator``.</doc>
<msg timestamp="20230704 20:44:32.582" level="INFO">Typing text '' into text field 'id=txt_SubDivisionNo'.</msg>
<status status="PASS" starttime="20230704 20:44:32.581" endtime="20230704 20:44:32.692"/>
</kw>
<kw name="Click Element" library="SeleniumLibrary">
<arg>xpath=//*[@id="btn_AddSurvey"]</arg>
<doc>Click the element identified by ``locator``.</doc>
<msg timestamp="20230704 20:44:32.692" level="INFO">Clicking element 'xpath=//*[@id="btn_AddSurvey"]'.</msg>
<status status="PASS" starttime="20230704 20:44:32.692" endtime="20230704 20:44:32.774"/>
</kw>
<status status="PASS" starttime="20230704 20:44:32.216" endtime="20230704 20:44:32.774"/>
</iter>
<iter>
<var name="${robot}">{'Village': 'Sirukalattur', 'Surveynumber': 14, 'Subdivisionnum': ''}</var>
<kw name="Select From List By Label" library="SeleniumLibrary">
<arg>name=cmb_Village</arg>
<arg>${robot["Village"]}</arg>
<doc>Selects options from selection list ``locator`` by ``labels``.</doc>
<msg timestamp="20230704 20:44:32.778" level="INFO">Selecting options from selection list 'name=cmb_Village' by label Sirukalattur.</msg>
<status status="PASS" starttime="20230704 20:44:32.774" endtime="20230704 20:44:32.975"/>
</kw>
<kw name="Input Text" library="SeleniumLibrary">
<arg>id=txt_SurveyNo</arg>
<arg>${robot["Surveynumber"]}</arg>
<doc>Types the given ``text`` into the text field identified by ``locator``.</doc>
<msg timestamp="20230704 20:44:32.975" level="INFO">Typing text '14' into text field 'id=txt_SurveyNo'.</msg>
<status status="PASS" starttime="20230704 20:44:32.975" endtime="20230704 20:44:33.099"/>
</kw>
<kw name="Input Text" library="SeleniumLibrary">
<arg>id=txt_SubDivisionNo</arg>
<arg>${robot["Subdivisionnum"]}</arg>
<doc>Types the given ``text`` into the text field identified by ``locator``.</doc>
<msg timestamp="20230704 20:44:33.102" level="INFO">Typing text '' into text field 'id=txt_SubDivisionNo'.</msg>
<status status="PASS" starttime="20230704 20:44:33.099" endtime="20230704 20:44:33.215"/>
</kw>
<kw name="Click Element" library="SeleniumLibrary">
<arg>xpath=//*[@id="btn_AddSurvey"]</arg>
<doc>Click the element identified by ``locator``.</doc>
<msg timestamp="20230704 20:44:33.215" level="INFO">Clicking element 'xpath=//*[@id="btn_AddSurvey"]'.</msg>
<status status="PASS" starttime="20230704 20:44:33.215" endtime="20230704 20:44:33.298"/>
</kw>
<status status="PASS" starttime="20230704 20:44:32.774" endtime="20230704 20:44:33.298"/>
</iter>
<iter>
<var name="${robot}">{'Village': 'Sirukalattur', 'Surveynumber': 15, 'Subdivisionnum': ''}</var>
<kw name="Select From List By Label" library="SeleniumLibrary">
<arg>name=cmb_Village</arg>
<arg>${robot["Village"]}</arg>
<doc>Selects options from selection list ``locator`` by ``labels``.</doc>
<msg timestamp="20230704 20:44:33.299" level="INFO">Selecting options from selection list 'name=cmb_Village' by label Sirukalattur.</msg>
<status status="PASS" starttime="20230704 20:44:33.299" endtime="20230704 20:44:33.535"/>
</kw>
<kw name="Input Text" library="SeleniumLibrary">
<arg>id=txt_SurveyNo</arg>
<arg>${robot["Surveynumber"]}</arg>
<doc>Types the given ``text`` into the text field identified by ``locator``.</doc>
<msg timestamp="20230704 20:44:33.535" level="INFO">Typing text '15' into text field 'id=txt_SurveyNo'.</msg>
<status status="PASS" starttime="20230704 20:44:33.535" endtime="20230704 20:44:33.680"/>
</kw>
<kw name="Input Text" library="SeleniumLibrary">
<arg>id=txt_SubDivisionNo</arg>
<arg>${robot["Subdivisionnum"]}</arg>
<doc>Types the given ``text`` into the text field identified by ``locator``.</doc>
<msg timestamp="20230704 20:44:33.683" level="INFO">Typing text '' into text field 'id=txt_SubDivisionNo'.</msg>
<status status="PASS" starttime="20230704 20:44:33.681" endtime="20230704 20:44:33.810"/>
</kw>
<kw name="Click Element" library="SeleniumLibrary">
<arg>xpath=//*[@id="btn_AddSurvey"]</arg>
<doc>Click the element identified by ``locator``.</doc>
<msg timestamp="20230704 20:44:33.810" level="INFO">Clicking element 'xpath=//*[@id="btn_AddSurvey"]'.</msg>
<status status="PASS" starttime="20230704 20:44:33.810" endtime="20230704 20:44:33.882"/>
</kw>
<status status="PASS" starttime="20230704 20:44:33.299" endtime="20230704 20:44:33.882"/>
</iter>
<iter>
<var name="${robot}">{'Village': 'Sirukalattur', 'Surveynumber': 16, 'Subdivisionnum': ''}</var>
<kw name="Select From List By Label" library="SeleniumLibrary">
<arg>name=cmb_Village</arg>
<arg>${robot["Village"]}</arg>
<doc>Selects options from selection list ``locator`` by ``labels``.</doc>
<msg timestamp="20230704 20:44:33.882" level="INFO">Selecting options from selection list 'name=cmb_Village' by label Sirukalattur.</msg>
<status status="PASS" starttime="20230704 20:44:33.882" endtime="20230704 20:44:34.156"/>
</kw>
<kw name="Input Text" library="SeleniumLibrary">
<arg>id=txt_SurveyNo</arg>
<arg>${robot["Surveynumber"]}</arg>
<doc>Types the given ``text`` into the text field identified by ``locator``.</doc>
<msg timestamp="20230704 20:44:34.156" level="INFO">Typing text '16' into text field 'id=txt_SurveyNo'.</msg>
<status status="PASS" starttime="20230704 20:44:34.156" endtime="20230704 20:44:34.308"/>
</kw>
<kw name="Input Text" library="SeleniumLibrary">
<arg>id=txt_SubDivisionNo</arg>
<arg>${robot["Subdivisionnum"]}</arg>
<doc>Types the given ``text`` into the text field identified by ``locator``.</doc>
<msg timestamp="20230704 20:44:34.310" level="INFO">Typing text '' into text field 'id=txt_SubDivisionNo'.</msg>
<status status="PASS" starttime="20230704 20:44:34.309" endtime="20230704 20:44:34.425"/>
</kw>
<kw name="Click Element" library="SeleniumLibrary">
<arg>xpath=//*[@id="btn_AddSurvey"]</arg>
<doc>Click the element identified by ``locator``.</doc>
<msg timestamp="20230704 20:44:34.426" level="INFO">Clicking element 'xpath=//*[@id="btn_AddSurvey"]'.</msg>
<status status="PASS" starttime="20230704 20:44:34.426" endtime="20230704 20:44:34.506"/>
</kw>
<status status="PASS" starttime="20230704 20:44:33.882" endtime="20230704 20:44:34.506"/>
</iter>
<iter>
<var name="${robot}">{'Village': 'Sirukalattur', 'Surveynumber': 17, 'Subdivisionnum': ''}</var>
<kw name="Select From List By Label" library="SeleniumLibrary">
<arg>name=cmb_Village</arg>
<arg>${robot["Village"]}</arg>
<doc>Selects options from selection list ``locator`` by ``labels``.</doc>
<msg timestamp="20230704 20:44:34.506" level="INFO">Selecting options from selection list 'name=cmb_Village' by label Sirukalattur.</msg>
<status status="PASS" starttime="20230704 20:44:34.506" endtime="20230704 20:44:34.740"/>
</kw>
<kw name="Input Text" library="SeleniumLibrary">
<arg>id=txt_SurveyNo</arg>
<arg>${robot["Surveynumber"]}</arg>
<doc>Types the given ``text`` into the text field identified by ``locator``.</doc>
<msg timestamp="20230704 20:44:34.743" level="INFO">Typing text '17' into text field 'id=txt_SurveyNo'.</msg>
<status status="PASS" starttime="20230704 20:44:34.740" endtime="20230704 20:44:34.883"/>
</kw>
<kw name="Input Text" library="SeleniumLibrary">
<arg>id=txt_SubDivisionNo</arg>
<arg>${robot["Subdivisionnum"]}</arg>
<doc>Types the given ``text`` into the text field identified by ``locator``.</doc>
<msg timestamp="20230704 20:44:34.885" level="INFO">Typing text '' into text field 'id=txt_SubDivisionNo'.</msg>
<status status="PASS" starttime="20230704 20:44:34.884" endtime="20230704 20:44:35.020"/>
</kw>
<kw name="Click Element" library="SeleniumLibrary">
<arg>xpath=//*[@id="btn_AddSurvey"]</arg>
<doc>Click the element identified by ``locator``.</doc>
<msg timestamp="20230704 20:44:35.020" level="INFO">Clicking element 'xpath=//*[@id="btn_AddSurvey"]'.</msg>
<status status="PASS" starttime="20230704 20:44:35.020" endtime="20230704 20:44:35.089"/>
</kw>
<status status="PASS" starttime="20230704 20:44:34.506" endtime="20230704 20:44:35.089"/>
</iter>
<iter>
<var name="${robot}">{'Village': 'Sirukalattur', 'Surveynumber': 18, 'Subdivisionnum': ''}</var>
<kw name="Select From List By Label" library="SeleniumLibrary">
<arg>name=cmb_Village</arg>
<arg>${robot["Village"]}</arg>
<doc>Selects options from selection list ``locator`` by ``labels``.</doc>
<msg timestamp="20230704 20:44:35.089" level="INFO">Selecting options from selection list 'name=cmb_Village' by label Sirukalattur.</msg>
<status status="PASS" starttime="20230704 20:44:35.089" endtime="20230704 20:44:35.539"/>
</kw>
<kw name="Input Text" library="SeleniumLibrary">
<arg>id=txt_SurveyNo</arg>
<arg>${robot["Surveynumber"]}</arg>
<doc>Types the given ``text`` into the text field identified by ``locator``.</doc>
<msg timestamp="20230704 20:44:35.539" level="INFO">Typing text '18' into text field 'id=txt_SurveyNo'.</msg>
<status status="PASS" starttime="20230704 20:44:35.539" endtime="20230704 20:44:35.670"/>
</kw>
<kw name="Input Text" library="SeleniumLibrary">
<arg>id=txt_SubDivisionNo</arg>
<arg>${robot["Subdivisionnum"]}</arg>
<doc>Types the given ``text`` into the text field identified by ``locator``.</doc>
<msg timestamp="20230704 20:44:35.671" level="INFO">Typing text '' into text field 'id=txt_SubDivisionNo'.</msg>
<status status="PASS" starttime="20230704 20:44:35.670" endtime="20230704 20:44:35.792"/>
</kw>
<kw name="Click Element" library="SeleniumLibrary">
<arg>xpath=//*[@id="btn_AddSurvey"]</arg>
<doc>Click the element identified by ``locator``.</doc>
<msg timestamp="20230704 20:44:35.798" level="INFO">Clicking element 'xpath=//*[@id="btn_AddSurvey"]'.</msg>
<status status="PASS" starttime="20230704 20:44:35.792" endtime="20230704 20:44:35.879"/>
</kw>
<status status="PASS" starttime="20230704 20:44:35.089" endtime="20230704 20:44:35.879"/>
</iter>
<iter>
<var name="${robot}">{'Village': 'Sirukalattur', 'Surveynumber': 19, 'Subdivisionnum': ''}</var>
<kw name="Select From List By Label" library="SeleniumLibrary">
<arg>name=cmb_Village</arg>
<arg>${robot["Village"]}</arg>
<doc>Selects options from selection list ``locator`` by ``labels``.</doc>
<msg timestamp="20230704 20:44:35.881" level="INFO">Selecting options from selection list 'name=cmb_Village' by label Sirukalattur.</msg>
<status status="PASS" starttime="20230704 20:44:35.879" endtime="20230704 20:44:36.067"/>
</kw>
<kw name="Input Text" library="SeleniumLibrary">
<arg>id=txt_SurveyNo</arg>
<arg>${robot["Surveynumber"]}</arg>
<doc>Types the given ``text`` into the text field identified by ``locator``.</doc>
<msg timestamp="20230704 20:44:36.067" level="INFO">Typing text '19' into text field 'id=txt_SurveyNo'.</msg>
<status status="PASS" starttime="20230704 20:44:36.067" endtime="20230704 20:44:36.228"/>
</kw>
<kw name="Input Text" library="SeleniumLibrary">
<arg>id=txt_SubDivisionNo</arg>
<arg>${robot["Subdivisionnum"]}</arg>
<doc>Types the given ``text`` into the text field identified by ``locator``.</doc>
<msg timestamp="20230704 20:44:36.231" level="INFO">Typing text '' into text field 'id=txt_SubDivisionNo'.</msg>
<status status="PASS" starttime="20230704 20:44:36.228" endtime="20230704 20:44:36.346"/>
</kw>
<kw name="Click Element" library="SeleniumLibrary">
<arg>xpath=//*[@id="btn_AddSurvey"]</arg>
<doc>Click the element identified by ``locator``.</doc>
<msg timestamp="20230704 20:44:36.349" level="INFO">Clicking element 'xpath=//*[@id="btn_AddSurvey"]'.</msg>
<status status="PASS" starttime="20230704 20:44:36.346" endtime="20230704 20:44:36.426"/>
</kw>
<status status="PASS" starttime="20230704 20:44:35.879" endtime="20230704 20:44:36.426"/>
</iter>
<iter>
<var name="${robot}">{'Village': 'Sirukalattur', 'Surveynumber': 20, 'Subdivisionnum': ''}</var>
<kw name="Select From List By Label" library="SeleniumLibrary">
<arg>name=cmb_Village</arg>
<arg>${robot["Village"]}</arg>
<doc>Selects options from selection list ``locator`` by ``labels``.</doc>
<msg timestamp="20230704 20:44:36.432" level="INFO">Selecting options from selection list 'name=cmb_Village' by label Sirukalattur.</msg>
<status status="PASS" starttime="20230704 20:44:36.431" endtime="20230704 20:44:36.656"/>
</kw>
<kw name="Input Text" library="SeleniumLibrary">
<arg>id=txt_SurveyNo</arg>
<arg>${robot["Surveynumber"]}</arg>
<doc>Types the given ``text`` into the text field identified by ``locator``.</doc>
<msg timestamp="20230704 20:44:36.661" level="INFO">Typing text '20' into text field 'id=txt_SurveyNo'.</msg>
<status status="PASS" starttime="20230704 20:44:36.656" endtime="20230704 20:44:36.809"/>
</kw>
<kw name="Input Text" library="SeleniumLibrary">
<arg>id=txt_SubDivisionNo</arg>
<arg>${robot["Subdivisionnum"]}</arg>
<doc>Types the given ``text`` into the text field identified by ``locator``.</doc>
<msg timestamp="20230704 20:44:36.813" level="INFO">Typing text '' into text field 'id=txt_SubDivisionNo'.</msg>
<status status="PASS" starttime="20230704 20:44:36.809" endtime="20230704 20:44:36.968"/>
</kw>
<kw name="Click Element" library="SeleniumLibrary">
<arg>xpath=//*[@id="btn_AddSurvey"]</arg>
<doc>Click the element identified by ``locator``.</doc>
<msg timestamp="20230704 20:44:36.968" level="INFO">Clicking element 'xpath=//*[@id="btn_AddSurvey"]'.</msg>
<status status="PASS" starttime="20230704 20:44:36.968" endtime="20230704 20:44:37.061"/>
</kw>
<status status="PASS" starttime="20230704 20:44:36.426" endtime="20230704 20:44:37.061"/>
</iter>
<iter>
<var name="${robot}">{'Village': 'Sirukalattur', 'Surveynumber': 21, 'Subdivisionnum': ''}</var>
<kw name="Select From List By Label" library="SeleniumLibrary">
<arg>name=cmb_Village</arg>
<arg>${robot["Village"]}</arg>
<doc>Selects options from selection list ``locator`` by ``labels``.</doc>
<msg timestamp="20230704 20:44:37.062" level="INFO">Selecting options from selection list 'name=cmb_Village' by label Sirukalattur.</msg>
<status status="PASS" starttime="20230704 20:44:37.062" endtime="20230704 20:44:37.283"/>
</kw>
<kw name="Input Text" library="SeleniumLibrary">
<arg>id=txt_SurveyNo</arg>
<arg>${robot["Surveynumber"]}</arg>
<doc>Types the given ``text`` into the text field identified by ``locator``.</doc>
<msg timestamp="20230704 20:44:37.283" level="INFO">Typing text '21' into text field 'id=txt_SurveyNo'.</msg>
<status status="PASS" starttime="20230704 20:44:37.283" endtime="20230704 20:44:37.449"/>
</kw>
<kw name="Input Text" library="SeleniumLibrary">
<arg>id=txt_SubDivisionNo</arg>
<arg>${robot["Subdivisionnum"]}</arg>
<doc>Types the given ``text`` into the text field identified by ``locator``.</doc>
<msg timestamp="20230704 20:44:37.449" level="INFO">Typing text '' into text field 'id=txt_SubDivisionNo'.</msg>
<status status="PASS" starttime="20230704 20:44:37.449" endtime="20230704 20:44:37.599"/>
</kw>
<kw name="Click Element" library="SeleniumLibrary">
<arg>xpath=//*[@id="btn_AddSurvey"]</arg>
<doc>Click the element identified by ``locator``.</doc>
<msg timestamp="20230704 20:44:37.599" level="INFO">Clicking element 'xpath=//*[@id="btn_AddSurvey"]'.</msg>
<status status="PASS" starttime="20230704 20:44:37.599" endtime="20230704 20:44:37.682"/>
</kw>
<status status="PASS" starttime="20230704 20:44:37.062" endtime="20230704 20:44:37.682"/>
</iter>
<iter>
<var name="${robot}">{'Village': 'Sirukalattur', 'Surveynumber': 22, 'Subdivisionnum': ''}</var>
<kw name="Select From List By Label" library="SeleniumLibrary">
<arg>name=cmb_Village</arg>
<arg>${robot["Village"]}</arg>
<doc>Selects options from selection list ``locator`` by ``labels``.</doc>
<msg timestamp="20230704 20:44:37.682" level="INFO">Selecting options from selection list 'name=cmb_Village' by label Sirukalattur.</msg>
<status status="PASS" starttime="20230704 20:44:37.682" endtime="20230704 20:44:37.907"/>
</kw>
<kw name="Input Text" library="SeleniumLibrary">
<arg>id=txt_SurveyNo</arg>
<arg>${robot["Surveynumber"]}</arg>
<doc>Types the given ``text`` into the text field identified by ``locator``.</doc>
<msg timestamp="20230704 20:44:37.907" level="INFO">Typing text '22' into text field 'id=txt_SurveyNo'.</msg>
<status status="PASS" starttime="20230704 20:44:37.907" endtime="20230704 20:44:38.031"/>
</kw>
<kw name="Input Text" library="SeleniumLibrary">
<arg>id=txt_SubDivisionNo</arg>
<arg>${robot["Subdivisionnum"]}</arg>
<doc>Types the given ``text`` into the text field identified by ``locator``.</doc>
<msg timestamp="20230704 20:44:38.034" level="INFO">Typing text '' into text field 'id=txt_SubDivisionNo'.</msg>
<status status="PASS" starttime="20230704 20:44:38.031" endtime="20230704 20:44:38.152"/>
</kw>
<kw name="Click Element" library="SeleniumLibrary">
<arg>xpath=//*[@id="btn_AddSurvey"]</arg>
<doc>Click the element identified by ``locator``.</doc>
<msg timestamp="20230704 20:44:38.152" level="INFO">Clicking element 'xpath=//*[@id="btn_AddSurvey"]'.</msg>
<status status="PASS" starttime="20230704 20:44:38.152" endtime="20230704 20:44:38.229"/>
</kw>
<status status="PASS" starttime="20230704 20:44:37.682" endtime="20230704 20:44:38.229"/>
</iter>
<iter>
<var name="${robot}">{'Village': 'Sirukalattur', 'Surveynumber': 23, 'Subdivisionnum': ''}</var>
<kw name="Select From List By Label" library="SeleniumLibrary">
<arg>name=cmb_Village</arg>
<arg>${robot["Village"]}</arg>
<doc>Selects options from selection list ``locator`` by ``labels``.</doc>
<msg timestamp="20230704 20:44:38.232" level="INFO">Selecting options from selection list 'name=cmb_Village' by label Sirukalattur.</msg>
<status status="PASS" starttime="20230704 20:44:38.229" endtime="20230704 20:44:38.443"/>
</kw>
<kw name="Input Text" library="SeleniumLibrary">
<arg>id=txt_SurveyNo</arg>
<arg>${robot["Surveynumber"]}</arg>
<doc>Types the given ``text`` into the text field identified by ``locator``.</doc>
<msg timestamp="20230704 20:44:38.443" level="INFO">Typing text '23' into text field 'id=txt_SurveyNo'.</msg>
<status status="PASS" starttime="20230704 20:44:38.443" endtime="20230704 20:44:38.561"/>
</kw>
<kw name="Input Text" library="SeleniumLibrary">
<arg>id=txt_SubDivisionNo</arg>
<arg>${robot["Subdivisionnum"]}</arg>
<doc>Types the given ``text`` into the text field identified by ``locator``.</doc>
<msg timestamp="20230704 20:44:38.565" level="INFO">Typing text '' into text field 'id=txt_SubDivisionNo'.</msg>
<status status="PASS" starttime="20230704 20:44:38.561" endtime="20230704 20:44:38.696"/>
</kw>
<kw name="Click Element" library="SeleniumLibrary">
<arg>xpath=//*[@id="btn_AddSurvey"]</arg>
<doc>Click the element identified by ``locator``.</doc>
<msg timestamp="20230704 20:44:38.698" level="INFO">Clicking element 'xpath=//*[@id="btn_AddSurvey"]'.</msg>
<status status="PASS" starttime="20230704 20:44:38.696" endtime="20230704 20:44:38.788"/>
</kw>
<status status="PASS" starttime="20230704 20:44:38.229" endtime="20230704 20:44:38.788"/>
</iter>
<iter>
<var name="${robot}">{'Village': 'Sirukalattur', 'Surveynumber': 24, 'Subdivisionnum': ''}</var>
<kw name="Select From List By Label" library="SeleniumLibrary">
<arg>name=cmb_Village</arg>
<arg>${robot["Village"]}</arg>
<doc>Selects options from selection list ``locator`` by ``labels``.</doc>
<msg timestamp="20230704 20:44:38.792" level="INFO">Selecting options from selection list 'name=cmb_Village' by label Sirukalattur.</msg>
<status status="PASS" starttime="20230704 20:44:38.788" endtime="20230704 20:44:39.029"/>
</kw>
<kw name="Input Text" library="SeleniumLibrary">
<arg>id=txt_SurveyNo</arg>
<arg>${robot["Surveynumber"]}</arg>
<doc>Types the given ``text`` into the text field identified by ``locator``.</doc>
<msg timestamp="20230704 20:44:39.031" level="INFO">Typing text '24' into text field 'id=txt_SurveyNo'.</msg>
<status status="PASS" starttime="20230704 20:44:39.029" endtime="20230704 20:44:39.153"/>
</kw>
<kw name="Input Text" library="SeleniumLibrary">
<arg>id=txt_SubDivisionNo</arg>
<arg>${robot["Subdivisionnum"]}</arg>
<doc>Types the given ``text`` into the text field identified by ``locator``.</doc>
<msg timestamp="20230704 20:44:39.165" level="INFO">Typing text '' into text field 'id=txt_SubDivisionNo'.</msg>
<status status="PASS" starttime="20230704 20:44:39.165" endtime="20230704 20:44:39.253"/>
</kw>
<kw name="Click Element" library="SeleniumLibrary">
<arg>xpath=//*[@id="btn_AddSurvey"]</arg>
<doc>Click the element identified by ``locator``.</doc>
<msg timestamp="20230704 20:44:39.265" level="INFO">Clicking element 'xpath=//*[@id="btn_AddSurvey"]'.</msg>
<status status="PASS" starttime="20230704 20:44:39.265" endtime="20230704 20:44:39.337"/>
</kw>
<status status="PASS" starttime="20230704 20:44:38.788" endtime="20230704 20:44:39.337"/>
</iter>
<iter>
<var name="${robot}">{'Village': 'Sirukalattur', 'Surveynumber': 25, 'Subdivisionnum': ''}</var>
<kw name="Select From List By Label" library="SeleniumLibrary">
<arg>name=cmb_Village</arg>
<arg>${robot["Village"]}</arg>
<doc>Selects options from selection list ``locator`` by ``labels``.</doc>
<msg timestamp="20230704 20:44:39.337" level="INFO">Selecting options from selection list 'name=cmb_Village' by label Sirukalattur.</msg>
<status status="PASS" starttime="20230704 20:44:39.337" endtime="20230704 20:44:39.535"/>
</kw>
<kw name="Input Text" library="SeleniumLibrary">
<arg>id=txt_SurveyNo</arg>
<arg>${robot["Surveynumber"]}</arg>
<doc>Types the given ``text`` into the text field identified by ``locator``.</doc>
<msg timestamp="20230704 20:44:39.535" level="INFO">Typing text '25' into text field 'id=txt_SurveyNo'.</msg>
<status status="PASS" starttime="20230704 20:44:39.535" endtime="20230704 20:44:39.663"/>
</kw>
<kw name="Input Text" library="SeleniumLibrary">
<arg>id=txt_SubDivisionNo</arg>
<arg>${robot["Subdivisionnum"]}</arg>
<doc>Types the given ``text`` into the text field identified by ``locator``.</doc>
<msg timestamp="20230704 20:44:39.665" level="INFO">Typing text '' into text field 'id=txt_SubDivisionNo'.</msg>
<status status="PASS" starttime="20230704 20:44:39.663" endtime="20230704 20:44:39.773"/>
</kw>
<kw name="Click Element" library="SeleniumLibrary">
<arg>xpath=//*[@id="btn_AddSurvey"]</arg>
<doc>Click the element identified by ``locator``.</doc>
<msg timestamp="20230704 20:44:39.773" level="INFO">Clicking element 'xpath=//*[@id="btn_AddSurvey"]'.</msg>
<status status="PASS" starttime="20230704 20:44:39.773" endtime="20230704 20:44:39.844"/>
</kw>
<status status="PASS" starttime="20230704 20:44:39.337" endtime="20230704 20:44:39.844"/>
</iter>
<iter>
<var name="${robot}">{'Village': 'Sirukalattur', 'Surveynumber': 26, 'Subdivisionnum': ''}</var>
<kw name="Select From List By Label" library="SeleniumLibrary">
<arg>name=cmb_Village</arg>
<arg>${robot["Village"]}</arg>
<doc>Selects options from selection list ``locator`` by ``labels``.</doc>
<msg timestamp="20230704 20:44:39.845" level="INFO">Selecting options from selection list 'name=cmb_Village' by label Sirukalattur.</msg>
<status status="PASS" starttime="20230704 20:44:39.845" endtime="20230704 20:44:40.050"/>
</kw>
<kw name="Input Text" library="SeleniumLibrary">
<arg>id=txt_SurveyNo</arg>
<arg>${robot["Surveynumber"]}</arg>
<doc>Types the given ``text`` into the text field identified by ``locator``.</doc>
<msg timestamp="20230704 20:44:40.050" level="INFO">Typing text '26' into text field 'id=txt_SurveyNo'.</msg>
<status status="PASS" starttime="20230704 20:44:40.050" endtime="20230704 20:44:40.166"/>
</kw>
<kw name="Input Text" library="SeleniumLibrary">
<arg>id=txt_SubDivisionNo</arg>
<arg>${robot["Subdivisionnum"]}</arg>
<doc>Types the given ``text`` into the text field identified by ``locator``.</doc>
<msg timestamp="20230704 20:44:40.166" level="INFO">Typing text '' into text field 'id=txt_SubDivisionNo'.</msg>
<status status="PASS" starttime="20230704 20:44:40.166" endtime="20230704 20:44:40.292"/>
</kw>
<kw name="Click Element" library="SeleniumLibrary">
<arg>xpath=//*[@id="btn_AddSurvey"]</arg>
<doc>Click the element identified by ``locator``.</doc>
<msg timestamp="20230704 20:44:40.299" level="INFO">Clicking element 'xpath=//*[@id="btn_AddSurvey"]'.</msg>
<status status="PASS" starttime="20230704 20:44:40.292" endtime="20230704 20:44:40.366"/>
</kw>
<status status="PASS" starttime="20230704 20:44:39.845" endtime="20230704 20:44:40.366"/>
</iter>
<iter>
<var name="${robot}">{'Village': 'Sirukalattur', 'Surveynumber': 27, 'Subdivisionnum': ''}</var>
<kw name="Select From List By Label" library="SeleniumLibrary">
<arg>name=cmb_Village</arg>
<arg>${robot["Village"]}</arg>
<doc>Selects options from selection list ``locator`` by ``labels``.</doc>
<msg timestamp="20230704 20:44:40.366" level="INFO">Selecting options from selection list 'name=cmb_Village' by label Sirukalattur.</msg>
<status status="PASS" starttime="20230704 20:44:40.366" endtime="20230704 20:44:40.615"/>
</kw>
<kw name="Input Text" library="SeleniumLibrary">
<arg>id=txt_SurveyNo</arg>
<arg>${robot["Surveynumber"]}</arg>
<doc>Types the given ``text`` into the text field identified by ``locator``.</doc>
<msg timestamp="20230704 20:44:40.617" level="INFO">Typing text '27' into text field 'id=txt_SurveyNo'.</msg>
<status status="PASS" starttime="20230704 20:44:40.615" endtime="20230704 20:44:40.755"/>
</kw>
<kw name="Input Text" library="SeleniumLibrary">
<arg>id=txt_SubDivisionNo</arg>
<arg>${robot["Subdivisionnum"]}</arg>
<doc>Types the given ``text`` into the text field identified by ``locator``.</doc>
<msg timestamp="20230704 20:44:40.757" level="INFO">Typing text '' into text field 'id=txt_SubDivisionNo'.</msg>
<status status="PASS" starttime="20230704 20:44:40.755" endtime="20230704 20:44:40.870"/>
</kw>
<kw name="Click Element" library="SeleniumLibrary">
<arg>xpath=//*[@id="btn_AddSurvey"]</arg>
<doc>Click the element identified by ``locator``.</doc>
<msg timestamp="20230704 20:44:40.870" level="INFO">Clicking element 'xpath=//*[@id="btn_AddSurvey"]'.</msg>
<status status="PASS" starttime="20230704 20:44:40.870" endtime="20230704 20:44:40.940"/>
</kw>
<status status="PASS" starttime="20230704 20:44:40.366" endtime="20230704 20:44:40.940"/>
</iter>
<iter>
<var name="${robot}">{'Village': 'Sirukalattur', 'Surveynumber': 28, 'Subdivisionnum': ''}</var>
<kw name="Select From List By Label" library="SeleniumLibrary">
<arg>name=cmb_Village</arg>
<arg>${robot["Village"]}</arg>
<doc>Selects options from selection list ``locator`` by ``labels``.</doc>
<msg timestamp="20230704 20:44:40.940" level="INFO">Selecting options from selection list 'name=cmb_Village' by label Sirukalattur.</msg>
<status status="PASS" starttime="20230704 20:44:40.940" endtime="20230704 20:44:41.138"/>
</kw>
<kw name="Input Text" library="SeleniumLibrary">
<arg>id=txt_SurveyNo</arg>
<arg>${robot["Surveynumber"]}</arg>
<doc>Types the given ``text`` into the text field identified by ``locator``.</doc>
<msg timestamp="20230704 20:44:41.138" level="INFO">Typing text '28' into text field 'id=txt_SurveyNo'.</msg>
<status status="PASS" starttime="20230704 20:44:41.138" endtime="20230704 20:44:41.276"/>
</kw>
<kw name="Input Text" library="SeleniumLibrary">
<arg>id=txt_SubDivisionNo</arg>
<arg>${robot["Subdivisionnum"]}</arg>
<doc>Types the given ``text`` into the text field identified by ``locator``.</doc>
<msg timestamp="20230704 20:44:41.280" level="INFO">Typing text '' into text field 'id=txt_SubDivisionNo'.</msg>
<status status="PASS" starttime="20230704 20:44:41.276" endtime="20230704 20:44:41.398"/>
</kw>
<kw name="Click Element" library="SeleniumLibrary">
<arg>xpath=//*[@id="btn_AddSurvey"]</arg>
<doc>Click the element identified by ``locator``.</doc>
<msg timestamp="20230704 20:44:41.398" level="INFO">Clicking element 'xpath=//*[@id="btn_AddSurvey"]'.</msg>
<status status="PASS" starttime="20230704 20:44:41.398" endtime="20230704 20:44:41.475"/>
</kw>
<status status="PASS" starttime="20230704 20:44:40.940" endtime="20230704 20:44:41.475"/>
</iter>
<iter>
<var name="${robot}">{'Village': 'Sirukalattur', 'Surveynumber': 29, 'Subdivisionnum': ''}</var>
<kw name="Select From List By Label" library="SeleniumLibrary">
<arg>name=cmb_Village</arg>
<arg>${robot["Village"]}</arg>
<doc>Selects options from selection list ``locator`` by ``labels``.</doc>
<msg timestamp="20230704 20:44:41.475" level="INFO">Selecting options from selection list 'name=cmb_Village' by label Sirukalattur.</msg>
<status status="PASS" starttime="20230704 20:44:41.475" endtime="20230704 20:44:41.697"/>
</kw>
<kw name="Input Text" library="SeleniumLibrary">
<arg>id=txt_SurveyNo</arg>
<arg>${robot["Surveynumber"]}</arg>
<doc>Types the given ``text`` into the text field identified by ``locator``.</doc>
<msg timestamp="20230704 20:44:41.698" level="INFO">Typing text '29' into text field 'id=txt_SurveyNo'.</msg>
<status status="PASS" starttime="20230704 20:44:41.698" endtime="20230704 20:44:41.852"/>
</kw>
<kw name="Input Text" library="SeleniumLibrary">
<arg>id=txt_SubDivisionNo</arg>
<arg>${robot["Subdivisionnum"]}</arg>
<doc>Types the given ``text`` into the text field identified by ``locator``.</doc>
<msg timestamp="20230704 20:44:41.852" level="INFO">Typing text '' into text field 'id=txt_SubDivisionNo'.</msg>
<status status="PASS" starttime="20230704 20:44:41.852" endtime="20230704 20:44:42.017"/>
</kw>
<kw name="Click Element" library="SeleniumLibrary">
<arg>xpath=//*[@id="btn_AddSurvey"]</arg>
<doc>Click the element identified by ``locator``.</doc>
<msg timestamp="20230704 20:44:42.017" level="INFO">Clicking element 'xpath=//*[@id="btn_AddSurvey"]'.</msg>
<status status="PASS" starttime="20230704 20:44:42.017" endtime="20230704 20:44:42.109"/>
</kw>
<status status="PASS" starttime="20230704 20:44:41.475" endtime="20230704 20:44:42.109"/>
</iter>
<iter>
<var name="${robot}">{'Village': 'Sirukalattur', 'Surveynumber': 30, 'Subdivisionnum': ''}</var>
<kw name="Select From List By Label" library="SeleniumLibrary">
<arg>name=cmb_Village</arg>
<arg>${robot["Village"]}</arg>
<doc>Selects options from selection list ``locator`` by ``labels``.</doc>
<msg timestamp="20230704 20:44:42.109" level="INFO">Selecting options from selection list 'name=cmb_Village' by label Sirukalattur.</msg>
<status status="PASS" starttime="20230704 20:44:42.109" endtime="20230704 20:44:42.315"/>
</kw>
<kw name="Input Text" library="SeleniumLibrary">
<arg>id=txt_SurveyNo</arg>
<arg>${robot["Surveynumber"]}</arg>
<doc>Types the given ``text`` into the text field identified by ``locator``.</doc>
<msg timestamp="20230704 20:44:42.318" level="INFO">Typing text '30' into text field 'id=txt_SurveyNo'.</msg>
<status status="PASS" starttime="20230704 20:44:42.315" endtime="20230704 20:44:42.454"/>
</kw>
<kw name="Input Text" library="SeleniumLibrary">
<arg>id=txt_SubDivisionNo</arg>
<arg>${robot["Subdivisionnum"]}</arg>
<doc>Types the given ``text`` into the text field identified by ``locator``.</doc>
<msg timestamp="20230704 20:44:42.454" level="INFO">Typing text '' into text field 'id=txt_SubDivisionNo'.</msg>
<status status="PASS" starttime="20230704 20:44:42.454" endtime="20230704 20:44:42.554"/>
</kw>
<kw name="Click Element" library="SeleniumLibrary">
<arg>xpath=//*[@id="btn_AddSurvey"]</arg>
<doc>Click the element identified by ``locator``.</doc>
<msg timestamp="20230704 20:44:42.554" level="INFO">Clicking element 'xpath=//*[@id="btn_AddSurvey"]'.</msg>
<status status="PASS" starttime="20230704 20:44:42.554" endtime="20230704 20:44:42.617"/>
</kw>
<status status="PASS" starttime="20230704 20:44:42.109" endtime="20230704 20:44:42.617"/>
</iter>
<iter>
<var name="${robot}">{'Village': 'Sirukalattur', 'Surveynumber': 31, 'Subdivisionnum': ''}</var>
<kw name="Select From List By Label" library="SeleniumLibrary">
<arg>name=cmb_Village</arg>
<arg>${robot["Village"]}</arg>
<doc>Selects options from selection list ``locator`` by ``labels``.</doc>
<msg timestamp="20230704 20:44:42.617" level="INFO">Selecting options from selection list 'name=cmb_Village' by label Sirukalattur.</msg>
<status status="PASS" starttime="20230704 20:44:42.617" endtime="20230704 20:44:42.833"/>
</kw>
<kw name="Input Text" library="SeleniumLibrary">
<arg>id=txt_SurveyNo</arg>
<arg>${robot["Surveynumber"]}</arg>
<doc>Types the given ``text`` into the text field identified by ``locator``.</doc>
<msg timestamp="20230704 20:44:42.833" level="INFO">Typing text '31' into text field 'id=txt_SurveyNo'.</msg>
<status status="PASS" starttime="20230704 20:44:42.833" endtime="20230704 20:44:42.965"/>
</kw>
<kw name="Input Text" library="SeleniumLibrary">
<arg>id=txt_SubDivisionNo</arg>
<arg>${robot["Subdivisionnum"]}</arg>
<doc>Types the given ``text`` into the text field identified by ``locator``.</doc>
<msg timestamp="20230704 20:44:42.965" level="INFO">Typing text '' into text field 'id=txt_SubDivisionNo'.</msg>
<status status="PASS" starttime="20230704 20:44:42.965" endtime="20230704 20:44:43.082"/>
</kw>
<kw name="Click Element" library="SeleniumLibrary">
<arg>xpath=//*[@id="btn_AddSurvey"]</arg>
<doc>Click the element identified by ``locator``.</doc>
<msg timestamp="20230704 20:44:43.091" level="INFO">Clicking element 'xpath=//*[@id="btn_AddSurvey"]'.</msg>
<status status="PASS" starttime="20230704 20:44:43.082" endtime="20230704 20:44:43.148"/>
</kw>
<status status="PASS" starttime="20230704 20:44:42.617" endtime="20230704 20:44:43.148"/>
</iter>
<iter>
<var name="${robot}">{'Village': 'Sirukalattur', 'Surveynumber': 32, 'Subdivisionnum': ''}</var>
<kw name="Select From List By Label" library="SeleniumLibrary">
<arg>name=cmb_Village</arg>
<arg>${robot["Village"]}</arg>
<doc>Selects options from selection list ``locator`` by ``labels``.</doc>
<msg timestamp="20230704 20:44:43.148" level="INFO">Selecting options from selection list 'name=cmb_Village' by label Sirukalattur.</msg>
<status status="PASS" starttime="20230704 20:44:43.148" endtime="20230704 20:44:43.351"/>
</kw>
<kw name="Input Text" library="SeleniumLibrary">
<arg>id=txt_SurveyNo</arg>
<arg>${robot["Surveynumber"]}</arg>
<doc>Types the given ``text`` into the text field identified by ``locator``.</doc>
<msg timestamp="20230704 20:44:43.351" level="INFO">Typing text '32' into text field 'id=txt_SurveyNo'.</msg>
<status status="PASS" starttime="20230704 20:44:43.351" endtime="20230704 20:44:43.482"/>
</kw>
<kw name="Input Text" library="SeleniumLibrary">
<arg>id=txt_SubDivisionNo</arg>
<arg>${robot["Subdivisionnum"]}</arg>
<doc>Types the given ``text`` into the text field identified by ``locator``.</doc>
<msg timestamp="20230704 20:44:43.482" level="INFO">Typing text '' into text field 'id=txt_SubDivisionNo'.</msg>
<status status="PASS" starttime="20230704 20:44:43.482" endtime="20230704 20:44:43.607"/>
</kw>
<kw name="Click Element" library="SeleniumLibrary">
<arg>xpath=//*[@id="btn_AddSurvey"]</arg>
<doc>Click the element identified by ``locator``.</doc>
<msg timestamp="20230704 20:44:43.607" level="INFO">Clicking element 'xpath=//*[@id="btn_AddSurvey"]'.</msg>
<status status="PASS" starttime="20230704 20:44:43.607" endtime="20230704 20:44:43.682"/>
</kw>
<status status="PASS" starttime="20230704 20:44:43.148" endtime="20230704 20:44:43.682"/>
</iter>
<iter>
<var name="${robot}">{'Village': 'Sirukalattur', 'Surveynumber': 33, 'Subdivisionnum': ''}</var>
<kw name="Select From List By Label" library="SeleniumLibrary">
<arg>name=cmb_Village</arg>
<arg>${robot["Village"]}</arg>
<doc>Selects options from selection list ``locator`` by ``labels``.</doc>
<msg timestamp="20230704 20:44:43.682" level="INFO">Selecting options from selection list 'name=cmb_Village' by label Sirukalattur.</msg>
<status status="PASS" starttime="20230704 20:44:43.682" endtime="20230704 20:44:43.902"/>
</kw>
<kw name="Input Text" library="SeleniumLibrary">
<arg>id=txt_SurveyNo</arg>
<arg>${robot["Surveynumber"]}</arg>
<doc>Types the given ``text`` into the text field identified by ``locator``.</doc>
<msg timestamp="20230704 20:44:43.906" level="INFO">Typing text '33' into text field 'id=txt_SurveyNo'.</msg>
<status status="PASS" starttime="20230704 20:44:43.902" endtime="20230704 20:44:44.057"/>
</kw>
<kw name="Input Text" library="SeleniumLibrary">
<arg>id=txt_SubDivisionNo</arg>
<arg>${robot["Subdivisionnum"]}</arg>
<doc>Types the given ``text`` into the text field identified by ``locator``.</doc>
<msg timestamp="20230704 20:44:44.057" level="INFO">Typing text '' into text field 'id=txt_SubDivisionNo'.</msg>
<status status="PASS" starttime="20230704 20:44:44.057" endtime="20230704 20:44:44.203"/>
</kw>
<kw name="Click Element" library="SeleniumLibrary">
<arg>xpath=//*[@id="btn_AddSurvey"]</arg>
<doc>Click the element identified by ``locator``.</doc>
<msg timestamp="20230704 20:44:44.204" level="INFO">Clicking element 'xpath=//*[@id="btn_AddSurvey"]'.</msg>
<status status="PASS" starttime="20230704 20:44:44.203" endtime="20230704 20:44:44.281"/>
</kw>
<status status="PASS" starttime="20230704 20:44:43.682" endtime="20230704 20:44:44.281"/>
</iter>
<iter>
<var name="${robot}">{'Village': 'Sirukalattur', 'Surveynumber': 34, 'Subdivisionnum': ''}</var>
<kw name="Select From List By Label" library="SeleniumLibrary">
<arg>name=cmb_Village</arg>
<arg>${robot["Village"]}</arg>
<doc>Selects options from selection list ``locator`` by ``labels``.</doc>
<msg timestamp="20230704 20:44:44.285" level="INFO">Selecting options from selection list 'name=cmb_Village' by label Sirukalattur.</msg>
<status status="PASS" starttime="20230704 20:44:44.285" endtime="20230704 20:44:44.499"/>
</kw>
<kw name="Input Text" library="SeleniumLibrary">
<arg>id=txt_SurveyNo</arg>
<arg>${robot["Surveynumber"]}</arg>
<doc>Types the given ``text`` into the text field identified by ``locator``.</doc>
<msg timestamp="20230704 20:44:44.499" level="INFO">Typing text '34' into text field 'id=txt_SurveyNo'.</msg>
<status status="PASS" starttime="20230704 20:44:44.499" endtime="20230704 20:44:44.632"/>
</kw>
<kw name="Input Text" library="SeleniumLibrary">
<arg>id=txt_SubDivisionNo</arg>
<arg>${robot["Subdivisionnum"]}</arg>
<doc>Types the given ``text`` into the text field identified by ``locator``.</doc>
<msg timestamp="20230704 20:44:44.632" level="INFO">Typing text '' into text field 'id=txt_SubDivisionNo'.</msg>
<status status="PASS" starttime="20230704 20:44:44.632" endtime="20230704 20:44:44.774"/>
</kw>
<kw name="Click Element" library="SeleniumLibrary">
<arg>xpath=//*[@id="btn_AddSurvey"]</arg>
<doc>Click the element identified by ``locator``.</doc>
<msg timestamp="20230704 20:44:44.775" level="INFO">Clicking element 'xpath=//*[@id="btn_AddSurvey"]'.</msg>
<status status="PASS" starttime="20230704 20:44:44.774" endtime="20230704 20:44:44.851"/>
</kw>
<status status="PASS" starttime="20230704 20:44:44.285" endtime="20230704 20:44:44.851"/>
</iter>
<iter>
<var name="${robot}">{'Village': 'Sirukalattur', 'Surveynumber': 35, 'Subdivisionnum': ''}</var>
<kw name="Select From List By Label" library="SeleniumLibrary">
<arg>name=cmb_Village</arg>
<arg>${robot["Village"]}</arg>
<doc>Selects options from selection list ``locator`` by ``labels``.</doc>
<msg timestamp="20230704 20:44:44.851" level="INFO">Selecting options from selection list 'name=cmb_Village' by label Sirukalattur.</msg>
<status status="PASS" starttime="20230704 20:44:44.851" endtime="20230704 20:44:45.064"/>
</kw>
<kw name="Input Text" library="SeleniumLibrary">
<arg>id=txt_SurveyNo</arg>
<arg>${robot["Surveynumber"]}</arg>
<doc>Types the given ``text`` into the text field identified by ``locator``.</doc>
<msg timestamp="20230704 20:44:45.065" level="INFO">Typing text '35' into text field 'id=txt_SurveyNo'.</msg>
<status status="PASS" starttime="20230704 20:44:45.064" endtime="20230704 20:44:45.187"/>
</kw>
<kw name="Input Text" library="SeleniumLibrary">
<arg>id=txt_SubDivisionNo</arg>
<arg>${robot["Subdivisionnum"]}</arg>
<doc>Types the given ``text`` into the text field identified by ``locator``.</doc>
<msg timestamp="20230704 20:44:45.187" level="INFO">Typing text '' into text field 'id=txt_SubDivisionNo'.</msg>
<status status="PASS" starttime="20230704 20:44:45.187" endtime="20230704 20:44:45.283"/>
</kw>
<kw name="Click Element" library="SeleniumLibrary">
<arg>xpath=//*[@id="btn_AddSurvey"]</arg>
<doc>Click the element identified by ``locator``.</doc>
<msg timestamp="20230704 20:44:45.283" level="INFO">Clicking element 'xpath=//*[@id="btn_AddSurvey"]'.</msg>
<status status="PASS" starttime="20230704 20:44:45.283" endtime="20230704 20:44:45.360"/>
</kw>
<status status="PASS" starttime="20230704 20:44:44.851" endtime="20230704 20:44:45.360"/>
</iter>
<iter>
<var name="${robot}">{'Village': 'Sirukalattur', 'Surveynumber': 36, 'Subdivisionnum': ''}</var>
<kw name="Select From List By Label" library="SeleniumLibrary">
<arg>name=cmb_Village</arg>
<arg>${robot["Village"]}</arg>
<doc>Selects options from selection list ``locator`` by ``labels``.</doc>
<msg timestamp="20230704 20:44:45.365" level="INFO">Selecting options from selection list 'name=cmb_Village' by label Sirukalattur.</msg>
[...]
</iter>
<iter>
<var name="${robot}">{'Village': 'Sirukalattur', 'Surveynumber': 116, 'Subdivisionnum': ''}</var>
<kw name="Select From List By Label" library="SeleniumLibrary">
<arg>name=cmb_Village</arg>
<arg>${robot["Village"]}</arg>
<doc>Selects options from selection list ``locator`` by ``labels``.</doc>
<msg timestamp="20230704 20:45:38.115" level="INFO">Selecting options from selection list 'name=cmb_Village' by label Sirukalattur.</msg>
<status status="PASS" starttime="20230704 20:45:38.115" endtime="20230704 20:45:38.331"/>
</kw>
<kw name="Input Text" library="SeleniumLibrary">
<arg>id=txt_SurveyNo</arg>
<arg>${robot["Surveynumber"]}</arg>
<doc>Types the given ``text`` into the text field identified by ``locator``.</doc>
<msg timestamp="20230704 20:45:38.331" level="INFO">Typing text '116' into text field 'id=txt_SurveyNo'.</msg>
<status status="PASS" starttime="20230704 20:45:38.331" endtime="20230704 20:45:38.505"/>
</kw>
<kw name="Input Text" library="SeleniumLibrary">
<arg>id=txt_SubDivisionNo</arg>
<arg>${robot["Subdivisionnum"]}</arg>
<doc>Types the given ``text`` into the text field identified by ``locator``.</doc>
<msg timestamp="20230704 20:45:38.505" level="INFO">Typing text '' into text field 'id=txt_SubDivisionNo'.</msg>
<status status="PASS" starttime="20230704 20:45:38.505" endtime="20230704 20:45:38.634"/>
</kw>
<kw name="Click Element" library="SeleniumLibrary">
<arg>xpath=//*[@id="btn_AddSurvey"]</arg>
<doc>Click the element identified by ``locator``.</doc>
<msg timestamp="20230704 20:45:38.634" level="INFO">Clicking element 'xpath=//*[@id="btn_AddSurvey"]'.</msg>
<status status="PASS" starttime="20230704 20:45:38.634" endtime="20230704 20:45:38.741"/>
</kw>
<status status="PASS" starttime="20230704 20:45:38.115" endtime="20230704 20:45:38.741"/>
</iter>
<iter>
<var name="${robot}">{'Village': 'Sirukalattur', 'Surveynumber': 117, 'Subdivisionnum': ''}</var>
<kw name="Select From List By Label" library="SeleniumLibrary">
<arg>name=cmb_Village</arg>
<arg>${robot["Village"]}</arg>
<doc>Selects options from selection list ``locator`` by ``labels``.</doc>
<msg timestamp="20230704 20:45:38.741" level="INFO">Selecting options from selection list 'name=cmb_Village' by label Sirukalattur.</msg>
<status status="PASS" starttime="20230704 20:45:38.741" endtime="20230704 20:45:38.939"/>
</kw>
<kw name="Input Text" library="SeleniumLibrary">
<arg>id=txt_SurveyNo</arg>
<arg>${robot["Surveynumber"]}</arg>
<doc>Types the given ``text`` into the text field identified by ``locator``.</doc>
<msg timestamp="20230704 20:45:38.939" level="INFO">Typing text '117' into text field 'id=txt_SurveyNo'.</msg>
<status status="PASS" starttime="20230704 20:45:38.939" endtime="20230704 20:45:39.114"/>
</kw>
<kw name="Input Text" library="SeleniumLibrary">
<arg>id=txt_SubDivisionNo</arg>
<arg>${robot["Subdivisionnum"]}</arg>
<doc>Types the given ``text`` into the text field identified by ``locator``.</doc>
<msg timestamp="20230704 20:45:39.115" level="INFO">Typing text '' into text field 'id=txt_SubDivisionNo'.</msg>
<status status="PASS" starttime="20230704 20:45:39.114" endtime="20230704 20:45:39.257"/>
</kw>
<kw name="Click Element" library="SeleniumLibrary">
<arg>xpath=//*[@id="btn_AddSurvey"]</arg>
<doc>Click the element identified by ``locator``.</doc>
<msg timestamp="20230704 20:45:39.257" level="INFO">Clicking element 'xpath=//*[@id="btn_AddSurvey"]'.</msg>
<status status="PASS" starttime="20230704 20:45:39.257" endtime="20230704 20:45:39.332"/>
</kw>
<status status="PASS" starttime="20230704 20:45:38.741" endtime="20230704 20:45:39.332"/>
</iter>
<iter>
<var name="${robot}">{'Village': 'Sirukalattur', 'Surveynumber': 118, 'Subdivisionnum': ''}</var>
<kw name="Select From List By Label" library="SeleniumLibrary">
<arg>name=cmb_Village</arg>
<arg>${robot["Village"]}</arg>
<doc>Selects options from selection list ``locator`` by ``labels``.</doc>
<msg timestamp="20230704 20:45:39.332" level="INFO">Selecting options from selection list 'name=cmb_Village' by label Sirukalattur.</msg>
<status status="PASS" starttime="20230704 20:45:39.332" endtime="20230704 20:45:39.562"/>
</kw>
<kw name="Input Text" library="SeleniumLibrary">
<arg>id=txt_SurveyNo</arg>
<arg>${robot["Surveynumber"]}</arg>
<doc>Types the given ``text`` into the text field identified by ``locator``.</doc>
<msg timestamp="20230704 20:45:39.564" level="INFO">Typing text '118' into text field 'id=txt_SurveyNo'.</msg>
<status status="PASS" starttime="20230704 20:45:39.562" endtime="20230704 20:45:39.741"/>
</kw>
<kw name="Input Text" library="SeleniumLibrary">
<arg>id=txt_SubDivisionNo</arg>
<arg>${robot["Subdivisionnum"]}</arg>
<doc>Types the given ``text`` into the text field identified by ``locator``.</doc>
<msg timestamp="20230704 20:45:39.747" level="INFO">Typing text '' into text field 'id=txt_SubDivisionNo'.</msg>
<status status="PASS" starttime="20230704 20:45:39.741" endtime="20230704 20:45:39.903"/>
</kw>
<kw name="Click Element" library="SeleniumLibrary">
<arg>xpath=//*[@id="btn_AddSurvey"]</arg>
<doc>Click the element identified by ``locator``.</doc>
<msg timestamp="20230704 20:45:39.903" level="INFO">Clicking element 'xpath=//*[@id="btn_AddSurvey"]'.</msg>
<status status="PASS" starttime="20230704 20:45:39.903" endtime="20230704 20:45:39.993"/>
</kw>
<status status="PASS" starttime="20230704 20:45:39.332" endtime="20230704 20:45:39.993"/>
</iter>
<iter>
<var name="${robot}">{'Village': 'Sirukalattur', 'Surveynumber': 119, 'Subdivisionnum': ''}</var>
<kw name="Select From List By Label" library="SeleniumLibrary">
<arg>name=cmb_Village</arg>
<arg>${robot["Village"]}</arg>
<doc>Selects options from selection list ``locator`` by ``labels``.</doc>
<msg timestamp="20230704 20:45:39.993" level="INFO">Selecting options from selection list 'name=cmb_Village' by label Sirukalattur.</msg>
<status status="PASS" starttime="20230704 20:45:39.993" endtime="20230704 20:45:40.228"/>
</kw>
<kw name="Input Text" library="SeleniumLibrary">
<arg>id=txt_SurveyNo</arg>
<arg>${robot["Surveynumber"]}</arg>
<doc>Types the given ``text`` into the text field identified by ``locator``.</doc>
<msg timestamp="20230704 20:45:40.231" level="INFO">Typing text '119' into text field 'id=txt_SurveyNo'.</msg>
<status status="PASS" starttime="20230704 20:45:40.228" endtime="20230704 20:45:40.381"/>
</kw>
<kw name="Input Text" library="SeleniumLibrary">
<arg>id=txt_SubDivisionNo</arg>
<arg>${robot["Subdivisionnum"]}</arg>
<doc>Types the given ``text`` into the text field identified by ``locator``.</doc>
<msg timestamp="20230704 20:45:40.381" level="INFO">Typing text '' into text field 'id=txt_SubDivisionNo'.</msg>
<status status="PASS" starttime="20230704 20:45:40.381" endtime="20230704 20:45:40.549"/>
</kw>
<kw name="Click Element" library="SeleniumLibrary">
<arg>xpath=//*[@id="btn_AddSurvey"]</arg>
<doc>Click the element identified by ``locator``.</doc>
<msg timestamp="20230704 20:45:40.549" level="INFO">Clicking element 'xpath=//*[@id="btn_AddSurvey"]'.</msg>
<status status="PASS" starttime="20230704 20:45:40.549" endtime="20230704 20:45:40.632"/>
</kw>
<status status="PASS" starttime="20230704 20:45:39.993" endtime="20230704 20:45:40.632"/>
</iter>
<iter>
<var name="${robot}">{'Village': 'Sirukalattur', 'Surveynumber': 120, 'Subdivisionnum': ''}</var>
<kw name="Select From List By Label" library="SeleniumLibrary">
<arg>name=cmb_Village</arg>
<arg>${robot["Village"]}</arg>
<doc>Selects options from selection list ``locator`` by ``labels``.</doc>
<msg timestamp="20230704 20:45:40.632" level="INFO">Selecting options from selection list 'name=cmb_Village' by label Sirukalattur.</msg>
<status status="PASS" starttime="20230704 20:45:40.632" endtime="20230704 20:45:40.852"/>
</kw>
<kw name="Input Text" library="SeleniumLibrary">
<arg>id=txt_SurveyNo</arg>
<arg>${robot["Surveynumber"]}</arg>
<doc>Types the given ``text`` into the text field identified by ``locator``.</doc>
<msg timestamp="20230704 20:45:40.852" level="INFO">Typing text '120' into text field 'id=txt_SurveyNo'.</msg>
<status status="PASS" starttime="20230704 20:45:40.852" endtime="20230704 20:45:40.986"/>
</kw>
<kw name="Input Text" library="SeleniumLibrary">
<arg>id=txt_SubDivisionNo</arg>
<arg>${robot["Subdivisionnum"]}</arg>
<doc>Types the given ``text`` into the text field identified by ``locator``.</doc>
<msg timestamp="20230704 20:45:40.995" level="INFO">Typing text '' into text field 'id=txt_SubDivisionNo'.</msg>
<status status="PASS" starttime="20230704 20:45:40.993" endtime="20230704 20:45:41.114"/>
</kw>
<kw name="Click Element" library="SeleniumLibrary">
<arg>xpath=//*[@id="btn_AddSurvey"]</arg>
<doc>Click the element identified by ``locator``.</doc>
<msg timestamp="20230704 20:45:41.115" level="INFO">Clicking element 'xpath=//*[@id="btn_AddSurvey"]'.</msg>
<status status="PASS" starttime="20230704 20:45:41.115" endtime="20230704 20:45:41.198"/>
</kw>
<status status="PASS" starttime="20230704 20:45:40.632" endtime="20230704 20:45:41.198"/>
</iter>
<iter>
<var name="${robot}">{'Village': 'Sirukalattur', 'Surveynumber': 121, 'Subdivisionnum': ''}</var>
<kw name="Select From List By Label" library="SeleniumLibrary">
<arg>name=cmb_Village</arg>
<arg>${robot["Village"]}</arg>
<doc>Selects options from selection list ``locator`` by ``labels``.</doc>
<msg timestamp="20230704 20:45:41.208" level="INFO">Selecting options from selection list 'name=cmb_Village' by label Sirukalattur.</msg>
<status status="PASS" starttime="20230704 20:45:41.208" endtime="20230704 20:45:41.439"/>
</kw>
<kw name="Input Text" library="SeleniumLibrary">
<arg>id=txt_SurveyNo</arg>
<arg>${robot["Surveynumber"]}</arg>
<doc>Types the given ``text`` into the text field identified by ``locator``.</doc>
<msg timestamp="20230704 20:45:41.439" level="INFO">Typing text '121' into text field 'id=txt_SurveyNo'.</msg>
<status status="PASS" starttime="20230704 20:45:41.439" endtime="20230704 20:45:41.583"/>
</kw>
<kw name="Input Text" library="SeleniumLibrary">
<arg>id=txt_SubDivisionNo</arg>
<arg>${robot["Subdivisionnum"]}</arg>
<doc>Types the given ``text`` into the text field identified by ``locator``.</doc>
<msg timestamp="20230704 20:45:41.586" level="INFO">Typing text '' into text field 'id=txt_SubDivisionNo'.</msg>
<status status="PASS" starttime="20230704 20:45:41.586" endtime="20230704 20:45:41.702"/>
</kw>
<kw name="Click Element" library="SeleniumLibrary">
<arg>xpath=//*[@id="btn_AddSurvey"]</arg>
<doc>Click the element identified by ``locator``.</doc>
<msg timestamp="20230704 20:45:41.702" level="INFO">Clicking element 'xpath=//*[@id="btn_AddSurvey"]'.</msg>
<status status="PASS" starttime="20230704 20:45:41.702" endtime="20230704 20:45:41.792"/>
</kw>
<status status="PASS" starttime="20230704 20:45:41.208" endtime="20230704 20:45:41.792"/>
</iter>
<iter>
<var name="${robot}">{'Village': 'Sirukalattur', 'Surveynumber': 122, 'Subdivisionnum': ''}</var>
<kw name="Select From List By Label" library="SeleniumLibrary">
<arg>name=cmb_Village</arg>
<arg>${robot["Village"]}</arg>
<doc>Selects options from selection list ``locator`` by ``labels``.</doc>
<msg timestamp="20230704 20:45:41.792" level="INFO">Selecting options from selection list 'name=cmb_Village' by label Sirukalattur.</msg>
<status status="PASS" starttime="20230704 20:45:41.792" endtime="20230704 20:45:42.008"/>
</kw>
<kw name="Input Text" library="SeleniumLibrary">
<arg>id=txt_SurveyNo</arg>
<arg>${robot["Surveynumber"]}</arg>
<doc>Types the given ``text`` into the text field identified by ``locator``.</doc>
<msg timestamp="20230704 20:45:42.012" level="INFO">Typing text '122' into text field 'id=txt_SurveyNo'.</msg>
<status status="PASS" starttime="20230704 20:45:42.009" endtime="20230704 20:45:42.158"/>
</kw>
<kw name="Input Text" library="SeleniumLibrary">
<arg>id=txt_SubDivisionNo</arg>
<arg>${robot["Subdivisionnum"]}</arg>
<doc>Types the given ``text`` into the text field identified by ``locator``.</doc>
<msg timestamp="20230704 20:45:42.159" level="INFO">Typing text '' into text field 'id=txt_SubDivisionNo'.</msg>
<status status="PASS" starttime="20230704 20:45:42.158" endtime="20230704 20:45:42.275"/>
</kw>
<kw name="Click Element" library="SeleniumLibrary">
<arg>xpath=//*[@id="btn_AddSurvey"]</arg>
<doc>Click the element identified by ``locator``.</doc>
<msg timestamp="20230704 20:45:42.275" level="INFO">Clicking element 'xpath=//*[@id="btn_AddSurvey"]'.</msg>
<status status="PASS" starttime="20230704 20:45:42.275" endtime="20230704 20:45:42.355"/>
</kw>
<status status="PASS" starttime="20230704 20:45:41.792" endtime="20230704 20:45:42.355"/>
</iter>
<iter>
<var name="${robot}">{'Village': 'Sirukalattur', 'Surveynumber': 123, 'Subdivisionnum': ''}</var>
<kw name="Select From List By Label" library="SeleniumLibrary">
<arg>name=cmb_Village</arg>
<arg>${robot["Village"]}</arg>
<doc>Selects options from selection list ``locator`` by ``labels``.</doc>
<msg timestamp="20230704 20:45:42.355" level="INFO">Selecting options from selection list 'name=cmb_Village' by label Sirukalattur.</msg>
<status status="PASS" starttime="20230704 20:45:42.355" endtime="20230704 20:45:42.582"/>
</kw>
<kw name="Input Text" library="SeleniumLibrary">
<arg>id=txt_SurveyNo</arg>
<arg>${robot["Surveynumber"]}</arg>
<doc>Types the given ``text`` into the text field identified by ``locator``.</doc>
<msg timestamp="20230704 20:45:42.585" level="INFO">Typing text '123' into text field 'id=txt_SurveyNo'.</msg>
<status status="PASS" starttime="20230704 20:45:42.582" endtime="20230704 20:45:42.741"/>
</kw>
<kw name="Input Text" library="SeleniumLibrary">
<arg>id=txt_SubDivisionNo</arg>
<arg>${robot["Subdivisionnum"]}</arg>
<doc>Types the given ``text`` into the text field identified by ``locator``.</doc>
<msg timestamp="20230704 20:45:42.747" level="INFO">Typing text '' into text field 'id=txt_SubDivisionNo'.</msg>
<status status="PASS" starttime="20230704 20:45:42.745" endtime="20230704 20:45:42.860"/>
</kw>
<kw name="Click Element" library="SeleniumLibrary">
<arg>xpath=//*[@id="btn_AddSurvey"]</arg>
<doc>Click the element identified by ``locator``.</doc>
<msg timestamp="20230704 20:45:42.860" level="INFO">Clicking element 'xpath=//*[@id="btn_AddSurvey"]'.</msg>
<status status="PASS" starttime="20230704 20:45:42.860" endtime="20230704 20:45:42.945"/>
</kw>
<status status="PASS" starttime="20230704 20:45:42.355" endtime="20230704 20:45:42.945"/>
</iter>
<iter>
<var name="${robot}">{'Village': 'Sirukalattur', 'Surveynumber': 124, 'Subdivisionnum': ''}</var>
<kw name="Select From List By Label" library="SeleniumLibrary">
<arg>name=cmb_Village</arg>
<arg>${robot["Village"]}</arg>
<doc>Selects options from selection list ``locator`` by ``labels``.</doc>
<msg timestamp="20230704 20:45:42.945" level="INFO">Selecting options from selection list 'name=cmb_Village' by label Sirukalattur.</msg>
<status status="PASS" starttime="20230704 20:45:42.945" endtime="20230704 20:45:43.185"/>
</kw>
<kw name="Input Text" library="SeleniumLibrary">
<arg>id=txt_SurveyNo</arg>
<arg>${robot["Surveynumber"]}</arg>
<doc>Types the given ``text`` into the text field identified by ``locator``.</doc>
<msg timestamp="20230704 20:45:43.188" level="INFO">Typing text '124' into text field 'id=txt_SurveyNo'.</msg>
<status status="PASS" starttime="20230704 20:45:43.185" endtime="20230704 20:45:43.334"/>
</kw>
<kw name="Input Text" library="SeleniumLibrary">
<arg>id=txt_SubDivisionNo</arg>
<arg>${robot["Subdivisionnum"]}</arg>
<doc>Types the given ``text`` into the text field identified by ``locator``.</doc>
<msg timestamp="20230704 20:45:43.341" level="INFO">Typing text '' into text field 'id=txt_SubDivisionNo'.</msg>
<status status="PASS" starttime="20230704 20:45:43.334" endtime="20230704 20:45:43.460"/>
</kw>
<kw name="Click Element" library="SeleniumLibrary">
<arg>xpath=//*[@id="btn_AddSurvey"]</arg>
<doc>Click the element identified by ``locator``.</doc>
<msg timestamp="20230704 20:45:43.460" level="INFO">Clicking element 'xpath=//*[@id="btn_AddSurvey"]'.</msg>
<status status="PASS" starttime="20230704 20:45:43.460" endtime="20230704 20:45:43.538"/>
</kw>
<status status="PASS" starttime="20230704 20:45:42.945" endtime="20230704 20:45:43.539"/>
</iter>
<status status="PASS" starttime="20230704 20:44:25.215" endtime="20230704 20:45:43.539"/>
</for>
<kw name="Sleep" library="BuiltIn">
<arg>10s</arg>
<doc>Pauses the test executed for the given time.</doc>
<msg timestamp="20230704 20:45:53.544" level="INFO">Slept 10 seconds</msg>
<status status="PASS" starttime="20230704 20:45:43.539" endtime="20230704 20:45:53.544"/>
</kw>
<kw name="Mouse Over" library="SeleniumLibrary">
<arg>xpath=//*[@id="incCaptcha"]</arg>
<doc>Simulates hovering the mouse over the element ``locator``.</doc>
<msg timestamp="20230704 20:45:53.545" level="INFO">Simulating Mouse Over on element 'xpath=//*[@id="incCaptcha"]'.</msg>
<status status="PASS" starttime="20230704 20:45:53.544" endtime="20230704 20:45:53.837"/>
</kw>
<kw name="Sleep" library="BuiltIn">
<arg>5s</arg>
<doc>Pauses the test executed for the given time.</doc>
<msg timestamp="20230704 20:45:58.843" level="INFO">Slept 5 seconds</msg>
<status status="PASS" starttime="20230704 20:45:53.837" endtime="20230704 20:45:58.844"/>
</kw>
<kw name="Wait Until Element Is Visible" library="SeleniumLibrary">
<arg>xpath=//*[@id="btn_SearchDoc"]</arg>
<doc>Waits until the element ``locator`` is visible.</doc>
<status status="PASS" starttime="20230704 20:45:58.844" endtime="20230704 20:45:58.884"/>
</kw>
<kw name="Click Element" library="SeleniumLibrary">
<arg>xpath=//*[@id="btn_SearchDoc"]</arg>
<doc>Click the element identified by ``locator``.</doc>
<msg timestamp="20230704 20:45:58.884" level="INFO">Clicking element 'xpath=//*[@id="btn_SearchDoc"]'.</msg>
<status status="PASS" starttime="20230704 20:45:58.884" endtime="20230704 20:45:59.045"/>
</kw>
<kw name="Sleep" library="BuiltIn">
<arg>50s</arg>
<doc>Pauses the test executed for the given time.</doc>
<msg timestamp="20230704 20:46:49.052" level="INFO">Slept 50 seconds</msg>
<status status="PASS" starttime="20230704 20:45:59.045" endtime="20230704 20:46:49.052"/>
</kw>
<kw name="Wait Until Element Is Visible" library="SeleniumLibrary">
<arg>//span[text()='Click here']</arg>
<doc>Waits until the element ``locator`` is visible.</doc>
<status status="PASS" starttime="20230704 20:46:49.052" endtime="20230704 20:46:49.115"/>
</kw>
<kw name="Click Element" library="SeleniumLibrary">
<arg>//span[text()='Click here']</arg>
<doc>Click the element identified by ``locator``.</doc>
<msg timestamp="20230704 20:46:49.115" level="INFO">Clicking element '//span[text()='Click here']'.</msg>
<status status="PASS" starttime="20230704 20:46:49.115" endtime="20230704 20:46:49.282"/>
</kw>
<kw name="Log To Console" library="BuiltIn">
<arg>Survey Details added successfully</arg>
<doc>Logs the given message to the console.</doc>
<status status="PASS" starttime="20230704 20:46:49.282" endtime="20230704 20:46:49.282"/>
</kw>
<kw name="Sleep" library="BuiltIn">
<arg>30s</arg>
<doc>Pauses the test executed for the given time.</doc>
<msg timestamp="20230704 20:47:19.287" level="INFO">Slept 30 seconds</msg>
<status status="PASS" starttime="20230704 20:46:49.282" endtime="20230704 20:47:19.287"/>
</kw>
<status status="PASS" starttime="20230704 20:44:25.202" endtime="20230704 20:47:19.287"/>
</kw>
<status status="PASS" starttime="20230704 20:44:23.955" endtime="20230704 20:47:19.287"/>
</kw>
<doc>Test3</doc>
<tag>smoke</tag>
<status status="PASS" starttime="20230704 20:44:23.955" endtime="20230704 20:47:19.287"/>
</test>
<status status="PASS" starttime="20230704 20:43:42.600" endtime="20230704 20:47:19.287"/>
</suite>
<statistics>
<total>
<stat pass="3" fail="0" skip="0">All Tests</stat>
</total>
<tag>
<stat pass="3" fail="0" skip="0">smoke</stat>
</tag>
<suite>
<stat pass="3" fail="0" skip="0" id="s1" name="Registration">Registration</stat>
</suite>
</statistics>
<errors>
</errors>
</robot>
